<?xml version="1.0" encoding="UTF-8"?>
<!-- Generated by org.testng.reporters.JUnitXMLReporter -->
<testsuite ignored="0" hostname="suba-pc" failures="1" tests="2" name="Default test" time="17.044" errors="0" timestamp="2024-04-28T22:42:22 EDT">
  <testcase classname="io.cucumber.testng.AbstractTestNGCucumberTests" name="runScenario" time="13.612">
    <failure type="org.openqa.selenium.ElementClickInterceptedException" message="element click intercepted: Element &amp;lt;span class=&amp;quot;p-paginator-icon pi pi-angle-right&amp;quot;&amp;gt;&amp;lt;/span&amp;gt; is not clickable at point (1169, 505). Other element would receive the click: &amp;lt;div class=&amp;quot;p-paginator-bottom p-paginator p-component ng-star-inserted&amp;quot;&amp;gt;...&amp;lt;/div&amp;gt;
  (Session info: MicrosoftEdge=124.0.2478.51)
Build info: version: &amp;apos;4.19.1&amp;apos;, revision: &amp;apos;abe0ee07dc&amp;apos;
System info: os.name: &amp;apos;Windows 11&amp;apos;, os.arch: &amp;apos;amd64&amp;apos;, os.version: &amp;apos;10.0&amp;apos;, java.version: &amp;apos;17.0.7&amp;apos;
Driver info: org.openqa.selenium.edge.EdgeDriver
Command: [379cfee71d2c3b7771abe181e197f384, clickElement {id=f.232FA7F1423D5A8DE58AA017162547E4.d.2233F3E51CDEBD2713A69DD4E74C1571.e.131}]
Capabilities {acceptInsecureCerts: false, browserName: MicrosoftEdge, browserVersion: 124.0.2478.51, fedcm:accounts: true, ms:edgeOptions: {debuggerAddress: localhost:50850}, msedge: {msedgedriverVersion: 124.0.2478.67 (d385ef2844e0..., userDataDir: C:\Users\subas\AppData\Loca...}, networkConnectionEnabled: false, pageLoadStrategy: normal, platformName: windows, proxy: Proxy(), se:cdp: ws://localhost:50850/devtoo..., se:cdpVersion: 124.0.2478.51, setWindowRect: true, strictFileInteractability: false, timeouts: {implicit: 0, pageLoad: 300000, script: 30000}, unhandledPromptBehavior: dismiss and notify, webauthn:extension:credBlob: true, webauthn:extension:largeBlob: true, webauthn:extension:minPinLength: true, webauthn:extension:prf: true, webauthn:virtualAuthenticators: true}
Element: [[EdgeDriver: MicrosoftEdge on windows (379cfee71d2c3b7771abe181e197f384)] -&amp;gt; xpath: //span[@class=&amp;apos;p-paginator-icon pi pi-angle-right&amp;apos;]]
Session ID: 379cfee71d2c3b7771abe181e197f384">
      <![CDATA[org.openqa.selenium.ElementClickInterceptedException: element click intercepted: Element <span class="p-paginator-icon pi pi-angle-right"></span> is not clickable at point (1169, 505). Other element would receive the click: <div class="p-paginator-bottom p-paginator p-component ng-star-inserted">...</div>
  (Session info: MicrosoftEdge=124.0.2478.51)
Build info: version: '4.19.1', revision: 'abe0ee07dc'
System info: os.name: 'Windows 11', os.arch: 'amd64', os.version: '10.0', java.version: '17.0.7'
Driver info: org.openqa.selenium.edge.EdgeDriver
Command: [379cfee71d2c3b7771abe181e197f384, clickElement {id=f.232FA7F1423D5A8DE58AA017162547E4.d.2233F3E51CDEBD2713A69DD4E74C1571.e.131}]
Capabilities {acceptInsecureCerts: false, browserName: MicrosoftEdge, browserVersion: 124.0.2478.51, fedcm:accounts: true, ms:edgeOptions: {debuggerAddress: localhost:50850}, msedge: {msedgedriverVersion: 124.0.2478.67 (d385ef2844e0..., userDataDir: C:\Users\subas\AppData\Loca...}, networkConnectionEnabled: false, pageLoadStrategy: normal, platformName: windows, proxy: Proxy(), se:cdp: ws://localhost:50850/devtoo..., se:cdpVersion: 124.0.2478.51, setWindowRect: true, strictFileInteractability: false, timeouts: {implicit: 0, pageLoad: 300000, script: 30000}, unhandledPromptBehavior: dismiss and notify, webauthn:extension:credBlob: true, webauthn:extension:largeBlob: true, webauthn:extension:minPinLength: true, webauthn:extension:prf: true, webauthn:virtualAuthenticators: true}
Element: [[EdgeDriver: MicrosoftEdge on windows (379cfee71d2c3b7771abe181e197f384)] -> xpath: //span[@class='p-paginator-icon pi pi-angle-right']]
Session ID: 379cfee71d2c3b7771abe181e197f384
at java.base/jdk.internal.reflect.NativeConstructorAccessorImpl.newInstance0(Native Method)
at java.base/jdk.internal.reflect.NativeConstructorAccessorImpl.newInstance(NativeConstructorAccessorImpl.java:77)
at java.base/jdk.internal.reflect.DelegatingConstructorAccessorImpl.newInstance(DelegatingConstructorAccessorImpl.java:45)
at java.base/java.lang.reflect.Constructor.newInstanceWithCaller(Constructor.java:499)
at java.base/java.lang.reflect.Constructor.newInstance(Constructor.java:480)
at org.openqa.selenium.remote.ErrorCodec.decode(ErrorCodec.java:167)
at org.openqa.selenium.remote.codec.w3c.W3CHttpResponseCodec.decode(W3CHttpResponseCodec.java:138)
at org.openqa.selenium.remote.codec.w3c.W3CHttpResponseCodec.decode(W3CHttpResponseCodec.java:50)
at org.openqa.selenium.remote.HttpCommandExecutor.execute(HttpCommandExecutor.java:190)
at org.openqa.selenium.remote.service.DriverCommandExecutor.invokeExecute(DriverCommandExecutor.java:216)
at org.openqa.selenium.remote.service.DriverCommandExecutor.execute(DriverCommandExecutor.java:174)
at org.openqa.selenium.remote.RemoteWebDriver.execute(RemoteWebDriver.java:518)
at org.openqa.selenium.remote.RemoteWebElement.execute(RemoteWebElement.java:223)
at org.openqa.selenium.remote.RemoteWebElement.click(RemoteWebElement.java:76)
at java.base/jdk.internal.reflect.NativeMethodAccessorImpl.invoke0(Native Method)
at java.base/jdk.internal.reflect.NativeMethodAccessorImpl.invoke(NativeMethodAccessorImpl.java:77)
at java.base/jdk.internal.reflect.DelegatingMethodAccessorImpl.invoke(DelegatingMethodAccessorImpl.java:43)
at java.base/java.lang.reflect.Method.invoke(Method.java:568)
at org.openqa.selenium.support.pagefactory.internal.LocatingElementHandler.invoke(LocatingElementHandler.java:51)
at jdk.proxy2/jdk.proxy2.$Proxy38.click(Unknown Source)
at pageObjects.BatchPage.verifyDeletedBatches(BatchPage.java:571)
at stepDefinitions.DeleteBatch_SD.the_respective_row_in_the_data_table_is_deleted(DeleteBatch_SD.java:97)
at ✽.The respective row in the data table is deleted(file:///C:/Users/subas/EclipseLMSPractice/Team15_SeleniumTribe_LMSUIHackathon_Apr24/src/test/resources/Features/B_BatchModule/DeleteMultipleBatches.feature:24)
]]>
    </failure>
  </testcase> <!-- runScenario -->
  <testcase classname="io.cucumber.testng.AbstractTestNGCucumberTests" name="runScenario" time="1.478"/>
</testsuite> <!-- Default test -->
