<?xml version="1.0" encoding="UTF-8"?>
<testsuite xmlns:xsi="http://www.w3.org/2001/XMLSchema-instance" xsi:noNamespaceSchemaLocation="https://maven.apache.org/surefire/maven-surefire-plugin/xsd/surefire-test-report-3.0.xsd" version="3.0" name="TestSuite" time="6.132" tests="4" errors="0" skipped="0" failures="0">
  <properties>
[...]
</properties>
  <testcase name="runScenario[&quot;Successfull login with valid credentials&quot;, &quot;Admin login to the application with valid data&quot;](1)" classname="runner.TestRunner" time="2.363">
    <system-out><![CDATA[BROWSER RUNNING : Edge
BROWSER RUNNING : Chrome
broeserTYpe from Testrunner inside browsermanager : Chrome  CHROME
broeserTYpe from Testrunner inside browsermanager : Edge  EDGE
broeserTYpe from Testrunner inside browsermanager : Chrome  CHROME
driver initialization : ChromeDriver: chrome on windows (570d7795cd6cbdbd121de16c2fac78a5)
from hooks end
broeserTYpe from Testrunner inside browsermanager : Chrome  CHROME
[INFO ] 2024-04-24 01:40:10.372 [TestNG-tests-1] LoginPage_SD - WEbsite is opened
[ERROR] 2024-04-24 01:40:10.378 [TestNG-tests-1] LoginPage_SD - An error occurred: {}
[ERROR] 2024-04-24 01:40:10.380 [TestNG-tests-1] LoginPage_SD - An error occurred: {}
]]></system-out>
    <system-err><![CDATA[Apr 24, 2024 1:40:10 AM org.openqa.selenium.devtools.CdpVersionFinder findNearestMatch
WARNING: Unable to find an exact match for CDP version 124, returning the closest version; found: 123; Please update to a Selenium version that supports CDP version 124
]]></system-err>
  </testcase>
  <testcase name="runScenario[&quot;Successfull login with valid credentials&quot;, &quot;Admin login to the application with valid data&quot;](1)" classname="runner.TestRunner" time="1.488">
    <system-out><![CDATA[broeserTYpe from Testrunner inside browsermanager : Edge  EDGE
driver initialization : EdgeDriver: MicrosoftEdge on windows (9dd9a134543e1c52cc6ed58d700bf6ea)
from hooks end
broeserTYpe from Testrunner inside browsermanager : Edge  EDGE
[INFO ] 2024-04-24 01:40:11.939 [TestNG-tests-2] LoginPage_SD - WEbsite is opened
[ERROR] 2024-04-24 01:40:11.939 [TestNG-tests-2] LoginPage_SD - An error occurred: {}
[ERROR] 2024-04-24 01:40:11.945 [TestNG-tests-2] LoginPage_SD - An error occurred: {}
]]></system-out>
    <system-err><![CDATA[Apr 24, 2024 1:40:11 AM org.openqa.selenium.devtools.CdpVersionFinder findNearestMatch
WARNING: Unable to find an exact match for CDP version 124, returning the closest version; found: 123; Please update to a Selenium version that supports CDP version 124
&amp#27;[32m&amp#27;[1m┌──────────────────────────────────────────────────────────────────────────┐&amp#27;[0m
&amp#27;[32m&amp#27;[1m│&amp#27;[0m View your Cucumber Report at:                                            &amp#27;[32m&amp#27;[1m│&amp#27;[0m
&amp#27;[32m&amp#27;[1m│&amp#27;[0m &amp#27;[1m&amp#27;[36m&amp#27;[4mhttps://reports.cucumber.io/reports/1fe31cde-4674-45ca-adcb-0b01c984a703&amp#27;[0m &amp#27;[32m&amp#27;[1m│&amp#27;[0m
&amp#27;[32m&amp#27;[1m│&amp#27;[0m                                                                          &amp#27;[32m&amp#27;[1m│&amp#27;[0m
&amp#27;[32m&amp#27;[1m│&amp#27;[0m &amp#27;[1mThis report will self-destruct in 24h.&amp#27;[0m                                   &amp#27;[32m&amp#27;[1m│&amp#27;[0m
&amp#27;[32m&amp#27;[1m│&amp#27;[0m Keep reports forever: &amp#27;[4m&amp#27;[1m&amp#27;[36mhttps://reports.cucumber.io/profile&amp#27;[0m                &amp#27;[32m&amp#27;[1m│&amp#27;[0m
&amp#27;[32m&amp#27;[1m└──────────────────────────────────────────────────────────────────────────┘&amp#27;[0m]]></system-err>
  </testcase>
  <testcase name="runScenario[&quot;Successful logout&quot;, &quot;Admin login to the application with valid data&quot;](2)" classname="runner.TestRunner" time="0.083">
    <system-out><![CDATA[broeserTYpe from Testrunner inside browsermanager : Chrome  CHROME
broeserTYpe from Testrunner inside browsermanager : Chrome  CHROME
driver initialization : ChromeDriver: chrome on windows (570d7795cd6cbdbd121de16c2fac78a5)
from hooks end
broeserTYpe from Testrunner inside browsermanager : Chrome  CHROME
[INFO ] 2024-04-24 01:40:10.543 [TestNG-tests-1] LoginPage_SD - WEbsite is opened
[ERROR] 2024-04-24 01:40:10.544 [TestNG-tests-1] LoginPage_SD - An error occurred: {}
]]></system-out>
  </testcase>
  <testcase name="runScenario[&quot;Successful logout&quot;, &quot;Admin login to the application with valid data&quot;](2)" classname="runner.TestRunner" time="0.084">
    <system-out><![CDATA[broeserTYpe from Testrunner inside browsermanager : Edge  EDGE
broeserTYpe from Testrunner inside browsermanager : Edge  EDGE
driver initialization : EdgeDriver: MicrosoftEdge on windows (9dd9a134543e1c52cc6ed58d700bf6ea)
from hooks end
broeserTYpe from Testrunner inside browsermanager : Edge  EDGE
[INFO ] 2024-04-24 01:40:12.042 [TestNG-tests-2] LoginPage_SD - WEbsite is opened
[ERROR] 2024-04-24 01:40:12.043 [TestNG-tests-2] LoginPage_SD - An error occurred: {}
]]></system-out>
  </testcase>
</testsuite>