<?xml version="1.0" encoding="UTF-8"?>
<testsuite xmlns:xsi="http://www.w3.org/2001/XMLSchema-instance" xsi:noNamespaceSchemaLocation="https://maven.apache.org/surefire/maven-surefire-plugin/xsd/surefire-test-report-3.0.xsd" version="3.0" name="TestSuite" time="23.758" tests="12" errors="0" skipped="0" failures="4">
  <properties>
[...]
</properties>
  <testcase name="runScenario[&quot;Validates Sorting(data ordering) on the Program Data table&quot;, &quot;Sorting(Data Ordering) Validation&quot;](1)" classname="runner.TestRunner" time="6.449">
    <system-out><![CDATA[chrome
chrome
[INFO ] 2024-04-26 19:24:02.109 [TestNG-tests-1] WebDriverManager - Using chromedriver 124.0.6367.91 (resolved driver for Chrome 124)
[INFO ] 2024-04-26 19:24:02.109 [TestNG-tests-2] WebDriverManager - Using chromedriver 124.0.6367.91 (resolved driver for Chrome 124)
[INFO ] 2024-04-26 19:24:02.142 [TestNG-tests-1] WebDriverManager - Exporting webdriver.chrome.driver as C:\Users\chand\.cache\selenium\chromedriver\win64\124.0.6367.91\chromedriver.exe
[INFO ] 2024-04-26 19:24:02.142 [TestNG-tests-2] WebDriverManager - Exporting webdriver.chrome.driver as C:\Users\chand\.cache\selenium\chromedriver\win64\124.0.6367.91\chromedriver.exe
chrome
chrome
chrome
chrome
chrome
chrome
Driver object : ChromeDriver: chrome on windows (12e367d83f4c25088a1d7d37b59e0548)
*** this is testcontext: ****context.TestContext@2694fe4c
chrome
****This is the loginpage: ChromeDriver: chrome on windows (12e367d83f4c25088a1d7d37b59e0548)
Driver object : ChromeDriver: chrome on windows (fb080080c7f2a3857898be431a546956)
*** this is testcontext: ****context.TestContext@6dc0096d
chrome
****This is the loginpage: ChromeDriver: chrome on windows (fb080080c7f2a3857898be431a546956)
[INFO ] 2024-04-26 19:24:07.450 [TestNG-tests-1] LoggerLoad - Web Table is dislayed
Sdet156
[INFO ] 2024-04-26 19:24:07.904 [TestNG-tests-1] LoggerLoad - Program name is sorted in ascending order
]]></system-out>
    <system-err><![CDATA[Apr 26, 2024 7:24:03 PM org.openqa.selenium.devtools.CdpVersionFinder findNearestMatch
WARNING: Unable to find an exact match for CDP version 124, returning the closest version; found: 123; Please update to a Selenium version that supports CDP version 124
Apr 26, 2024 7:24:03 PM org.openqa.selenium.devtools.CdpVersionFinder findNearestMatch
WARNING: Unable to find an exact match for CDP version 124, returning the closest version; found: 123; Please update to a Selenium version that supports CDP version 124
]]></system-err>
  </testcase>
  <testcase name="runScenario[&quot;Validates Sorting(data ordering) on the Program Data table&quot;, &quot;Sorting(Data Ordering) Validation&quot;](1)" classname="runner.TestRunner" time="0.741">
    <system-out><![CDATA[chrome
chrome
chrome
chrome
[INFO ] 2024-04-26 19:24:08.305 [TestNG-tests-2] LoggerLoad - Web Table is dislayed
Driver object : ChromeDriver: chrome on windows (12e367d83f4c25088a1d7d37b59e0548)
*** this is testcontext: ****context.TestContext@7dfdd8fa
chrome
Sdet156
[INFO ] 2024-04-26 19:24:08.769 [TestNG-tests-2] LoggerLoad - Program name is sorted in ascending order
]]></system-out>
  </testcase>
  <testcase name="runScenario[&quot;Validates Sorting(data ordering) on the Program Data table&quot;, &quot;Sorting(Data Ordering) Validation&quot;](2)" classname="runner.TestRunner" time="0.807">
    <system-out><![CDATA[****This is the loginpage: ChromeDriver: chrome on windows (12e367d83f4c25088a1d7d37b59e0548)
chrome
chrome
chrome
chrome
Driver object : ChromeDriver: chrome on windows (fb080080c7f2a3857898be431a546956)
*** this is testcontext: ****context.TestContext@7971efa2
chrome
****This is the loginpage: ChromeDriver: chrome on windows (fb080080c7f2a3857898be431a546956)
]]></system-out>
  </testcase>
  <testcase name="runScenario[&quot;Validates Sorting(data ordering) on the Program Data table&quot;, &quot;Sorting(Data Ordering) Validation&quot;](2)" classname="runner.TestRunner" time="1.146">
    <system-out><![CDATA[chrome
chrome
chrome
chrome
Driver object : ChromeDriver: chrome on windows (12e367d83f4c25088a1d7d37b59e0548)
*** this is testcontext: ****context.TestContext@18ac74e4
chrome
****This is the loginpage: ChromeDriver: chrome on windows (12e367d83f4c25088a1d7d37b59e0548)
]]></system-out>
  </testcase>
  <testcase name="runScenario[&quot;Validates Sorting(data ordering) on the Program Data table&quot;, &quot;Sorting(Data Ordering) Validation&quot;](3)" classname="runner.TestRunner" time="3.416">
    <failure message="expected [true] but found [false]" type="java.lang.AssertionError"><![CDATA[java.lang.AssertionError: expected [true] but found [false]
	at org.testng.Assert.fail(Assert.java:110)
	at org.testng.Assert.failNotEquals(Assert.java:1577)
	at org.testng.Assert.assertTrue(Assert.java:56)
	at org.testng.Assert.assertTrue(Assert.java:66)
	at pageObjects.ValidateSortingProgramTable.programDescAscendingOrder(ValidateSortingProgramTable.java:93)
	at stepDefinitions.ManageProgramPage_SD.admin_clicks_the_sort_icon_of_program_desc_column(ManageProgramPage_SD.java:162)
	at ✽.Admin clicks the sort icon of program Desc column(file:///C:/Users/chand/git/LMS-Hackathon-Team-15/src/test/resources/Features/ProgramModule/02_Sorting_DataOrdering_Validation.feature:19)
]]></failure>
    <system-out><![CDATA[chrome
chrome
chrome
chrome
Driver object : ChromeDriver: chrome on windows (fb080080c7f2a3857898be431a546956)
*** this is testcontext: ****context.TestContext@83af1e
chrome
****This is the loginpage: ChromeDriver: chrome on windows (fb080080c7f2a3857898be431a546956)
]]></system-out>
  </testcase>
  <testcase name="runScenario[&quot;Validates Sorting(data ordering) on the Program Data table&quot;, &quot;Sorting(Data Ordering) Validation&quot;](3)" classname="runner.TestRunner" time="1.163">
    <failure message="expected [true] but found [false]" type="java.lang.AssertionError"><![CDATA[java.lang.AssertionError: expected [true] but found [false]
	at org.testng.Assert.fail(Assert.java:110)
	at org.testng.Assert.failNotEquals(Assert.java:1577)
	at org.testng.Assert.assertTrue(Assert.java:56)
	at org.testng.Assert.assertTrue(Assert.java:66)
	at pageObjects.ValidateSortingProgramTable.programDescAscendingOrder(ValidateSortingProgramTable.java:93)
	at stepDefinitions.ManageProgramPage_SD.admin_clicks_the_sort_icon_of_program_desc_column(ManageProgramPage_SD.java:162)
	at ✽.Admin clicks the sort icon of program Desc column(file:///C:/Users/chand/git/LMS-Hackathon-Team-15/src/test/resources/Features/ProgramModule/02_Sorting_DataOrdering_Validation.feature:19)
]]></failure>
    <system-out><![CDATA[chrome
chrome
chrome
chrome
Driver object : ChromeDriver: chrome on windows (12e367d83f4c25088a1d7d37b59e0548)
*** this is testcontext: ****context.TestContext@6f71dee1
chrome
****This is the loginpage: ChromeDriver: chrome on windows (12e367d83f4c25088a1d7d37b59e0548)
]]></system-out>
  </testcase>
  <testcase name="runScenario[&quot;Validates Sorting(data ordering) on the Program Data table&quot;, &quot;Sorting(Data Ordering) Validation&quot;](4)" classname="runner.TestRunner" time="3.224">
    <failure message="expected [true] but found [false]" type="java.lang.AssertionError"><![CDATA[java.lang.AssertionError: expected [true] but found [false]
	at org.testng.Assert.fail(Assert.java:110)
	at org.testng.Assert.failNotEquals(Assert.java:1577)
	at org.testng.Assert.assertTrue(Assert.java:56)
	at org.testng.Assert.assertTrue(Assert.java:66)
	at pageObjects.ValidateSortingProgramTable.programDescAscendingOrder(ValidateSortingProgramTable.java:93)
	at stepDefinitions.ManageProgramPage_SD.admin_clicks_the_sort_icon_of_program_desc_column(ManageProgramPage_SD.java:162)
	at ✽.Admin clicks the sort icon of program Desc column(file:///C:/Users/chand/git/LMS-Hackathon-Team-15/src/test/resources/Features/ProgramModule/02_Sorting_DataOrdering_Validation.feature:24)
]]></failure>
    <system-out><![CDATA[chrome
chrome
chrome
chrome
Driver object : ChromeDriver: chrome on windows (fb080080c7f2a3857898be431a546956)
*** this is testcontext: ****context.TestContext@3431f984
chrome
****This is the loginpage: ChromeDriver: chrome on windows (fb080080c7f2a3857898be431a546956)
]]></system-out>
  </testcase>
  <testcase name="runScenario[&quot;Validates Sorting(data ordering) on the Program Data table&quot;, &quot;Sorting(Data Ordering) Validation&quot;](4)" classname="runner.TestRunner" time="0.299">
    <failure message="expected [true] but found [false]" type="java.lang.AssertionError"><![CDATA[java.lang.AssertionError: expected [true] but found [false]
	at org.testng.Assert.fail(Assert.java:110)
	at org.testng.Assert.failNotEquals(Assert.java:1577)
	at org.testng.Assert.assertTrue(Assert.java:56)
	at org.testng.Assert.assertTrue(Assert.java:66)
	at pageObjects.ValidateSortingProgramTable.programDescAscendingOrder(ValidateSortingProgramTable.java:93)
	at stepDefinitions.ManageProgramPage_SD.admin_clicks_the_sort_icon_of_program_desc_column(ManageProgramPage_SD.java:162)
	at ✽.Admin clicks the sort icon of program Desc column(file:///C:/Users/chand/git/LMS-Hackathon-Team-15/src/test/resources/Features/ProgramModule/02_Sorting_DataOrdering_Validation.feature:24)
]]></failure>
    <system-out><![CDATA[chrome
chrome
chrome
chrome
]]></system-out>
  </testcase>
  <testcase name="runScenario[&quot;Validates Sorting(data ordering) on the Program Data table&quot;, &quot;Sorting(Data Ordering) Validation&quot;](5)" classname="runner.TestRunner" time="1.008">
    <system-out><![CDATA[chrome
chrome
chrome
chrome
Driver object : ChromeDriver: chrome on windows (12e367d83f4c25088a1d7d37b59e0548)
*** this is testcontext: ****context.TestContext@491cff5f
chrome
****This is the loginpage: ChromeDriver: chrome on windows (12e367d83f4c25088a1d7d37b59e0548)
]]></system-out>
  </testcase>
  <testcase name="runScenario[&quot;Validates Sorting(data ordering) on the Program Data table&quot;, &quot;Sorting(Data Ordering) Validation&quot;](5)" classname="runner.TestRunner" time="1.036"/>
  <testcase name="runScenario[&quot;Validates Sorting(data ordering) on the Program Data table&quot;, &quot;Sorting(Data Ordering) Validation&quot;](6)" classname="runner.TestRunner" time="0.768">
    <system-out><![CDATA[chrome
chrome
chrome
chrome
Driver object : ChromeDriver: chrome on windows (12e367d83f4c25088a1d7d37b59e0548)
*** this is testcontext: ****context.TestContext@2b25eb63
chrome
****This is the loginpage: ChromeDriver: chrome on windows (12e367d83f4c25088a1d7d37b59e0548)
Driver object : ChromeDriver: chrome on windows (fb080080c7f2a3857898be431a546956)
*** this is testcontext: ****context.TestContext@4adc2d73
chrome
****This is the loginpage: ChromeDriver: chrome on windows (fb080080c7f2a3857898be431a546956)
]]></system-out>
  </testcase>
  <testcase name="runScenario[&quot;Validates Sorting(data ordering) on the Program Data table&quot;, &quot;Sorting(Data Ordering) Validation&quot;](6)" classname="runner.TestRunner" time="1.047">
    <system-out><![CDATA[chrome
chrome
chrome
chrome
Driver object : ChromeDriver: chrome on windows (fb080080c7f2a3857898be431a546956)
*** this is testcontext: ****context.TestContext@3887b0ba
chrome
****This is the loginpage: ChromeDriver: chrome on windows (fb080080c7f2a3857898be431a546956)
]]></system-out>
  </testcase>
</testsuite>