<?xml version="1.0" encoding="UTF-8"?>
<testng-results ignored="0" total="2" passed="2" failed="0" skipped="0">
  <reporter-output>
  </reporter-output>
  <suite started-at="2024-05-01T00:47:19 EDT" name="parallel test Suite" finished-at="2024-05-01T00:48:10 EDT" duration-ms="50191">
    <groups>
      <group name="cucumber">
        <method signature="AbstractTestNGCucumberTests.runScenario(io.cucumber.testng.PickleWrapper,io.cucumber.testng.FeatureWrapper)[pri:0, instance:runner.TestRunner@29a60c27]" name="runScenario" class="io.cucumber.testng.AbstractTestNGCucumberTests"/>
        <method signature="AbstractTestNGCucumberTests.runScenario(io.cucumber.testng.PickleWrapper,io.cucumber.testng.FeatureWrapper)[pri:0, instance:runner.TestRunner@10c8f62]" name="runScenario" class="io.cucumber.testng.AbstractTestNGCucumberTests"/>
      </group> <!-- cucumber -->
    </groups>
    <test started-at="2024-05-01T00:47:19 EDT" name="TestEdge" finished-at="2024-05-01T00:47:41 EDT" duration-ms="21223">
      <class name="runner.TestRunner">
        <test-method is-config="true" signature="browserType(java.lang.String)[pri:0, instance:runner.TestRunner@10c8f62]" started-at="2024-05-01T00:47:19 EDT" name="browserType" finished-at="2024-05-01T00:47:19 EDT" duration-ms="27" status="PASS">
          <params>
            <param index="0">
              <value>
                <![CDATA[Edge]]>
              </value>
            </param>
          </params>
          <reporter-output>
          </reporter-output>
        </test-method> <!-- browserType -->
        <test-method is-config="true" signature="setUpClass(org.testng.ITestContext)[pri:0, instance:runner.TestRunner@10c8f62]" started-at="2024-05-01T00:47:19 EDT" name="setUpClass" finished-at="2024-05-01T00:47:20 EDT" duration-ms="628" status="PASS">
          <params>
            <param index="0">
              <value>
                <![CDATA[org.testng.TestRunner@35d6ca49]]>
              </value>
            </param>
          </params>
          <reporter-output>
          </reporter-output>
        </test-method> <!-- setUpClass -->
        <test-method signature="runScenario(io.cucumber.testng.PickleWrapper,io.cucumber.testng.FeatureWrapper)[pri:0, instance:runner.TestRunner@10c8f62]" started-at="2024-05-01T00:47:20 EDT" name="runScenario" description="Runs Cucumber Scenarios" data-provider="scenarios" finished-at="2024-05-01T00:47:39 EDT" duration-ms="18811" status="PASS">
          <params>
            <param index="0">
              <value>
                <![CDATA["Admin adds a new Batch with mandatory fields with valid data"]]>
              </value>
            </param>
            <param index="1">
              <value>
                <![CDATA["Add new batch"]]>
              </value>
            </param>
          </params>
          <reporter-output>
          </reporter-output>
        </test-method> <!-- runScenario -->
        <test-method is-config="true" signature="tearDownClass()[pri:0, instance:runner.TestRunner@10c8f62]" started-at="2024-05-01T00:47:39 EDT" name="tearDownClass" finished-at="2024-05-01T00:47:41 EDT" duration-ms="1515" status="PASS">
          <reporter-output>
          </reporter-output>
        </test-method> <!-- tearDownClass -->
      </class> <!-- runner.TestRunner -->
    </test> <!-- TestEdge -->
    <test started-at="2024-05-01T00:47:19 EDT" name="TestChrome" finished-at="2024-05-01T00:48:10 EDT" duration-ms="50191">
      <class name="runner.TestRunner">
        <test-method is-config="true" signature="browserType(java.lang.String)[pri:0, instance:runner.TestRunner@29a60c27]" started-at="2024-05-01T00:47:19 EDT" name="browserType" finished-at="2024-05-01T00:47:19 EDT" duration-ms="27" status="PASS">
          <params>
            <param index="0">
              <value>
                <![CDATA[Chrome]]>
              </value>
            </param>
          </params>
          <reporter-output>
          </reporter-output>
        </test-method> <!-- browserType -->
        <test-method is-config="true" signature="setUpClass(org.testng.ITestContext)[pri:0, instance:runner.TestRunner@29a60c27]" started-at="2024-05-01T00:47:19 EDT" name="setUpClass" finished-at="2024-05-01T00:47:20 EDT" duration-ms="628" status="PASS">
          <params>
            <param index="0">
              <value>
                <![CDATA[org.testng.TestRunner@56e07a08]]>
              </value>
            </param>
          </params>
          <reporter-output>
          </reporter-output>
        </test-method> <!-- setUpClass -->
        <test-method signature="runScenario(io.cucumber.testng.PickleWrapper,io.cucumber.testng.FeatureWrapper)[pri:0, instance:runner.TestRunner@29a60c27]" started-at="2024-05-01T00:47:20 EDT" name="runScenario" description="Runs Cucumber Scenarios" data-provider="scenarios" finished-at="2024-05-01T00:48:09 EDT" duration-ms="48499" status="PASS">
          <params>
            <param index="0">
              <value>
                <![CDATA["Admin adds a new Batch with mandatory fields with valid data"]]>
              </value>
            </param>
            <param index="1">
              <value>
                <![CDATA["Add new batch"]]>
              </value>
            </param>
          </params>
          <reporter-output>
          </reporter-output>
        </test-method> <!-- runScenario -->
        <test-method is-config="true" signature="tearDownClass()[pri:0, instance:runner.TestRunner@29a60c27]" started-at="2024-05-01T00:48:09 EDT" name="tearDownClass" finished-at="2024-05-01T00:48:10 EDT" duration-ms="986" status="PASS">
          <reporter-output>
          </reporter-output>
        </test-method> <!-- tearDownClass -->
      </class> <!-- runner.TestRunner -->
    </test> <!-- TestChrome -->
  </suite> <!-- parallel test Suite -->
</testng-results>
