<?xml version="1.0" encoding="UTF-8"?>
<testng-results ignored="0" total="93" passed="79" failed="14" skipped="0">
  <reporter-output>
  </reporter-output>
  <suite started-at="2024-05-02T00:09:10 CDT" name="Default suite" finished-at="2024-05-02T00:24:20 CDT" duration-ms="910196">
    <groups>
      <group name="cucumber">
        <method signature="AbstractTestNGCucumberTests.runScenario(io.cucumber.testng.PickleWrapper,io.cucumber.testng.FeatureWrapper)[pri:0, instance:runner.TestRunner@3af4e0bf]" name="runScenario" class="io.cucumber.testng.AbstractTestNGCucumberTests"/>
      </group> <!-- cucumber -->
    </groups>
    <test started-at="2024-05-02T00:09:10 CDT" name="Default test" finished-at="2024-05-02T00:24:20 CDT" duration-ms="910196">
      <class name="runner.TestRunner">
        <test-method is-config="true" signature="browserType(java.lang.String)[pri:0, instance:runner.TestRunner@3af4e0bf]" started-at="2024-05-02T00:09:10 CDT" name="browserType" finished-at="2024-05-02T00:09:10 CDT" duration-ms="35" status="PASS">
          <params>
            <param index="0">
              <value>
                <![CDATA[chrome]]>
              </value>
            </param>
          </params>
          <reporter-output>
          </reporter-output>
        </test-method> <!-- browserType -->
        <test-method is-config="true" signature="setUpClass(org.testng.ITestContext)[pri:0, instance:runner.TestRunner@3af4e0bf]" started-at="2024-05-02T00:09:10 CDT" name="setUpClass" finished-at="2024-05-02T00:09:11 CDT" duration-ms="1080" status="PASS">
          <params>
            <param index="0">
              <value>
                <![CDATA[org.testng.TestRunner@1fca503]]>
              </value>
            </param>
          </params>
          <reporter-output>
          </reporter-output>
        </test-method> <!-- setUpClass -->
        <test-method signature="runScenario(io.cucumber.testng.PickleWrapper,io.cucumber.testng.FeatureWrapper)[pri:0, instance:runner.TestRunner@3af4e0bf]" started-at="2024-05-02T00:09:11 CDT" name="runScenario" description="Runs Cucumber Scenarios" data-provider="scenarios" finished-at="2024-05-02T00:09:26 CDT" duration-ms="14845" status="PASS">
          <params>
            <param index="0">
              <value>
                <![CDATA["Validate landing in User page"]]>
              </value>
            </param>
            <param index="1">
              <value>
                <![CDATA["User Page Validation"]]>
              </value>
            </param>
          </params>
          <reporter-output>
          </reporter-output>
        </test-method> <!-- runScenario -->
        <test-method signature="runScenario(io.cucumber.testng.PickleWrapper,io.cucumber.testng.FeatureWrapper)[pri:0, instance:runner.TestRunner@3af4e0bf]" started-at="2024-05-02T00:09:26 CDT" name="runScenario" description="Runs Cucumber Scenarios" data-provider="scenarios" finished-at="2024-05-02T00:09:28 CDT" duration-ms="1980" status="PASS">
          <params>
            <param index="0">
              <value>
                <![CDATA["Validate the heading"]]>
              </value>
            </param>
            <param index="1">
              <value>
                <![CDATA["User Page Validation"]]>
              </value>
            </param>
          </params>
          <reporter-output>
          </reporter-output>
        </test-method> <!-- runScenario -->
        <test-method signature="runScenario(io.cucumber.testng.PickleWrapper,io.cucumber.testng.FeatureWrapper)[pri:0, instance:runner.TestRunner@3af4e0bf]" started-at="2024-05-02T00:09:28 CDT" name="runScenario" description="Runs Cucumber Scenarios" data-provider="scenarios" finished-at="2024-05-02T00:09:31 CDT" duration-ms="2354" status="FAIL">
          <params>
            <param index="0">
              <value>
                <![CDATA["Validate the text and pagination icon below the data table"]]>
              </value>
            </param>
            <param index="1">
              <value>
                <![CDATA["User Page Validation"]]>
              </value>
            </param>
          </params>
          <exception class="java.lang.AssertionError">
            <message>
              <![CDATA[Pagination Text is not Displayed correctly expected [true] but found [false]]]>
            </message>
            <full-stacktrace>
              <![CDATA[java.lang.AssertionError: Pagination Text is not Displayed correctly expected [true] but found [false]
at org.testng.Assert.fail(Assert.java:110)
at org.testng.Assert.failNotEquals(Assert.java:1577)
at org.testng.Assert.assertEqualsImpl(Assert.java:149)
at org.testng.Assert.assertEquals(Assert.java:131)
at org.testng.Assert.assertEquals(Assert.java:1066)
at org.testng.Assert.assertEquals(Assert.java:1042)
at stepDefinitions.UserPageValidation_SD.admin_should_see_the_text_as_along_with_pagination_icon_below_the_table_with_x_starting_record_number_on_that_page_y_ending_record_number_on_that_page_z_total_number_of_records(UserPageValidation_SD.java:78)
at ✽.Admin should see the text as "Showing x to y of z entries" along with Pagination icon below the table with x- starting record number on that page,y-ending record number on that page,z-Total number of records(file:///D:/Priyanka%20Numpy%20Ninja%20docs%20and%20Projects/LMS_Team15_Apr2024/LMS-Hackathon-Team-15/src/test/resources/Features/E_UserModule/01_UserPageValidation.feature:16)
]]>
            </full-stacktrace>
          </exception> <!-- java.lang.AssertionError -->
          <reporter-output>
          </reporter-output>
        </test-method> <!-- runScenario -->
        <test-method signature="runScenario(io.cucumber.testng.PickleWrapper,io.cucumber.testng.FeatureWrapper)[pri:0, instance:runner.TestRunner@3af4e0bf]" started-at="2024-05-02T00:09:31 CDT" name="runScenario" description="Runs Cucumber Scenarios" data-provider="scenarios" finished-at="2024-05-02T00:09:33 CDT" duration-ms="1874" status="PASS">
          <params>
            <param index="0">
              <value>
                <![CDATA["Validate data table headers in the User Pag"]]>
              </value>
            </param>
            <param index="1">
              <value>
                <![CDATA["User Page Validation"]]>
              </value>
            </param>
          </params>
          <reporter-output>
          </reporter-output>
        </test-method> <!-- runScenario -->
        <test-method signature="runScenario(io.cucumber.testng.PickleWrapper,io.cucumber.testng.FeatureWrapper)[pri:0, instance:runner.TestRunner@3af4e0bf]" started-at="2024-05-02T00:09:33 CDT" name="runScenario" description="Runs Cucumber Scenarios" data-provider="scenarios" finished-at="2024-05-02T00:09:34 CDT" duration-ms="1945" status="PASS">
          <params>
            <param index="0">
              <value>
                <![CDATA["Validating the default state of Delete button"]]>
              </value>
            </param>
            <param index="1">
              <value>
                <![CDATA["User Page Validation"]]>
              </value>
            </param>
          </params>
          <reporter-output>
          </reporter-output>
        </test-method> <!-- runScenario -->
        <test-method signature="runScenario(io.cucumber.testng.PickleWrapper,io.cucumber.testng.FeatureWrapper)[pri:0, instance:runner.TestRunner@3af4e0bf]" started-at="2024-05-02T00:09:34 CDT" name="runScenario" description="Runs Cucumber Scenarios" data-provider="scenarios" finished-at="2024-05-02T00:09:36 CDT" duration-ms="1823" status="PASS">
          <params>
            <param index="0">
              <value>
                <![CDATA["Validate "+ A New user" button in User Page"]]>
              </value>
            </param>
            <param index="1">
              <value>
                <![CDATA["User Page Validation"]]>
              </value>
            </param>
          </params>
          <reporter-output>
          </reporter-output>
        </test-method> <!-- runScenario -->
        <test-method signature="runScenario(io.cucumber.testng.PickleWrapper,io.cucumber.testng.FeatureWrapper)[pri:0, instance:runner.TestRunner@3af4e0bf]" started-at="2024-05-02T00:09:36 CDT" name="runScenario" description="Runs Cucumber Scenarios" data-provider="scenarios" finished-at="2024-05-02T00:09:38 CDT" duration-ms="2079" status="PASS">
          <params>
            <param index="0">
              <value>
                <![CDATA["Validate "+ Assign staff"  button in User page"]]>
              </value>
            </param>
            <param index="1">
              <value>
                <![CDATA["User Page Validation"]]>
              </value>
            </param>
          </params>
          <reporter-output>
          </reporter-output>
        </test-method> <!-- runScenario -->
        <test-method signature="runScenario(io.cucumber.testng.PickleWrapper,io.cucumber.testng.FeatureWrapper)[pri:0, instance:runner.TestRunner@3af4e0bf]" started-at="2024-05-02T00:09:38 CDT" name="runScenario" description="Runs Cucumber Scenarios" data-provider="scenarios" finished-at="2024-05-02T00:09:40 CDT" duration-ms="1968" status="PASS">
          <params>
            <param index="0">
              <value>
                <![CDATA["Validate "+ Assign Student"  button in User page"]]>
              </value>
            </param>
            <param index="1">
              <value>
                <![CDATA["User Page Validation"]]>
              </value>
            </param>
          </params>
          <reporter-output>
          </reporter-output>
        </test-method> <!-- runScenario -->
        <test-method signature="runScenario(io.cucumber.testng.PickleWrapper,io.cucumber.testng.FeatureWrapper)[pri:0, instance:runner.TestRunner@3af4e0bf]" started-at="2024-05-02T00:09:40 CDT" name="runScenario" description="Runs Cucumber Scenarios" data-provider="scenarios" finished-at="2024-05-02T00:09:42 CDT" duration-ms="1677" status="PASS">
          <params>
            <param index="0">
              <value>
                <![CDATA["Validate search box in User page"]]>
              </value>
            </param>
            <param index="1">
              <value>
                <![CDATA["User Page Validation"]]>
              </value>
            </param>
          </params>
          <reporter-output>
          </reporter-output>
        </test-method> <!-- runScenario -->
        <test-method signature="runScenario(io.cucumber.testng.PickleWrapper,io.cucumber.testng.FeatureWrapper)[pri:0, instance:runner.TestRunner@3af4e0bf]" started-at="2024-05-02T00:09:42 CDT" name="runScenario" description="Runs Cucumber Scenarios" data-provider="scenarios" finished-at="2024-05-02T00:09:44 CDT" duration-ms="1880" status="PASS">
          <params>
            <param index="0">
              <value>
                <![CDATA["Validate number of data rows in the data table"]]>
              </value>
            </param>
            <param index="1">
              <value>
                <![CDATA["User Page Validation"]]>
              </value>
            </param>
          </params>
          <reporter-output>
          </reporter-output>
        </test-method> <!-- runScenario -->
        <test-method signature="runScenario(io.cucumber.testng.PickleWrapper,io.cucumber.testng.FeatureWrapper)[pri:0, instance:runner.TestRunner@3af4e0bf]" started-at="2024-05-02T00:09:44 CDT" name="runScenario" description="Runs Cucumber Scenarios" data-provider="scenarios" finished-at="2024-05-02T00:09:46 CDT" duration-ms="2278" status="PASS">
          <params>
            <param index="0">
              <value>
                <![CDATA["Verify Check box on the data table"]]>
              </value>
            </param>
            <param index="1">
              <value>
                <![CDATA["User Page Validation"]]>
              </value>
            </param>
          </params>
          <reporter-output>
          </reporter-output>
        </test-method> <!-- runScenario -->
        <test-method signature="runScenario(io.cucumber.testng.PickleWrapper,io.cucumber.testng.FeatureWrapper)[pri:0, instance:runner.TestRunner@3af4e0bf]" started-at="2024-05-02T00:09:46 CDT" name="runScenario" description="Runs Cucumber Scenarios" data-provider="scenarios" finished-at="2024-05-02T00:09:49 CDT" duration-ms="2663" status="PASS">
          <params>
            <param index="0">
              <value>
                <![CDATA["Verify edit icon on the data table"]]>
              </value>
            </param>
            <param index="1">
              <value>
                <![CDATA["User Page Validation"]]>
              </value>
            </param>
          </params>
          <reporter-output>
          </reporter-output>
        </test-method> <!-- runScenario -->
        <test-method signature="runScenario(io.cucumber.testng.PickleWrapper,io.cucumber.testng.FeatureWrapper)[pri:0, instance:runner.TestRunner@3af4e0bf]" started-at="2024-05-02T00:09:49 CDT" name="runScenario" description="Runs Cucumber Scenarios" data-provider="scenarios" finished-at="2024-05-02T00:09:53 CDT" duration-ms="3743" status="PASS">
          <params>
            <param index="0">
              <value>
                <![CDATA["Verify  delete icon on the data table"]]>
              </value>
            </param>
            <param index="1">
              <value>
                <![CDATA["User Page Validation"]]>
              </value>
            </param>
          </params>
          <reporter-output>
          </reporter-output>
        </test-method> <!-- runScenario -->
        <test-method signature="runScenario(io.cucumber.testng.PickleWrapper,io.cucumber.testng.FeatureWrapper)[pri:0, instance:runner.TestRunner@3af4e0bf]" started-at="2024-05-02T00:09:53 CDT" name="runScenario" description="Runs Cucumber Scenarios" data-provider="scenarios" finished-at="2024-05-02T00:09:57 CDT" duration-ms="3930" status="PASS">
          <params>
            <param index="0">
              <value>
                <![CDATA["search user by name"]]>
              </value>
            </param>
            <param index="1">
              <value>
                <![CDATA["User Page Validation"]]>
              </value>
            </param>
          </params>
          <reporter-output>
          </reporter-output>
        </test-method> <!-- runScenario -->
        <test-method signature="runScenario(io.cucumber.testng.PickleWrapper,io.cucumber.testng.FeatureWrapper)[pri:0, instance:runner.TestRunner@3af4e0bf]" started-at="2024-05-02T00:09:57 CDT" name="runScenario" description="Runs Cucumber Scenarios" data-provider="scenarios" finished-at="2024-05-02T00:10:00 CDT" duration-ms="3757" status="PASS">
          <params>
            <param index="0">
              <value>
                <![CDATA["Validating the Search with unrelated keyword"]]>
              </value>
            </param>
            <param index="1">
              <value>
                <![CDATA["User Page Validation"]]>
              </value>
            </param>
          </params>
          <reporter-output>
          </reporter-output>
        </test-method> <!-- runScenario -->
        <test-method signature="runScenario(io.cucumber.testng.PickleWrapper,io.cucumber.testng.FeatureWrapper)[pri:0, instance:runner.TestRunner@3af4e0bf]" started-at="2024-05-02T00:10:00 CDT" name="runScenario" description="Runs Cucumber Scenarios" data-provider="scenarios" finished-at="2024-05-02T00:10:03 CDT" duration-ms="2552" status="PASS">
          <params>
            <param index="0">
              <value>
                <![CDATA["Admin verifies the fields exits in User details page pop up"]]>
              </value>
            </param>
            <param index="1">
              <value>
                <![CDATA["Add new user"]]>
              </value>
            </param>
          </params>
          <reporter-output>
          </reporter-output>
        </test-method> <!-- runScenario -->
        <test-method signature="runScenario(io.cucumber.testng.PickleWrapper,io.cucumber.testng.FeatureWrapper)[pri:0, instance:runner.TestRunner@3af4e0bf]" started-at="2024-05-02T00:10:03 CDT" name="runScenario" description="Runs Cucumber Scenarios" data-provider="scenarios" finished-at="2024-05-02T00:10:08 CDT" duration-ms="5583" status="PASS">
          <params>
            <param index="0">
              <value>
                <![CDATA["Admin verifies the fields exits in User details page pop up"]]>
              </value>
            </param>
            <param index="1">
              <value>
                <![CDATA["Add new user"]]>
              </value>
            </param>
          </params>
          <reporter-output>
          </reporter-output>
        </test-method> <!-- runScenario -->
        <test-method signature="runScenario(io.cucumber.testng.PickleWrapper,io.cucumber.testng.FeatureWrapper)[pri:0, instance:runner.TestRunner@3af4e0bf]" started-at="2024-05-02T00:10:09 CDT" name="runScenario" description="Runs Cucumber Scenarios" data-provider="scenarios" finished-at="2024-05-02T00:10:13 CDT" duration-ms="4318" status="PASS">
          <params>
            <param index="0">
              <value>
                <![CDATA["Admin verifies the fields exits in User details page pop up"]]>
              </value>
            </param>
            <param index="1">
              <value>
                <![CDATA["Add new user"]]>
              </value>
            </param>
          </params>
          <reporter-output>
          </reporter-output>
        </test-method> <!-- runScenario -->
        <test-method signature="runScenario(io.cucumber.testng.PickleWrapper,io.cucumber.testng.FeatureWrapper)[pri:0, instance:runner.TestRunner@3af4e0bf]" started-at="2024-05-02T00:10:13 CDT" name="runScenario" description="Runs Cucumber Scenarios" data-provider="scenarios" finished-at="2024-05-02T00:10:16 CDT" duration-ms="2735" status="PASS">
          <params>
            <param index="0">
              <value>
                <![CDATA["Admin verifies the fields exits in User details page pop up"]]>
              </value>
            </param>
            <param index="1">
              <value>
                <![CDATA["Add new user"]]>
              </value>
            </param>
          </params>
          <reporter-output>
          </reporter-output>
        </test-method> <!-- runScenario -->
        <test-method signature="runScenario(io.cucumber.testng.PickleWrapper,io.cucumber.testng.FeatureWrapper)[pri:0, instance:runner.TestRunner@3af4e0bf]" started-at="2024-05-02T00:10:16 CDT" name="runScenario" description="Runs Cucumber Scenarios" data-provider="scenarios" finished-at="2024-05-02T00:10:20 CDT" duration-ms="4205" status="PASS">
          <params>
            <param index="0">
              <value>
                <![CDATA["Admin verifies the fields exits in User details page pop up"]]>
              </value>
            </param>
            <param index="1">
              <value>
                <![CDATA["Add new user"]]>
              </value>
            </param>
          </params>
          <reporter-output>
          </reporter-output>
        </test-method> <!-- runScenario -->
        <test-method signature="runScenario(io.cucumber.testng.PickleWrapper,io.cucumber.testng.FeatureWrapper)[pri:0, instance:runner.TestRunner@3af4e0bf]" started-at="2024-05-02T00:10:20 CDT" name="runScenario" description="Runs Cucumber Scenarios" data-provider="scenarios" finished-at="2024-05-02T00:10:22 CDT" duration-ms="2627" status="PASS">
          <params>
            <param index="0">
              <value>
                <![CDATA["Admin verifies the fields exits in User details page pop up"]]>
              </value>
            </param>
            <param index="1">
              <value>
                <![CDATA["Add new user"]]>
              </value>
            </param>
          </params>
          <reporter-output>
          </reporter-output>
        </test-method> <!-- runScenario -->
        <test-method signature="runScenario(io.cucumber.testng.PickleWrapper,io.cucumber.testng.FeatureWrapper)[pri:0, instance:runner.TestRunner@3af4e0bf]" started-at="2024-05-02T00:10:22 CDT" name="runScenario" description="Runs Cucumber Scenarios" data-provider="scenarios" finished-at="2024-05-02T00:10:25 CDT" duration-ms="3042" status="PASS">
          <params>
            <param index="0">
              <value>
                <![CDATA["Admin verifies the fields exits in User details page pop up"]]>
              </value>
            </param>
            <param index="1">
              <value>
                <![CDATA["Add new user"]]>
              </value>
            </param>
          </params>
          <reporter-output>
          </reporter-output>
        </test-method> <!-- runScenario -->
        <test-method signature="runScenario(io.cucumber.testng.PickleWrapper,io.cucumber.testng.FeatureWrapper)[pri:0, instance:runner.TestRunner@3af4e0bf]" started-at="2024-05-02T00:10:25 CDT" name="runScenario" description="Runs Cucumber Scenarios" data-provider="scenarios" finished-at="2024-05-02T00:10:28 CDT" duration-ms="2125" status="PASS">
          <params>
            <param index="0">
              <value>
                <![CDATA["Admin verifies the fields exits in User details page pop up"]]>
              </value>
            </param>
            <param index="1">
              <value>
                <![CDATA["Add new user"]]>
              </value>
            </param>
          </params>
          <reporter-output>
          </reporter-output>
        </test-method> <!-- runScenario -->
        <test-method signature="runScenario(io.cucumber.testng.PickleWrapper,io.cucumber.testng.FeatureWrapper)[pri:0, instance:runner.TestRunner@3af4e0bf]" started-at="2024-05-02T00:10:28 CDT" name="runScenario" description="Runs Cucumber Scenarios" data-provider="scenarios" finished-at="2024-05-02T00:10:30 CDT" duration-ms="2036" status="PASS">
          <params>
            <param index="0">
              <value>
                <![CDATA["Admin verifies the fields exits in User details page pop up"]]>
              </value>
            </param>
            <param index="1">
              <value>
                <![CDATA["Add new user"]]>
              </value>
            </param>
          </params>
          <reporter-output>
          </reporter-output>
        </test-method> <!-- runScenario -->
        <test-method signature="runScenario(io.cucumber.testng.PickleWrapper,io.cucumber.testng.FeatureWrapper)[pri:0, instance:runner.TestRunner@3af4e0bf]" started-at="2024-05-02T00:10:30 CDT" name="runScenario" description="Runs Cucumber Scenarios" data-provider="scenarios" finished-at="2024-05-02T00:10:32 CDT" duration-ms="2794" status="PASS">
          <params>
            <param index="0">
              <value>
                <![CDATA["Admin verifies the fields exits in User details page pop up"]]>
              </value>
            </param>
            <param index="1">
              <value>
                <![CDATA["Add new user"]]>
              </value>
            </param>
          </params>
          <reporter-output>
          </reporter-output>
        </test-method> <!-- runScenario -->
        <test-method signature="runScenario(io.cucumber.testng.PickleWrapper,io.cucumber.testng.FeatureWrapper)[pri:0, instance:runner.TestRunner@3af4e0bf]" started-at="2024-05-02T00:10:32 CDT" name="runScenario" description="Runs Cucumber Scenarios" data-provider="scenarios" finished-at="2024-05-02T00:10:34 CDT" duration-ms="1871" status="PASS">
          <params>
            <param index="0">
              <value>
                <![CDATA["Admin verifies the fields exits in User details page pop up"]]>
              </value>
            </param>
            <param index="1">
              <value>
                <![CDATA["Add new user"]]>
              </value>
            </param>
          </params>
          <reporter-output>
          </reporter-output>
        </test-method> <!-- runScenario -->
        <test-method signature="runScenario(io.cucumber.testng.PickleWrapper,io.cucumber.testng.FeatureWrapper)[pri:0, instance:runner.TestRunner@3af4e0bf]" started-at="2024-05-02T00:10:34 CDT" name="runScenario" description="Runs Cucumber Scenarios" data-provider="scenarios" finished-at="2024-05-02T00:10:36 CDT" duration-ms="2020" status="PASS">
          <params>
            <param index="0">
              <value>
                <![CDATA["Admin verifies the fields exits in User details page pop up"]]>
              </value>
            </param>
            <param index="1">
              <value>
                <![CDATA["Add new user"]]>
              </value>
            </param>
          </params>
          <reporter-output>
          </reporter-output>
        </test-method> <!-- runScenario -->
        <test-method signature="runScenario(io.cucumber.testng.PickleWrapper,io.cucumber.testng.FeatureWrapper)[pri:0, instance:runner.TestRunner@3af4e0bf]" started-at="2024-05-02T00:10:36 CDT" name="runScenario" description="Runs Cucumber Scenarios" data-provider="scenarios" finished-at="2024-05-02T00:10:38 CDT" duration-ms="1802" status="PASS">
          <params>
            <param index="0">
              <value>
                <![CDATA["Admin verifies the fields exits in User details page pop up"]]>
              </value>
            </param>
            <param index="1">
              <value>
                <![CDATA["Add new user"]]>
              </value>
            </param>
          </params>
          <reporter-output>
          </reporter-output>
        </test-method> <!-- runScenario -->
        <test-method signature="runScenario(io.cucumber.testng.PickleWrapper,io.cucumber.testng.FeatureWrapper)[pri:0, instance:runner.TestRunner@3af4e0bf]" started-at="2024-05-02T00:10:38 CDT" name="runScenario" description="Runs Cucumber Scenarios" data-provider="scenarios" finished-at="2024-05-02T00:10:40 CDT" duration-ms="1919" status="PASS">
          <params>
            <param index="0">
              <value>
                <![CDATA["Admin verifies the fields exits in User details page pop up"]]>
              </value>
            </param>
            <param index="1">
              <value>
                <![CDATA["Add new user"]]>
              </value>
            </param>
          </params>
          <reporter-output>
          </reporter-output>
        </test-method> <!-- runScenario -->
        <test-method signature="runScenario(io.cucumber.testng.PickleWrapper,io.cucumber.testng.FeatureWrapper)[pri:0, instance:runner.TestRunner@3af4e0bf]" started-at="2024-05-02T00:10:40 CDT" name="runScenario" description="Runs Cucumber Scenarios" data-provider="scenarios" finished-at="2024-05-02T00:10:42 CDT" duration-ms="2372" status="PASS">
          <params>
            <param index="0">
              <value>
                <![CDATA["Validate User Details Popup window has Cancel,Submit and Close button"]]>
              </value>
            </param>
            <param index="1">
              <value>
                <![CDATA["Add new user"]]>
              </value>
            </param>
          </params>
          <reporter-output>
          </reporter-output>
        </test-method> <!-- runScenario -->
        <test-method signature="runScenario(io.cucumber.testng.PickleWrapper,io.cucumber.testng.FeatureWrapper)[pri:0, instance:runner.TestRunner@3af4e0bf]" started-at="2024-05-02T00:10:42 CDT" name="runScenario" description="Runs Cucumber Scenarios" data-provider="scenarios" finished-at="2024-05-02T00:10:50 CDT" duration-ms="7999" status="PASS">
          <params>
            <param index="0">
              <value>
                <![CDATA["Check if user is created when only mandatory fields are entered with valid data"]]>
              </value>
            </param>
            <param index="1">
              <value>
                <![CDATA["Add new user"]]>
              </value>
            </param>
          </params>
          <reporter-output>
          </reporter-output>
        </test-method> <!-- runScenario -->
        <test-method signature="runScenario(io.cucumber.testng.PickleWrapper,io.cucumber.testng.FeatureWrapper)[pri:0, instance:runner.TestRunner@3af4e0bf]" started-at="2024-05-02T00:10:51 CDT" name="runScenario" description="Runs Cucumber Scenarios" data-provider="scenarios" finished-at="2024-05-02T00:10:58 CDT" duration-ms="7136" status="PASS">
          <params>
            <param index="0">
              <value>
                <![CDATA["Check if user is created when only mandatory fields are entered with valid data"]]>
              </value>
            </param>
            <param index="1">
              <value>
                <![CDATA["Add new user"]]>
              </value>
            </param>
          </params>
          <reporter-output>
          </reporter-output>
        </test-method> <!-- runScenario -->
        <test-method signature="runScenario(io.cucumber.testng.PickleWrapper,io.cucumber.testng.FeatureWrapper)[pri:0, instance:runner.TestRunner@3af4e0bf]" started-at="2024-05-02T00:10:58 CDT" name="runScenario" description="Runs Cucumber Scenarios" data-provider="scenarios" finished-at="2024-05-02T00:11:34 CDT" duration-ms="35880" status="FAIL">
          <params>
            <param index="0">
              <value>
                <![CDATA["Check if user is created when only mandatory fields are entered with valid data"]]>
              </value>
            </param>
            <param index="1">
              <value>
                <![CDATA["Add new user"]]>
              </value>
            </param>
          </params>
          <exception class="org.openqa.selenium.NoSuchElementException">
            <message>
              <![CDATA[no such element: Unable to locate element: {"method":"xpath","selector":"//span[@class='p-dialog-header-close-icon ng-tns-c132-6 pi pi-times']"}
  (Session info: chrome=124.0.6367.79)
For documentation on this error, please visit: https://www.selenium.dev/documentation/webdriver/troubleshooting/errors#no-such-element-exception
Build info: version: '4.19.1', revision: 'abe0ee07dc'
System info: os.name: 'Windows 11', os.arch: 'amd64', os.version: '10.0', java.version: '19.0.2'
Driver info: org.openqa.selenium.chrome.ChromeDriver
Command: [d68f79330b15ebe0a7a54593317d23de, findElement {using=xpath, value=//span[@class='p-dialog-header-close-icon ng-tns-c132-6 pi pi-times']}]
Capabilities {acceptInsecureCerts: false, browserName: chrome, browserVersion: 124.0.6367.79, chrome: {chromedriverVersion: 124.0.6367.91 (51df0e5e17a8..., userDataDir: C:\Users\tusha\AppData\Loca...}, fedcm:accounts: true, goog:chromeOptions: {debuggerAddress: localhost:58973}, networkConnectionEnabled: false, pageLoadStrategy: normal, platformName: windows, proxy: Proxy(), se:cdp: ws://localhost:58973/devtoo..., se:cdpVersion: 124.0.6367.79, setWindowRect: true, strictFileInteractability: false, timeouts: {implicit: 0, pageLoad: 300000, script: 30000}, unhandledPromptBehavior: dismiss and notify, webauthn:extension:credBlob: true, webauthn:extension:largeBlob: true, webauthn:extension:minPinLength: true, webauthn:extension:prf: true, webauthn:virtualAuthenticators: true}
Session ID: d68f79330b15ebe0a7a54593317d23de]]>
            </message>
            <full-stacktrace>
              <![CDATA[org.openqa.selenium.NoSuchElementException: no such element: Unable to locate element: {"method":"xpath","selector":"//span[@class='p-dialog-header-close-icon ng-tns-c132-6 pi pi-times']"}
  (Session info: chrome=124.0.6367.79)
For documentation on this error, please visit: https://www.selenium.dev/documentation/webdriver/troubleshooting/errors#no-such-element-exception
Build info: version: '4.19.1', revision: 'abe0ee07dc'
System info: os.name: 'Windows 11', os.arch: 'amd64', os.version: '10.0', java.version: '19.0.2'
Driver info: org.openqa.selenium.chrome.ChromeDriver
Command: [d68f79330b15ebe0a7a54593317d23de, findElement {using=xpath, value=//span[@class='p-dialog-header-close-icon ng-tns-c132-6 pi pi-times']}]
Capabilities {acceptInsecureCerts: false, browserName: chrome, browserVersion: 124.0.6367.79, chrome: {chromedriverVersion: 124.0.6367.91 (51df0e5e17a8..., userDataDir: C:\Users\tusha\AppData\Loca...}, fedcm:accounts: true, goog:chromeOptions: {debuggerAddress: localhost:58973}, networkConnectionEnabled: false, pageLoadStrategy: normal, platformName: windows, proxy: Proxy(), se:cdp: ws://localhost:58973/devtoo..., se:cdpVersion: 124.0.6367.79, setWindowRect: true, strictFileInteractability: false, timeouts: {implicit: 0, pageLoad: 300000, script: 30000}, unhandledPromptBehavior: dismiss and notify, webauthn:extension:credBlob: true, webauthn:extension:largeBlob: true, webauthn:extension:minPinLength: true, webauthn:extension:prf: true, webauthn:virtualAuthenticators: true}
Session ID: d68f79330b15ebe0a7a54593317d23de
at java.base/jdk.internal.reflect.DirectConstructorHandleAccessor.newInstance(DirectConstructorHandleAccessor.java:67)
at java.base/java.lang.reflect.Constructor.newInstanceWithCaller(Constructor.java:500)
at java.base/java.lang.reflect.Constructor.newInstance(Constructor.java:484)
at org.openqa.selenium.remote.ErrorCodec.decode(ErrorCodec.java:167)
at org.openqa.selenium.remote.codec.w3c.W3CHttpResponseCodec.decode(W3CHttpResponseCodec.java:138)
at org.openqa.selenium.remote.codec.w3c.W3CHttpResponseCodec.decode(W3CHttpResponseCodec.java:50)
at org.openqa.selenium.remote.HttpCommandExecutor.execute(HttpCommandExecutor.java:190)
at org.openqa.selenium.remote.service.DriverCommandExecutor.invokeExecute(DriverCommandExecutor.java:216)
at org.openqa.selenium.remote.service.DriverCommandExecutor.execute(DriverCommandExecutor.java:174)
at org.openqa.selenium.remote.RemoteWebDriver.execute(RemoteWebDriver.java:518)
at org.openqa.selenium.remote.ElementLocation$ElementFinder$2.findElement(ElementLocation.java:165)
at org.openqa.selenium.remote.ElementLocation.findElement(ElementLocation.java:59)
at org.openqa.selenium.remote.RemoteWebDriver.findElement(RemoteWebDriver.java:355)
at org.openqa.selenium.remote.RemoteWebDriver.findElement(RemoteWebDriver.java:349)
at org.openqa.selenium.support.pagefactory.DefaultElementLocator.findElement(DefaultElementLocator.java:68)
at org.openqa.selenium.support.pagefactory.internal.LocatingElementHandler.invoke(LocatingElementHandler.java:38)
at jdk.proxy2/jdk.proxy2.$Proxy44.click(Unknown Source)
at pageObjects.UserPageAddUser.closeDialogClick(UserPageAddUser.java:270)
at pageObjects.UserPageAddUser.verifySuccessMessage(UserPageAddUser.java:336)
at stepDefinitions.UserPageAddUser_SD.admin_gets_message_user_added_and_and_for_successful_creation_check_for_the_user_in_table(UserPageAddUser_SD.java:69)
at ✽.Admin gets message User added "Failed" and "Invalid data" and for successful creation check for the user in table(file:///D:/Priyanka%20Numpy%20Ninja%20docs%20and%20Projects/LMS_Team15_Apr2024/LMS-Hackathon-Team-15/src/test/resources/Features/E_UserModule/02_AddNewUser.feature:38)
]]>
            </full-stacktrace>
          </exception> <!-- org.openqa.selenium.NoSuchElementException -->
          <reporter-output>
          </reporter-output>
        </test-method> <!-- runScenario -->
        <test-method signature="runScenario(io.cucumber.testng.PickleWrapper,io.cucumber.testng.FeatureWrapper)[pri:0, instance:runner.TestRunner@3af4e0bf]" started-at="2024-05-02T00:11:34 CDT" name="runScenario" description="Runs Cucumber Scenarios" data-provider="scenarios" finished-at="2024-05-02T00:11:39 CDT" duration-ms="5712" status="PASS">
          <params>
            <param index="0">
              <value>
                <![CDATA["Check if user is created when only mandatory fields are entered with valid data"]]>
              </value>
            </param>
            <param index="1">
              <value>
                <![CDATA["Add new user"]]>
              </value>
            </param>
          </params>
          <reporter-output>
          </reporter-output>
        </test-method> <!-- runScenario -->
        <test-method signature="runScenario(io.cucumber.testng.PickleWrapper,io.cucumber.testng.FeatureWrapper)[pri:0, instance:runner.TestRunner@3af4e0bf]" started-at="2024-05-02T00:11:39 CDT" name="runScenario" description="Runs Cucumber Scenarios" data-provider="scenarios" finished-at="2024-05-02T00:11:45 CDT" duration-ms="5400" status="PASS">
          <params>
            <param index="0">
              <value>
                <![CDATA["Check if user is created when only mandatory fields are entered with valid data"]]>
              </value>
            </param>
            <param index="1">
              <value>
                <![CDATA["Add new user"]]>
              </value>
            </param>
          </params>
          <reporter-output>
          </reporter-output>
        </test-method> <!-- runScenario -->
        <test-method signature="runScenario(io.cucumber.testng.PickleWrapper,io.cucumber.testng.FeatureWrapper)[pri:0, instance:runner.TestRunner@3af4e0bf]" started-at="2024-05-02T00:11:45 CDT" name="runScenario" description="Runs Cucumber Scenarios" data-provider="scenarios" finished-at="2024-05-02T00:12:21 CDT" duration-ms="36347" status="FAIL">
          <params>
            <param index="0">
              <value>
                <![CDATA["Check if user is created when only mandatory fields are entered with valid data"]]>
              </value>
            </param>
            <param index="1">
              <value>
                <![CDATA["Add new user"]]>
              </value>
            </param>
          </params>
          <exception class="org.openqa.selenium.NoSuchElementException">
            <message>
              <![CDATA[no such element: Unable to locate element: {"method":"xpath","selector":"//mat-error[contains(text(),'Last name is')]"}
  (Session info: chrome=124.0.6367.79)
For documentation on this error, please visit: https://www.selenium.dev/documentation/webdriver/troubleshooting/errors#no-such-element-exception
Build info: version: '4.19.1', revision: 'abe0ee07dc'
System info: os.name: 'Windows 11', os.arch: 'amd64', os.version: '10.0', java.version: '19.0.2'
Driver info: org.openqa.selenium.chrome.ChromeDriver
Command: [d68f79330b15ebe0a7a54593317d23de, findElement {using=xpath, value=//mat-error[contains(text(),'Last name is')]}]
Capabilities {acceptInsecureCerts: false, browserName: chrome, browserVersion: 124.0.6367.79, chrome: {chromedriverVersion: 124.0.6367.91 (51df0e5e17a8..., userDataDir: C:\Users\tusha\AppData\Loca...}, fedcm:accounts: true, goog:chromeOptions: {debuggerAddress: localhost:58973}, networkConnectionEnabled: false, pageLoadStrategy: normal, platformName: windows, proxy: Proxy(), se:cdp: ws://localhost:58973/devtoo..., se:cdpVersion: 124.0.6367.79, setWindowRect: true, strictFileInteractability: false, timeouts: {implicit: 0, pageLoad: 300000, script: 30000}, unhandledPromptBehavior: dismiss and notify, webauthn:extension:credBlob: true, webauthn:extension:largeBlob: true, webauthn:extension:minPinLength: true, webauthn:extension:prf: true, webauthn:virtualAuthenticators: true}
Session ID: d68f79330b15ebe0a7a54593317d23de]]>
            </message>
            <full-stacktrace>
              <![CDATA[org.openqa.selenium.NoSuchElementException: no such element: Unable to locate element: {"method":"xpath","selector":"//mat-error[contains(text(),'Last name is')]"}
  (Session info: chrome=124.0.6367.79)
For documentation on this error, please visit: https://www.selenium.dev/documentation/webdriver/troubleshooting/errors#no-such-element-exception
Build info: version: '4.19.1', revision: 'abe0ee07dc'
System info: os.name: 'Windows 11', os.arch: 'amd64', os.version: '10.0', java.version: '19.0.2'
Driver info: org.openqa.selenium.chrome.ChromeDriver
Command: [d68f79330b15ebe0a7a54593317d23de, findElement {using=xpath, value=//mat-error[contains(text(),'Last name is')]}]
Capabilities {acceptInsecureCerts: false, browserName: chrome, browserVersion: 124.0.6367.79, chrome: {chromedriverVersion: 124.0.6367.91 (51df0e5e17a8..., userDataDir: C:\Users\tusha\AppData\Loca...}, fedcm:accounts: true, goog:chromeOptions: {debuggerAddress: localhost:58973}, networkConnectionEnabled: false, pageLoadStrategy: normal, platformName: windows, proxy: Proxy(), se:cdp: ws://localhost:58973/devtoo..., se:cdpVersion: 124.0.6367.79, setWindowRect: true, strictFileInteractability: false, timeouts: {implicit: 0, pageLoad: 300000, script: 30000}, unhandledPromptBehavior: dismiss and notify, webauthn:extension:credBlob: true, webauthn:extension:largeBlob: true, webauthn:extension:minPinLength: true, webauthn:extension:prf: true, webauthn:virtualAuthenticators: true}
Session ID: d68f79330b15ebe0a7a54593317d23de
at java.base/jdk.internal.reflect.DirectConstructorHandleAccessor.newInstance(DirectConstructorHandleAccessor.java:67)
at java.base/java.lang.reflect.Constructor.newInstanceWithCaller(Constructor.java:500)
at java.base/java.lang.reflect.Constructor.newInstance(Constructor.java:484)
at org.openqa.selenium.remote.ErrorCodec.decode(ErrorCodec.java:167)
at org.openqa.selenium.remote.codec.w3c.W3CHttpResponseCodec.decode(W3CHttpResponseCodec.java:138)
at org.openqa.selenium.remote.codec.w3c.W3CHttpResponseCodec.decode(W3CHttpResponseCodec.java:50)
at org.openqa.selenium.remote.HttpCommandExecutor.execute(HttpCommandExecutor.java:190)
at org.openqa.selenium.remote.service.DriverCommandExecutor.invokeExecute(DriverCommandExecutor.java:216)
at org.openqa.selenium.remote.service.DriverCommandExecutor.execute(DriverCommandExecutor.java:174)
at org.openqa.selenium.remote.RemoteWebDriver.execute(RemoteWebDriver.java:518)
at org.openqa.selenium.remote.ElementLocation$ElementFinder$2.findElement(ElementLocation.java:165)
at org.openqa.selenium.remote.ElementLocation.findElement(ElementLocation.java:59)
at org.openqa.selenium.remote.RemoteWebDriver.findElement(RemoteWebDriver.java:355)
at org.openqa.selenium.remote.RemoteWebDriver.findElement(RemoteWebDriver.java:349)
at org.openqa.selenium.support.pagefactory.DefaultElementLocator.findElement(DefaultElementLocator.java:68)
at org.openqa.selenium.support.pagefactory.internal.LocatingElementHandler.invoke(LocatingElementHandler.java:38)
at jdk.proxy2/jdk.proxy2.$Proxy44.isDisplayed(Unknown Source)
at pageObjects.UserPageAddUser.missingMandatoryFields(UserPageAddUser.java:240)
at pageObjects.UserPageAddUser.verifySuccessMessage(UserPageAddUser.java:330)
at stepDefinitions.UserPageAddUser_SD.admin_gets_message_user_added_and_and_for_successful_creation_check_for_the_user_in_table(UserPageAddUser_SD.java:69)
at ✽.Admin gets message User added "Failed" and "Missing mandatory values" and for successful creation check for the user in table(file:///D:/Priyanka%20Numpy%20Ninja%20docs%20and%20Projects/LMS_Team15_Apr2024/LMS-Hackathon-Team-15/src/test/resources/Features/E_UserModule/02_AddNewUser.feature:38)
]]>
            </full-stacktrace>
          </exception> <!-- org.openqa.selenium.NoSuchElementException -->
          <reporter-output>
          </reporter-output>
        </test-method> <!-- runScenario -->
        <test-method signature="runScenario(io.cucumber.testng.PickleWrapper,io.cucumber.testng.FeatureWrapper)[pri:0, instance:runner.TestRunner@3af4e0bf]" started-at="2024-05-02T00:12:21 CDT" name="runScenario" description="Runs Cucumber Scenarios" data-provider="scenarios" finished-at="2024-05-02T00:12:57 CDT" duration-ms="35953" status="FAIL">
          <params>
            <param index="0">
              <value>
                <![CDATA["Check if user is created when only mandatory fields are entered with valid data"]]>
              </value>
            </param>
            <param index="1">
              <value>
                <![CDATA["Add new user"]]>
              </value>
            </param>
          </params>
          <exception class="org.openqa.selenium.NoSuchElementException">
            <message>
              <![CDATA[no such element: Unable to locate element: {"method":"xpath","selector":"//mat-error[contains(text(),'Last name is')]"}
  (Session info: chrome=124.0.6367.79)
For documentation on this error, please visit: https://www.selenium.dev/documentation/webdriver/troubleshooting/errors#no-such-element-exception
Build info: version: '4.19.1', revision: 'abe0ee07dc'
System info: os.name: 'Windows 11', os.arch: 'amd64', os.version: '10.0', java.version: '19.0.2'
Driver info: org.openqa.selenium.chrome.ChromeDriver
Command: [d68f79330b15ebe0a7a54593317d23de, findElement {using=xpath, value=//mat-error[contains(text(),'Last name is')]}]
Capabilities {acceptInsecureCerts: false, browserName: chrome, browserVersion: 124.0.6367.79, chrome: {chromedriverVersion: 124.0.6367.91 (51df0e5e17a8..., userDataDir: C:\Users\tusha\AppData\Loca...}, fedcm:accounts: true, goog:chromeOptions: {debuggerAddress: localhost:58973}, networkConnectionEnabled: false, pageLoadStrategy: normal, platformName: windows, proxy: Proxy(), se:cdp: ws://localhost:58973/devtoo..., se:cdpVersion: 124.0.6367.79, setWindowRect: true, strictFileInteractability: false, timeouts: {implicit: 0, pageLoad: 300000, script: 30000}, unhandledPromptBehavior: dismiss and notify, webauthn:extension:credBlob: true, webauthn:extension:largeBlob: true, webauthn:extension:minPinLength: true, webauthn:extension:prf: true, webauthn:virtualAuthenticators: true}
Session ID: d68f79330b15ebe0a7a54593317d23de]]>
            </message>
            <full-stacktrace>
              <![CDATA[org.openqa.selenium.NoSuchElementException: no such element: Unable to locate element: {"method":"xpath","selector":"//mat-error[contains(text(),'Last name is')]"}
  (Session info: chrome=124.0.6367.79)
For documentation on this error, please visit: https://www.selenium.dev/documentation/webdriver/troubleshooting/errors#no-such-element-exception
Build info: version: '4.19.1', revision: 'abe0ee07dc'
System info: os.name: 'Windows 11', os.arch: 'amd64', os.version: '10.0', java.version: '19.0.2'
Driver info: org.openqa.selenium.chrome.ChromeDriver
Command: [d68f79330b15ebe0a7a54593317d23de, findElement {using=xpath, value=//mat-error[contains(text(),'Last name is')]}]
Capabilities {acceptInsecureCerts: false, browserName: chrome, browserVersion: 124.0.6367.79, chrome: {chromedriverVersion: 124.0.6367.91 (51df0e5e17a8..., userDataDir: C:\Users\tusha\AppData\Loca...}, fedcm:accounts: true, goog:chromeOptions: {debuggerAddress: localhost:58973}, networkConnectionEnabled: false, pageLoadStrategy: normal, platformName: windows, proxy: Proxy(), se:cdp: ws://localhost:58973/devtoo..., se:cdpVersion: 124.0.6367.79, setWindowRect: true, strictFileInteractability: false, timeouts: {implicit: 0, pageLoad: 300000, script: 30000}, unhandledPromptBehavior: dismiss and notify, webauthn:extension:credBlob: true, webauthn:extension:largeBlob: true, webauthn:extension:minPinLength: true, webauthn:extension:prf: true, webauthn:virtualAuthenticators: true}
Session ID: d68f79330b15ebe0a7a54593317d23de
at java.base/jdk.internal.reflect.DirectConstructorHandleAccessor.newInstance(DirectConstructorHandleAccessor.java:67)
at java.base/java.lang.reflect.Constructor.newInstanceWithCaller(Constructor.java:500)
at java.base/java.lang.reflect.Constructor.newInstance(Constructor.java:484)
at org.openqa.selenium.remote.ErrorCodec.decode(ErrorCodec.java:167)
at org.openqa.selenium.remote.codec.w3c.W3CHttpResponseCodec.decode(W3CHttpResponseCodec.java:138)
at org.openqa.selenium.remote.codec.w3c.W3CHttpResponseCodec.decode(W3CHttpResponseCodec.java:50)
at org.openqa.selenium.remote.HttpCommandExecutor.execute(HttpCommandExecutor.java:190)
at org.openqa.selenium.remote.service.DriverCommandExecutor.invokeExecute(DriverCommandExecutor.java:216)
at org.openqa.selenium.remote.service.DriverCommandExecutor.execute(DriverCommandExecutor.java:174)
at org.openqa.selenium.remote.RemoteWebDriver.execute(RemoteWebDriver.java:518)
at org.openqa.selenium.remote.ElementLocation$ElementFinder$2.findElement(ElementLocation.java:165)
at org.openqa.selenium.remote.ElementLocation.findElement(ElementLocation.java:59)
at org.openqa.selenium.remote.RemoteWebDriver.findElement(RemoteWebDriver.java:355)
at org.openqa.selenium.remote.RemoteWebDriver.findElement(RemoteWebDriver.java:349)
at org.openqa.selenium.support.pagefactory.DefaultElementLocator.findElement(DefaultElementLocator.java:68)
at org.openqa.selenium.support.pagefactory.internal.LocatingElementHandler.invoke(LocatingElementHandler.java:38)
at jdk.proxy2/jdk.proxy2.$Proxy44.isDisplayed(Unknown Source)
at pageObjects.UserPageAddUser.missingMandatoryFields(UserPageAddUser.java:232)
at pageObjects.UserPageAddUser.verifySuccessMessage(UserPageAddUser.java:330)
at stepDefinitions.UserPageAddUser_SD.admin_gets_message_user_added_and_and_for_successful_creation_check_for_the_user_in_table(UserPageAddUser_SD.java:69)
at ✽.Admin gets message User added "Failed" and "Missing mandatory values" and for successful creation check for the user in table(file:///D:/Priyanka%20Numpy%20Ninja%20docs%20and%20Projects/LMS_Team15_Apr2024/LMS-Hackathon-Team-15/src/test/resources/Features/E_UserModule/02_AddNewUser.feature:38)
]]>
            </full-stacktrace>
          </exception> <!-- org.openqa.selenium.NoSuchElementException -->
          <reporter-output>
          </reporter-output>
        </test-method> <!-- runScenario -->
        <test-method signature="runScenario(io.cucumber.testng.PickleWrapper,io.cucumber.testng.FeatureWrapper)[pri:0, instance:runner.TestRunner@3af4e0bf]" started-at="2024-05-02T00:12:57 CDT" name="runScenario" description="Runs Cucumber Scenarios" data-provider="scenarios" finished-at="2024-05-02T00:13:34 CDT" duration-ms="36644" status="FAIL">
          <params>
            <param index="0">
              <value>
                <![CDATA["Check if user is created when only mandatory fields are entered with valid data"]]>
              </value>
            </param>
            <param index="1">
              <value>
                <![CDATA["Add new user"]]>
              </value>
            </param>
          </params>
          <exception class="org.openqa.selenium.NoSuchElementException">
            <message>
              <![CDATA[no such element: Unable to locate element: {"method":"xpath","selector":"//mat-error[contains(text(),'Last name is')]"}
  (Session info: chrome=124.0.6367.79)
For documentation on this error, please visit: https://www.selenium.dev/documentation/webdriver/troubleshooting/errors#no-such-element-exception
Build info: version: '4.19.1', revision: 'abe0ee07dc'
System info: os.name: 'Windows 11', os.arch: 'amd64', os.version: '10.0', java.version: '19.0.2'
Driver info: org.openqa.selenium.chrome.ChromeDriver
Command: [d68f79330b15ebe0a7a54593317d23de, findElement {using=xpath, value=//mat-error[contains(text(),'Last name is')]}]
Capabilities {acceptInsecureCerts: false, browserName: chrome, browserVersion: 124.0.6367.79, chrome: {chromedriverVersion: 124.0.6367.91 (51df0e5e17a8..., userDataDir: C:\Users\tusha\AppData\Loca...}, fedcm:accounts: true, goog:chromeOptions: {debuggerAddress: localhost:58973}, networkConnectionEnabled: false, pageLoadStrategy: normal, platformName: windows, proxy: Proxy(), se:cdp: ws://localhost:58973/devtoo..., se:cdpVersion: 124.0.6367.79, setWindowRect: true, strictFileInteractability: false, timeouts: {implicit: 0, pageLoad: 300000, script: 30000}, unhandledPromptBehavior: dismiss and notify, webauthn:extension:credBlob: true, webauthn:extension:largeBlob: true, webauthn:extension:minPinLength: true, webauthn:extension:prf: true, webauthn:virtualAuthenticators: true}
Session ID: d68f79330b15ebe0a7a54593317d23de]]>
            </message>
            <full-stacktrace>
              <![CDATA[org.openqa.selenium.NoSuchElementException: no such element: Unable to locate element: {"method":"xpath","selector":"//mat-error[contains(text(),'Last name is')]"}
  (Session info: chrome=124.0.6367.79)
For documentation on this error, please visit: https://www.selenium.dev/documentation/webdriver/troubleshooting/errors#no-such-element-exception
Build info: version: '4.19.1', revision: 'abe0ee07dc'
System info: os.name: 'Windows 11', os.arch: 'amd64', os.version: '10.0', java.version: '19.0.2'
Driver info: org.openqa.selenium.chrome.ChromeDriver
Command: [d68f79330b15ebe0a7a54593317d23de, findElement {using=xpath, value=//mat-error[contains(text(),'Last name is')]}]
Capabilities {acceptInsecureCerts: false, browserName: chrome, browserVersion: 124.0.6367.79, chrome: {chromedriverVersion: 124.0.6367.91 (51df0e5e17a8..., userDataDir: C:\Users\tusha\AppData\Loca...}, fedcm:accounts: true, goog:chromeOptions: {debuggerAddress: localhost:58973}, networkConnectionEnabled: false, pageLoadStrategy: normal, platformName: windows, proxy: Proxy(), se:cdp: ws://localhost:58973/devtoo..., se:cdpVersion: 124.0.6367.79, setWindowRect: true, strictFileInteractability: false, timeouts: {implicit: 0, pageLoad: 300000, script: 30000}, unhandledPromptBehavior: dismiss and notify, webauthn:extension:credBlob: true, webauthn:extension:largeBlob: true, webauthn:extension:minPinLength: true, webauthn:extension:prf: true, webauthn:virtualAuthenticators: true}
Session ID: d68f79330b15ebe0a7a54593317d23de
at java.base/jdk.internal.reflect.DirectConstructorHandleAccessor.newInstance(DirectConstructorHandleAccessor.java:67)
at java.base/java.lang.reflect.Constructor.newInstanceWithCaller(Constructor.java:500)
at java.base/java.lang.reflect.Constructor.newInstance(Constructor.java:484)
at org.openqa.selenium.remote.ErrorCodec.decode(ErrorCodec.java:167)
at org.openqa.selenium.remote.codec.w3c.W3CHttpResponseCodec.decode(W3CHttpResponseCodec.java:138)
at org.openqa.selenium.remote.codec.w3c.W3CHttpResponseCodec.decode(W3CHttpResponseCodec.java:50)
at org.openqa.selenium.remote.HttpCommandExecutor.execute(HttpCommandExecutor.java:190)
at org.openqa.selenium.remote.service.DriverCommandExecutor.invokeExecute(DriverCommandExecutor.java:216)
at org.openqa.selenium.remote.service.DriverCommandExecutor.execute(DriverCommandExecutor.java:174)
at org.openqa.selenium.remote.RemoteWebDriver.execute(RemoteWebDriver.java:518)
at org.openqa.selenium.remote.ElementLocation$ElementFinder$2.findElement(ElementLocation.java:165)
at org.openqa.selenium.remote.ElementLocation.findElement(ElementLocation.java:59)
at org.openqa.selenium.remote.RemoteWebDriver.findElement(RemoteWebDriver.java:355)
at org.openqa.selenium.remote.RemoteWebDriver.findElement(RemoteWebDriver.java:349)
at org.openqa.selenium.support.pagefactory.DefaultElementLocator.findElement(DefaultElementLocator.java:68)
at org.openqa.selenium.support.pagefactory.internal.LocatingElementHandler.invoke(LocatingElementHandler.java:38)
at jdk.proxy2/jdk.proxy2.$Proxy44.isDisplayed(Unknown Source)
at pageObjects.UserPageAddUser.missingMandatoryFields(UserPageAddUser.java:240)
at pageObjects.UserPageAddUser.verifySuccessMessage(UserPageAddUser.java:330)
at stepDefinitions.UserPageAddUser_SD.admin_gets_message_user_added_and_and_for_successful_creation_check_for_the_user_in_table(UserPageAddUser_SD.java:69)
at ✽.Admin gets message User added "Failed" and "Missing mandatory values" and for successful creation check for the user in table(file:///D:/Priyanka%20Numpy%20Ninja%20docs%20and%20Projects/LMS_Team15_Apr2024/LMS-Hackathon-Team-15/src/test/resources/Features/E_UserModule/02_AddNewUser.feature:38)
]]>
            </full-stacktrace>
          </exception> <!-- org.openqa.selenium.NoSuchElementException -->
          <reporter-output>
          </reporter-output>
        </test-method> <!-- runScenario -->
        <test-method signature="runScenario(io.cucumber.testng.PickleWrapper,io.cucumber.testng.FeatureWrapper)[pri:0, instance:runner.TestRunner@3af4e0bf]" started-at="2024-05-02T00:13:34 CDT" name="runScenario" description="Runs Cucumber Scenarios" data-provider="scenarios" finished-at="2024-05-02T00:13:40 CDT" duration-ms="5859" status="PASS">
          <params>
            <param index="0">
              <value>
                <![CDATA["Check if user is created when only mandatory fields are entered with valid data"]]>
              </value>
            </param>
            <param index="1">
              <value>
                <![CDATA["Add new user"]]>
              </value>
            </param>
          </params>
          <reporter-output>
          </reporter-output>
        </test-method> <!-- runScenario -->
        <test-method signature="runScenario(io.cucumber.testng.PickleWrapper,io.cucumber.testng.FeatureWrapper)[pri:0, instance:runner.TestRunner@3af4e0bf]" started-at="2024-05-02T00:13:40 CDT" name="runScenario" description="Runs Cucumber Scenarios" data-provider="scenarios" finished-at="2024-05-02T00:13:46 CDT" duration-ms="6099" status="PASS">
          <params>
            <param index="0">
              <value>
                <![CDATA["Check if user is created when only mandatory fields are entered with valid data"]]>
              </value>
            </param>
            <param index="1">
              <value>
                <![CDATA["Add new user"]]>
              </value>
            </param>
          </params>
          <reporter-output>
          </reporter-output>
        </test-method> <!-- runScenario -->
        <test-method signature="runScenario(io.cucumber.testng.PickleWrapper,io.cucumber.testng.FeatureWrapper)[pri:0, instance:runner.TestRunner@3af4e0bf]" started-at="2024-05-02T00:13:46 CDT" name="runScenario" description="Runs Cucumber Scenarios" data-provider="scenarios" finished-at="2024-05-02T00:14:00 CDT" duration-ms="14735" status="PASS">
          <params>
            <param index="0">
              <value>
                <![CDATA["Empty form submission"]]>
              </value>
            </param>
            <param index="1">
              <value>
                <![CDATA["Add new user"]]>
              </value>
            </param>
          </params>
          <reporter-output>
          </reporter-output>
        </test-method> <!-- runScenario -->
        <test-method signature="runScenario(io.cucumber.testng.PickleWrapper,io.cucumber.testng.FeatureWrapper)[pri:0, instance:runner.TestRunner@3af4e0bf]" started-at="2024-05-02T00:14:00 CDT" name="runScenario" description="Runs Cucumber Scenarios" data-provider="scenarios" finished-at="2024-05-02T00:14:33 CDT" duration-ms="32357" status="PASS">
          <params>
            <param index="0">
              <value>
                <![CDATA["Validate Cancel/Close(X) icon on User Details form"]]>
              </value>
            </param>
            <param index="1">
              <value>
                <![CDATA["Add new user"]]>
              </value>
            </param>
          </params>
          <reporter-output>
          </reporter-output>
        </test-method> <!-- runScenario -->
        <test-method signature="runScenario(io.cucumber.testng.PickleWrapper,io.cucumber.testng.FeatureWrapper)[pri:0, instance:runner.TestRunner@3af4e0bf]" started-at="2024-05-02T00:14:33 CDT" name="runScenario" description="Runs Cucumber Scenarios" data-provider="scenarios" finished-at="2024-05-02T00:15:05 CDT" duration-ms="32301" status="PASS">
          <params>
            <param index="0">
              <value>
                <![CDATA["Validate Cancel button on User Details form"]]>
              </value>
            </param>
            <param index="1">
              <value>
                <![CDATA["Add new user"]]>
              </value>
            </param>
          </params>
          <reporter-output>
          </reporter-output>
        </test-method> <!-- runScenario -->
        <test-method signature="runScenario(io.cucumber.testng.PickleWrapper,io.cucumber.testng.FeatureWrapper)[pri:0, instance:runner.TestRunner@3af4e0bf]" started-at="2024-05-02T00:15:05 CDT" name="runScenario" description="Runs Cucumber Scenarios" data-provider="scenarios" finished-at="2024-05-02T00:15:09 CDT" duration-ms="4465" status="PASS">
          <params>
            <param index="0">
              <value>
                <![CDATA["Validate Assign Student Popup window"]]>
              </value>
            </param>
            <param index="1">
              <value>
                <![CDATA["This feature covers all AssignStudent scenarios"]]>
              </value>
            </param>
          </params>
          <reporter-output>
          </reporter-output>
        </test-method> <!-- runScenario -->
        <test-method signature="runScenario(io.cucumber.testng.PickleWrapper,io.cucumber.testng.FeatureWrapper)[pri:0, instance:runner.TestRunner@3af4e0bf]" started-at="2024-05-02T00:15:09 CDT" name="runScenario" description="Runs Cucumber Scenarios" data-provider="scenarios" finished-at="2024-05-02T00:15:14 CDT" duration-ms="4638" status="PASS">
          <params>
            <param index="0">
              <value>
                <![CDATA["Validate input fields and their text boxes in Assign Student form"]]>
              </value>
            </param>
            <param index="1">
              <value>
                <![CDATA["This feature covers all AssignStudent scenarios"]]>
              </value>
            </param>
          </params>
          <reporter-output>
          </reporter-output>
        </test-method> <!-- runScenario -->
        <test-method signature="runScenario(io.cucumber.testng.PickleWrapper,io.cucumber.testng.FeatureWrapper)[pri:0, instance:runner.TestRunner@3af4e0bf]" started-at="2024-05-02T00:15:14 CDT" name="runScenario" description="Runs Cucumber Scenarios" data-provider="scenarios" finished-at="2024-05-02T00:15:19 CDT" duration-ms="4914" status="PASS">
          <params>
            <param index="0">
              <value>
                <![CDATA["Validate Dropdown in Assign Student Form"]]>
              </value>
            </param>
            <param index="1">
              <value>
                <![CDATA["This feature covers all AssignStudent scenarios"]]>
              </value>
            </param>
          </params>
          <reporter-output>
          </reporter-output>
        </test-method> <!-- runScenario -->
        <test-method signature="runScenario(io.cucumber.testng.PickleWrapper,io.cucumber.testng.FeatureWrapper)[pri:0, instance:runner.TestRunner@3af4e0bf]" started-at="2024-05-02T00:15:19 CDT" name="runScenario" description="Runs Cucumber Scenarios" data-provider="scenarios" finished-at="2024-05-02T00:15:24 CDT" duration-ms="4660" status="PASS">
          <params>
            <param index="0">
              <value>
                <![CDATA["Validate radio button in Assign Student Form"]]>
              </value>
            </param>
            <param index="1">
              <value>
                <![CDATA["This feature covers all AssignStudent scenarios"]]>
              </value>
            </param>
          </params>
          <reporter-output>
          </reporter-output>
        </test-method> <!-- runScenario -->
        <test-method signature="runScenario(io.cucumber.testng.PickleWrapper,io.cucumber.testng.FeatureWrapper)[pri:0, instance:runner.TestRunner@3af4e0bf]" started-at="2024-05-02T00:15:24 CDT" name="runScenario" description="Runs Cucumber Scenarios" data-provider="scenarios" finished-at="2024-05-02T00:15:28 CDT" duration-ms="4744" status="PASS">
          <params>
            <param index="0">
              <value>
                <![CDATA["Empty Form Submission"]]>
              </value>
            </param>
            <param index="1">
              <value>
                <![CDATA["This feature covers all AssignStudent scenarios"]]>
              </value>
            </param>
          </params>
          <reporter-output>
          </reporter-output>
        </test-method> <!-- runScenario -->
        <test-method signature="runScenario(io.cucumber.testng.PickleWrapper,io.cucumber.testng.FeatureWrapper)[pri:0, instance:runner.TestRunner@3af4e0bf]" started-at="2024-05-02T00:15:28 CDT" name="runScenario" description="Runs Cucumber Scenarios" data-provider="scenarios" finished-at="2024-05-02T00:16:06 CDT" duration-ms="37664" status="PASS">
          <params>
            <param index="0">
              <value>
                <![CDATA["Validate Cancel or Close icon on Assign Student form"]]>
              </value>
            </param>
            <param index="1">
              <value>
                <![CDATA["This feature covers all AssignStudent scenarios"]]>
              </value>
            </param>
          </params>
          <reporter-output>
          </reporter-output>
        </test-method> <!-- runScenario -->
        <test-method signature="runScenario(io.cucumber.testng.PickleWrapper,io.cucumber.testng.FeatureWrapper)[pri:0, instance:runner.TestRunner@3af4e0bf]" started-at="2024-05-02T00:16:06 CDT" name="runScenario" description="Runs Cucumber Scenarios" data-provider="scenarios" finished-at="2024-05-02T00:16:11 CDT" duration-ms="4842" status="PASS">
          <params>
            <param index="0">
              <value>
                <![CDATA["Validate Cancel button on Assign Student form"]]>
              </value>
            </param>
            <param index="1">
              <value>
                <![CDATA["This feature covers all AssignStudent scenarios"]]>
              </value>
            </param>
          </params>
          <reporter-output>
          </reporter-output>
        </test-method> <!-- runScenario -->
        <test-method signature="runScenario(io.cucumber.testng.PickleWrapper,io.cucumber.testng.FeatureWrapper)[pri:0, instance:runner.TestRunner@3af4e0bf]" started-at="2024-05-02T00:16:11 CDT" name="runScenario" description="Runs Cucumber Scenarios" data-provider="scenarios" finished-at="2024-05-02T00:16:16 CDT" duration-ms="4612" status="PASS">
          <params>
            <param index="0">
              <value>
                <![CDATA["Validate Assign Staff Popup window"]]>
              </value>
            </param>
            <param index="1">
              <value>
                <![CDATA["This feature covers all AssignStaff scenarios"]]>
              </value>
            </param>
          </params>
          <reporter-output>
          </reporter-output>
        </test-method> <!-- runScenario -->
        <test-method signature="runScenario(io.cucumber.testng.PickleWrapper,io.cucumber.testng.FeatureWrapper)[pri:0, instance:runner.TestRunner@3af4e0bf]" started-at="2024-05-02T00:16:16 CDT" name="runScenario" description="Runs Cucumber Scenarios" data-provider="scenarios" finished-at="2024-05-02T00:16:20 CDT" duration-ms="4631" status="PASS">
          <params>
            <param index="0">
              <value>
                <![CDATA["Validate input fields and their text boxes in Assign Staff form"]]>
              </value>
            </param>
            <param index="1">
              <value>
                <![CDATA["This feature covers all AssignStaff scenarios"]]>
              </value>
            </param>
          </params>
          <reporter-output>
          </reporter-output>
        </test-method> <!-- runScenario -->
        <test-method signature="runScenario(io.cucumber.testng.PickleWrapper,io.cucumber.testng.FeatureWrapper)[pri:0, instance:runner.TestRunner@3af4e0bf]" started-at="2024-05-02T00:16:20 CDT" name="runScenario" description="Runs Cucumber Scenarios" data-provider="scenarios" finished-at="2024-05-02T00:16:55 CDT" duration-ms="35019" status="FAIL">
          <params>
            <param index="0">
              <value>
                <![CDATA["Validate Dropdown in Assign Staff Form"]]>
              </value>
            </param>
            <param index="1">
              <value>
                <![CDATA["This feature covers all AssignStaff scenarios"]]>
              </value>
            </param>
          </params>
          <exception class="org.openqa.selenium.TimeoutException">
            <message>
              <![CDATA[Expected condition failed: waiting for visibility of element located by By.xpath: //li[@role='option'] -> By.xpath: //li[@role='option'] (tried for 3 second(s) with 500 milliseconds interval)]]>
            </message>
            <full-stacktrace>
              <![CDATA[org.openqa.selenium.TimeoutException: Expected condition failed: waiting for visibility of element located by By.xpath: //li[@role='option'] -> By.xpath: //li[@role='option'] (tried for 3 second(s) with 500 milliseconds interval)
at org.openqa.selenium.support.ui.WebDriverWait.timeoutException(WebDriverWait.java:84)
at org.openqa.selenium.support.ui.FluentWait.until(FluentWait.java:228)
at stepDefinitions.AssignStaff_SD.admin_should_see_drop_down_boxes_with_valid_datas_for_student_email_id_program_name_and_batch_name(AssignStaff_SD.java:72)
at ✽.Admin should see drop down boxes with valid datas for Student Email id, Skill, Program Name and Batch Name(file:///D:/Priyanka%20Numpy%20Ninja%20docs%20and%20Projects/LMS_Team15_Apr2024/LMS-Hackathon-Team-15/src/test/resources/Features/E_UserModule/04_AssignStaff.feature:20)
Caused by: org.openqa.selenium.NoSuchElementException: no such element: Unable to locate element: {"method":"xpath","selector":"//li[@role='option']"}
  (Session info: chrome=124.0.6367.79)
For documentation on this error, please visit: https://www.selenium.dev/documentation/webdriver/troubleshooting/errors#no-such-element-exception
Build info: version: '4.19.1', revision: 'abe0ee07dc'
System info: os.name: 'Windows 11', os.arch: 'amd64', os.version: '10.0', java.version: '19.0.2'
Driver info: org.openqa.selenium.chrome.ChromeDriver
Command: [d68f79330b15ebe0a7a54593317d23de, findElement {using=xpath, value=//li[@role='option']}]
Capabilities {acceptInsecureCerts: false, browserName: chrome, browserVersion: 124.0.6367.79, chrome: {chromedriverVersion: 124.0.6367.91 (51df0e5e17a8..., userDataDir: C:\Users\tusha\AppData\Loca...}, fedcm:accounts: true, goog:chromeOptions: {debuggerAddress: localhost:58973}, networkConnectionEnabled: false, pageLoadStrategy: normal, platformName: windows, proxy: Proxy(), se:cdp: ws://localhost:58973/devtoo..., se:cdpVersion: 124.0.6367.79, setWindowRect: true, strictFileInteractability: false, timeouts: {implicit: 0, pageLoad: 300000, script: 30000}, unhandledPromptBehavior: dismiss and notify, webauthn:extension:credBlob: true, webauthn:extension:largeBlob: true, webauthn:extension:minPinLength: true, webauthn:extension:prf: true, webauthn:virtualAuthenticators: true}
Session ID: d68f79330b15ebe0a7a54593317d23de
at java.base/jdk.internal.reflect.DirectConstructorHandleAccessor.newInstance(DirectConstructorHandleAccessor.java:67)
at java.base/java.lang.reflect.Constructor.newInstanceWithCaller(Constructor.java:500)
at java.base/java.lang.reflect.Constructor.newInstance(Constructor.java:484)
at org.openqa.selenium.remote.ErrorCodec.decode(ErrorCodec.java:167)
at org.openqa.selenium.remote.codec.w3c.W3CHttpResponseCodec.decode(W3CHttpResponseCodec.java:138)
at org.openqa.selenium.remote.codec.w3c.W3CHttpResponseCodec.decode(W3CHttpResponseCodec.java:50)
at org.openqa.selenium.remote.HttpCommandExecutor.execute(HttpCommandExecutor.java:190)
at org.openqa.selenium.remote.service.DriverCommandExecutor.invokeExecute(DriverCommandExecutor.java:216)
at org.openqa.selenium.remote.service.DriverCommandExecutor.execute(DriverCommandExecutor.java:174)
at org.openqa.selenium.remote.RemoteWebDriver.execute(RemoteWebDriver.java:518)
at org.openqa.selenium.remote.ElementLocation$ElementFinder$2.findElement(ElementLocation.java:165)
at org.openqa.selenium.remote.ElementLocation.findElement(ElementLocation.java:59)
at org.openqa.selenium.remote.RemoteWebDriver.findElement(RemoteWebDriver.java:355)
at org.openqa.selenium.remote.RemoteWebDriver.findElement(RemoteWebDriver.java:349)
at org.openqa.selenium.support.ui.ExpectedConditions$46.apply(ExpectedConditions.java:1307)
at org.openqa.selenium.support.ui.ExpectedConditions$46.apply(ExpectedConditions.java:1303)
at org.openqa.selenium.support.ui.FluentWait.until(FluentWait.java:203)
at stepDefinitions.AssignStaff_SD.admin_should_see_drop_down_boxes_with_valid_datas_for_student_email_id_program_name_and_batch_name(AssignStaff_SD.java:72)
at java.base/jdk.internal.reflect.DirectMethodHandleAccessor.invoke(DirectMethodHandleAccessor.java:104)
at java.base/java.lang.reflect.Method.invoke(Method.java:578)
at io.cucumber.java.Invoker.doInvoke(Invoker.java:66)
at io.cucumber.java.Invoker.invoke(Invoker.java:24)
at io.cucumber.java.AbstractGlueDefinition.invokeMethod(AbstractGlueDefinition.java:47)
at io.cucumber.java.JavaStepDefinition.execute(JavaStepDefinition.java:29)
at io.cucumber.core.runner.CoreStepDefinition.execute(CoreStepDefinition.java:66)
at io.cucumber.core.runner.PickleStepDefinitionMatch.runStep(PickleStepDefinitionMatch.java:63)
at io.cucumber.core.runner.ExecutionMode$1.execute(ExecutionMode.java:10)
at io.cucumber.core.runner.TestStep.executeStep(TestStep.java:81)
at io.cucumber.core.runner.TestStep.run(TestStep.java:53)
at io.cucumber.core.runner.PickleStepTestStep.run(PickleStepTestStep.java:51)
at io.cucumber.core.runner.TestCase.run(TestCase.java:84)
at io.cucumber.core.runner.Runner.runPickle(Runner.java:75)
at io.cucumber.testng.TestNGCucumberRunner.lambda$runScenario$1(TestNGCucumberRunner.java:132)
at io.cucumber.core.runtime.CucumberExecutionContext.lambda$runTestCase$5(CucumberExecutionContext.java:136)
at io.cucumber.core.runtime.RethrowingThrowableCollector.executeAndThrow(RethrowingThrowableCollector.java:23)
at io.cucumber.core.runtime.CucumberExecutionContext.runTestCase(CucumberExecutionContext.java:136)
at io.cucumber.testng.TestNGCucumberRunner.runScenario(TestNGCucumberRunner.java:129)
at io.cucumber.testng.AbstractTestNGCucumberTests.runScenario(AbstractTestNGCucumberTests.java:35)
at java.base/jdk.internal.reflect.DirectMethodHandleAccessor.invoke(DirectMethodHandleAccessor.java:104)
at java.base/java.lang.reflect.Method.invoke(Method.java:578)
at org.testng.internal.invokers.MethodInvocationHelper.invokeMethod(MethodInvocationHelper.java:139)
at org.testng.internal.invokers.TestInvoker.invokeMethod(TestInvoker.java:677)
at org.testng.internal.invokers.TestInvoker.invokeTestMethod(TestInvoker.java:221)
at org.testng.internal.invokers.MethodRunner.runInSequence(MethodRunner.java:50)
at org.testng.internal.invokers.TestInvoker$MethodInvocationAgent.invoke(TestInvoker.java:969)
at org.testng.internal.invokers.TestInvoker.invokeTestMethods(TestInvoker.java:194)
at org.testng.internal.invokers.TestMethodWorker.invokeTestMethods(TestMethodWorker.java:148)
at org.testng.internal.invokers.TestMethodWorker.run(TestMethodWorker.java:128)
at java.base/java.util.ArrayList.forEach(ArrayList.java:1511)
at org.testng.TestRunner.privateRun(TestRunner.java:829)
at org.testng.TestRunner.run(TestRunner.java:602)
at org.testng.SuiteRunner.runTest(SuiteRunner.java:437)
at org.testng.SuiteRunner.runSequentially(SuiteRunner.java:431)
at org.testng.SuiteRunner.privateRun(SuiteRunner.java:391)
at org.testng.SuiteRunner.run(SuiteRunner.java:330)
at org.testng.SuiteRunnerWorker.runSuite(SuiteRunnerWorker.java:52)
at org.testng.SuiteRunnerWorker.run(SuiteRunnerWorker.java:95)
at org.testng.TestNG.runSuitesSequentially(TestNG.java:1256)
at org.testng.TestNG.runSuitesLocally(TestNG.java:1176)
at org.testng.TestNG.runSuites(TestNG.java:1099)
at org.testng.TestNG.run(TestNG.java:1067)
at org.testng.remote.AbstractRemoteTestNG.run(AbstractRemoteTestNG.java:115)
at org.testng.remote.RemoteTestNG.initAndRun(RemoteTestNG.java:251)
at org.testng.remote.RemoteTestNG.main(RemoteTestNG.java:77)
]]>
            </full-stacktrace>
          </exception> <!-- org.openqa.selenium.TimeoutException -->
          <reporter-output>
          </reporter-output>
        </test-method> <!-- runScenario -->
        <test-method signature="runScenario(io.cucumber.testng.PickleWrapper,io.cucumber.testng.FeatureWrapper)[pri:0, instance:runner.TestRunner@3af4e0bf]" started-at="2024-05-02T00:16:55 CDT" name="runScenario" description="Runs Cucumber Scenarios" data-provider="scenarios" finished-at="2024-05-02T00:17:00 CDT" duration-ms="4581" status="PASS">
          <params>
            <param index="0">
              <value>
                <![CDATA["Validate radio button in Assign Staff Form"]]>
              </value>
            </param>
            <param index="1">
              <value>
                <![CDATA["This feature covers all AssignStaff scenarios"]]>
              </value>
            </param>
          </params>
          <reporter-output>
          </reporter-output>
        </test-method> <!-- runScenario -->
        <test-method signature="runScenario(io.cucumber.testng.PickleWrapper,io.cucumber.testng.FeatureWrapper)[pri:0, instance:runner.TestRunner@3af4e0bf]" started-at="2024-05-02T00:17:00 CDT" name="runScenario" description="Runs Cucumber Scenarios" data-provider="scenarios" finished-at="2024-05-02T00:17:05 CDT" duration-ms="4666" status="PASS">
          <params>
            <param index="0">
              <value>
                <![CDATA["Empty Form Submission"]]>
              </value>
            </param>
            <param index="1">
              <value>
                <![CDATA["This feature covers all AssignStaff scenarios"]]>
              </value>
            </param>
          </params>
          <reporter-output>
          </reporter-output>
        </test-method> <!-- runScenario -->
        <test-method signature="runScenario(io.cucumber.testng.PickleWrapper,io.cucumber.testng.FeatureWrapper)[pri:0, instance:runner.TestRunner@3af4e0bf]" started-at="2024-05-02T00:17:05 CDT" name="runScenario" description="Runs Cucumber Scenarios" data-provider="scenarios" finished-at="2024-05-02T00:17:09 CDT" duration-ms="4745" status="PASS">
          <params>
            <param index="0">
              <value>
                <![CDATA["Validate the Assign Staff form page without giving Student Email id"]]>
              </value>
            </param>
            <param index="1">
              <value>
                <![CDATA["This feature covers all AssignStaff scenarios"]]>
              </value>
            </param>
          </params>
          <reporter-output>
          </reporter-output>
        </test-method> <!-- runScenario -->
        <test-method signature="runScenario(io.cucumber.testng.PickleWrapper,io.cucumber.testng.FeatureWrapper)[pri:0, instance:runner.TestRunner@3af4e0bf]" started-at="2024-05-02T00:17:09 CDT" name="runScenario" description="Runs Cucumber Scenarios" data-provider="scenarios" finished-at="2024-05-02T00:17:45 CDT" duration-ms="35646" status="PASS">
          <params>
            <param index="0">
              <value>
                <![CDATA["Validate Cancel or Close icon on Assign Staff form"]]>
              </value>
            </param>
            <param index="1">
              <value>
                <![CDATA["This feature covers all AssignStaff scenarios"]]>
              </value>
            </param>
          </params>
          <reporter-output>
          </reporter-output>
        </test-method> <!-- runScenario -->
        <test-method signature="runScenario(io.cucumber.testng.PickleWrapper,io.cucumber.testng.FeatureWrapper)[pri:0, instance:runner.TestRunner@3af4e0bf]" started-at="2024-05-02T00:17:45 CDT" name="runScenario" description="Runs Cucumber Scenarios" data-provider="scenarios" finished-at="2024-05-02T00:17:50 CDT" duration-ms="4655" status="PASS">
          <params>
[...]
                <![CDATA["Edit User Feature"]]>
              </value>
            </param>
          </params>
          <exception class="org.openqa.selenium.TimeoutException">
            <message>
              <![CDATA[Expected condition failed: waiting for visibility of element located by By.xpath: //div[@role='alert'] (tried for 10 second(s) with 500 milliseconds interval)
Build info: version: '4.19.1', revision: 'abe0ee07dc'
System info: os.name: 'Windows 11', os.arch: 'amd64', os.version: '10.0', java.version: '19.0.2'
Driver info: org.openqa.selenium.chrome.ChromeDriver
Capabilities {acceptInsecureCerts: false, browserName: chrome, browserVersion: 124.0.6367.79, chrome: {chromedriverVersion: 124.0.6367.91 (51df0e5e17a8..., userDataDir: C:\Users\tusha\AppData\Loca...}, fedcm:accounts: true, goog:chromeOptions: {debuggerAddress: localhost:58973}, networkConnectionEnabled: false, pageLoadStrategy: normal, platformName: windows, proxy: Proxy(), se:cdp: ws://localhost:58973/devtoo..., se:cdpVersion: 124.0.6367.79, setWindowRect: true, strictFileInteractability: false, timeouts: {implicit: 0, pageLoad: 300000, script: 30000}, unhandledPromptBehavior: dismiss and notify, webauthn:extension:credBlob: true, webauthn:extension:largeBlob: true, webauthn:extension:minPinLength: true, webauthn:extension:prf: true, webauthn:virtualAuthenticators: true}
Session ID: d68f79330b15ebe0a7a54593317d23de]]>
            </message>
            <full-stacktrace>
              <![CDATA[org.openqa.selenium.TimeoutException: Expected condition failed: waiting for visibility of element located by By.xpath: //div[@role='alert'] (tried for 10 second(s) with 500 milliseconds interval)
Build info: version: '4.19.1', revision: 'abe0ee07dc'
System info: os.name: 'Windows 11', os.arch: 'amd64', os.version: '10.0', java.version: '19.0.2'
Driver info: org.openqa.selenium.chrome.ChromeDriver
Capabilities {acceptInsecureCerts: false, browserName: chrome, browserVersion: 124.0.6367.79, chrome: {chromedriverVersion: 124.0.6367.91 (51df0e5e17a8..., userDataDir: C:\Users\tusha\AppData\Loca...}, fedcm:accounts: true, goog:chromeOptions: {debuggerAddress: localhost:58973}, networkConnectionEnabled: false, pageLoadStrategy: normal, platformName: windows, proxy: Proxy(), se:cdp: ws://localhost:58973/devtoo..., se:cdpVersion: 124.0.6367.79, setWindowRect: true, strictFileInteractability: false, timeouts: {implicit: 0, pageLoad: 300000, script: 30000}, unhandledPromptBehavior: dismiss and notify, webauthn:extension:credBlob: true, webauthn:extension:largeBlob: true, webauthn:extension:minPinLength: true, webauthn:extension:prf: true, webauthn:virtualAuthenticators: true}
Session ID: d68f79330b15ebe0a7a54593317d23de
at org.openqa.selenium.support.ui.WebDriverWait.timeoutException(WebDriverWait.java:84)
at org.openqa.selenium.support.ui.FluentWait.until(FluentWait.java:228)
at pageObjects.UserPage_Edit.userUpdateDisplayMsg(UserPage_Edit.java:243)
at stepDefinitions.UserPage_SD.admin_should_get_error_message(UserPage_SD.java:135)
at ✽.Admin should get Error message(file:///D:/Priyanka%20Numpy%20Ninja%20docs%20and%20Projects/LMS_Team15_Apr2024/LMS-Hackathon-Team-15/src/test/resources/Features/E_UserModule/05_EditUser.feature:80)
]]>
            </full-stacktrace>
          </exception> <!-- org.openqa.selenium.TimeoutException -->
          <reporter-output>
          </reporter-output>
        </test-method> <!-- runScenario -->
        <test-method signature="runScenario(io.cucumber.testng.PickleWrapper,io.cucumber.testng.FeatureWrapper)[pri:0, instance:runner.TestRunner@3af4e0bf]" started-at="2024-05-02T00:22:40 CDT" name="runScenario" description="Runs Cucumber Scenarios" data-provider="scenarios" finished-at="2024-05-02T00:22:43 CDT" duration-ms="3027" status="PASS">
          <params>
            <param index="0">
              <value>
                <![CDATA["Check if the fields are updated with invalid values"]]>
              </value>
            </param>
            <param index="1">
              <value>
                <![CDATA["Edit User Feature"]]>
              </value>
            </param>
          </params>
          <reporter-output>
          </reporter-output>
        </test-method> <!-- runScenario -->
        <test-method signature="runScenario(io.cucumber.testng.PickleWrapper,io.cucumber.testng.FeatureWrapper)[pri:0, instance:runner.TestRunner@3af4e0bf]" started-at="2024-05-02T00:22:43 CDT" name="runScenario" description="Runs Cucumber Scenarios" data-provider="scenarios" finished-at="2024-05-02T00:22:45 CDT" duration-ms="1923" status="FAIL">
          <params>
            <param index="0">
              <value>
                <![CDATA["Sort user by id"]]>
              </value>
            </param>
            <param index="1">
              <value>
                <![CDATA["Sort user"]]>
              </value>
            </param>
          </params>
          <exception class="java.lang.AssertionError">
            <message>
              <![CDATA[expected [true] but found [false]]]>
            </message>
            <full-stacktrace>
              <![CDATA[java.lang.AssertionError: expected [true] but found [false]
at org.testng.Assert.fail(Assert.java:110)
at org.testng.Assert.failNotEquals(Assert.java:1577)
at org.testng.Assert.assertTrue(Assert.java:56)
at org.testng.Assert.assertTrue(Assert.java:66)
at pageObjects.ManageProgrampage.sortAscendingOrder(ManageProgrampage.java:330)
at stepDefinitions.UserPageSorting_SD.admin_should_see_user_details_are_sorted_by_idd(UserPageSorting_SD.java:57)
at ✽.Admin should see User details are sorted by idd(file:///D:/Priyanka%20Numpy%20Ninja%20docs%20and%20Projects/LMS_Team15_Apr2024/LMS-Hackathon-Team-15/src/test/resources/Features/E_UserModule/06_UserSorting.feature:9)
]]>
            </full-stacktrace>
          </exception> <!-- java.lang.AssertionError -->
          <reporter-output>
          </reporter-output>
        </test-method> <!-- runScenario -->
        <test-method signature="runScenario(io.cucumber.testng.PickleWrapper,io.cucumber.testng.FeatureWrapper)[pri:0, instance:runner.TestRunner@3af4e0bf]" started-at="2024-05-02T00:22:45 CDT" name="runScenario" description="Runs Cucumber Scenarios" data-provider="scenarios" finished-at="2024-05-02T00:22:46 CDT" duration-ms="1600" status="PASS">
          <params>
            <param index="0">
              <value>
                <![CDATA["Sort user by name"]]>
              </value>
            </param>
            <param index="1">
              <value>
                <![CDATA["Sort user"]]>
              </value>
            </param>
          </params>
          <reporter-output>
          </reporter-output>
        </test-method> <!-- runScenario -->
        <test-method signature="runScenario(io.cucumber.testng.PickleWrapper,io.cucumber.testng.FeatureWrapper)[pri:0, instance:runner.TestRunner@3af4e0bf]" started-at="2024-05-02T00:22:46 CDT" name="runScenario" description="Runs Cucumber Scenarios" data-provider="scenarios" finished-at="2024-05-02T00:22:48 CDT" duration-ms="1620" status="PASS">
          <params>
            <param index="0">
              <value>
                <![CDATA["Sort user by Location"]]>
              </value>
            </param>
            <param index="1">
              <value>
                <![CDATA["Sort user"]]>
              </value>
            </param>
          </params>
          <reporter-output>
          </reporter-output>
        </test-method> <!-- runScenario -->
        <test-method signature="runScenario(io.cucumber.testng.PickleWrapper,io.cucumber.testng.FeatureWrapper)[pri:0, instance:runner.TestRunner@3af4e0bf]" started-at="2024-05-02T00:22:48 CDT" name="runScenario" description="Runs Cucumber Scenarios" data-provider="scenarios" finished-at="2024-05-02T00:22:49 CDT" duration-ms="1548" status="PASS">
          <params>
            <param index="0">
              <value>
                <![CDATA["Sort user by Phone number"]]>
              </value>
            </param>
            <param index="1">
              <value>
                <![CDATA["Sort user"]]>
              </value>
            </param>
          </params>
          <reporter-output>
          </reporter-output>
        </test-method> <!-- runScenario -->
        <test-method signature="runScenario(io.cucumber.testng.PickleWrapper,io.cucumber.testng.FeatureWrapper)[pri:0, instance:runner.TestRunner@3af4e0bf]" started-at="2024-05-02T00:22:49 CDT" name="runScenario" description="Runs Cucumber Scenarios" data-provider="scenarios" finished-at="2024-05-02T00:22:51 CDT" duration-ms="1593" status="FAIL">
          <params>
            <param index="0">
              <value>
                <![CDATA["Validate row level delete icon"]]>
              </value>
            </param>
            <param index="1">
              <value>
                <![CDATA["Delete User"]]>
              </value>
            </param>
          </params>
          <exception class="java.lang.IllegalArgumentException">
            <message>
              <![CDATA[Keys to send should be a not null CharSequence]]>
            </message>
            <full-stacktrace>
              <![CDATA[java.lang.IllegalArgumentException: Keys to send should be a not null CharSequence
at org.openqa.selenium.remote.RemoteWebElement.sendKeys(RemoteWebElement.java:96)
at pageObjects.BatchPage.clickSingleChkbox(BatchPage.java:684)
at stepDefinitions.DeleteBatch_SD.admin_clicks_the_delete_icon(DeleteBatch_SD.java:47)
at ✽.Admin clicks the delete icon(file:///D:/Priyanka%20Numpy%20Ninja%20docs%20and%20Projects/LMS_Team15_Apr2024/LMS-Hackathon-Team-15/src/test/resources/Features/E_UserModule/07_UserDeletePage.feature:8)
]]>
            </full-stacktrace>
          </exception> <!-- java.lang.IllegalArgumentException -->
          <reporter-output>
          </reporter-output>
        </test-method> <!-- runScenario -->
        <test-method signature="runScenario(io.cucumber.testng.PickleWrapper,io.cucumber.testng.FeatureWrapper)[pri:0, instance:runner.TestRunner@3af4e0bf]" started-at="2024-05-02T00:22:51 CDT" name="runScenario" description="Runs Cucumber Scenarios" data-provider="scenarios" finished-at="2024-05-02T00:22:53 CDT" duration-ms="1772" status="PASS">
          <params>
            <param index="0">
              <value>
                <![CDATA["Click Yes on deletion window"]]>
              </value>
            </param>
            <param index="1">
              <value>
                <![CDATA["Delete User"]]>
              </value>
            </param>
          </params>
          <reporter-output>
          </reporter-output>
        </test-method> <!-- runScenario -->
        <test-method signature="runScenario(io.cucumber.testng.PickleWrapper,io.cucumber.testng.FeatureWrapper)[pri:0, instance:runner.TestRunner@3af4e0bf]" started-at="2024-05-02T00:22:53 CDT" name="runScenario" description="Runs Cucumber Scenarios" data-provider="scenarios" finished-at="2024-05-02T00:23:27 CDT" duration-ms="33855" status="FAIL">
          <params>
            <param index="0">
              <value>
                <![CDATA["Click No on deletion window"]]>
              </value>
            </param>
            <param index="1">
              <value>
                <![CDATA["Delete User"]]>
              </value>
            </param>
          </params>
          <exception class="java.lang.NullPointerException">
            <message>
              <![CDATA[Cannot invoke "java.lang.CharSequence.toString()" because "s" is null]]>
            </message>
            <full-stacktrace>
              <![CDATA[java.lang.NullPointerException: Cannot invoke "java.lang.CharSequence.toString()" because "s" is null
at java.base/java.lang.String.contains(String.java:2862)
at pageObjects.ManageProgramPage1.checkForTheAddedProgram(ManageProgramPage1.java:89)
at stepDefinitions.ManageProgramPage1_SD.admin_can_see_the_deletion_alert_disappears_without_deleting(ManageProgramPage1_SD.java:534)
at ✽.Admin can see the deletion alert disappears without deleting(file:///D:/Priyanka%20Numpy%20Ninja%20docs%20and%20Projects/LMS_Team15_Apr2024/LMS-Hackathon-Team-15/src/test/resources/Features/E_UserModule/07_UserDeletePage.feature:19)
]]>
            </full-stacktrace>
          </exception> <!-- java.lang.NullPointerException -->
          <reporter-output>
          </reporter-output>
        </test-method> <!-- runScenario -->
        <test-method signature="runScenario(io.cucumber.testng.PickleWrapper,io.cucumber.testng.FeatureWrapper)[pri:0, instance:runner.TestRunner@3af4e0bf]" started-at="2024-05-02T00:23:27 CDT" name="runScenario" description="Runs Cucumber Scenarios" data-provider="scenarios" finished-at="2024-05-02T00:23:59 CDT" duration-ms="32765" status="FAIL">
          <params>
            <param index="0">
              <value>
                <![CDATA["Validate Close(X) icon on Confirm Deletion alert"]]>
              </value>
            </param>
            <param index="1">
              <value>
                <![CDATA["Delete User"]]>
              </value>
            </param>
          </params>
          <exception class="org.openqa.selenium.NoSuchElementException">
            <message>
              <![CDATA[no such element: Unable to locate element: {"method":"xpath","selector":"//button[@class = 'ng-tns-c133-9 p-dialog-header-icon p-dialog-header-close p-link ng-star-inserted']"}
  (Session info: chrome=124.0.6367.79)
For documentation on this error, please visit: https://www.selenium.dev/documentation/webdriver/troubleshooting/errors#no-such-element-exception
Build info: version: '4.19.1', revision: 'abe0ee07dc'
System info: os.name: 'Windows 11', os.arch: 'amd64', os.version: '10.0', java.version: '19.0.2'
Driver info: org.openqa.selenium.chrome.ChromeDriver
Command: [d68f79330b15ebe0a7a54593317d23de, findElement {using=xpath, value=//button[@class = 'ng-tns-c133-9 p-dialog-header-icon p-dialog-header-close p-link ng-star-inserted']}]
Capabilities {acceptInsecureCerts: false, browserName: chrome, browserVersion: 124.0.6367.79, chrome: {chromedriverVersion: 124.0.6367.91 (51df0e5e17a8..., userDataDir: C:\Users\tusha\AppData\Loca...}, fedcm:accounts: true, goog:chromeOptions: {debuggerAddress: localhost:58973}, networkConnectionEnabled: false, pageLoadStrategy: normal, platformName: windows, proxy: Proxy(), se:cdp: ws://localhost:58973/devtoo..., se:cdpVersion: 124.0.6367.79, setWindowRect: true, strictFileInteractability: false, timeouts: {implicit: 0, pageLoad: 300000, script: 30000}, unhandledPromptBehavior: dismiss and notify, webauthn:extension:credBlob: true, webauthn:extension:largeBlob: true, webauthn:extension:minPinLength: true, webauthn:extension:prf: true, webauthn:virtualAuthenticators: true}
Session ID: d68f79330b15ebe0a7a54593317d23de]]>
            </message>
            <full-stacktrace>
              <![CDATA[org.openqa.selenium.NoSuchElementException: no such element: Unable to locate element: {"method":"xpath","selector":"//button[@class = 'ng-tns-c133-9 p-dialog-header-icon p-dialog-header-close p-link ng-star-inserted']"}
  (Session info: chrome=124.0.6367.79)
For documentation on this error, please visit: https://www.selenium.dev/documentation/webdriver/troubleshooting/errors#no-such-element-exception
Build info: version: '4.19.1', revision: 'abe0ee07dc'
System info: os.name: 'Windows 11', os.arch: 'amd64', os.version: '10.0', java.version: '19.0.2'
Driver info: org.openqa.selenium.chrome.ChromeDriver
Command: [d68f79330b15ebe0a7a54593317d23de, findElement {using=xpath, value=//button[@class = 'ng-tns-c133-9 p-dialog-header-icon p-dialog-header-close p-link ng-star-inserted']}]
Capabilities {acceptInsecureCerts: false, browserName: chrome, browserVersion: 124.0.6367.79, chrome: {chromedriverVersion: 124.0.6367.91 (51df0e5e17a8..., userDataDir: C:\Users\tusha\AppData\Loca...}, fedcm:accounts: true, goog:chromeOptions: {debuggerAddress: localhost:58973}, networkConnectionEnabled: false, pageLoadStrategy: normal, platformName: windows, proxy: Proxy(), se:cdp: ws://localhost:58973/devtoo..., se:cdpVersion: 124.0.6367.79, setWindowRect: true, strictFileInteractability: false, timeouts: {implicit: 0, pageLoad: 300000, script: 30000}, unhandledPromptBehavior: dismiss and notify, webauthn:extension:credBlob: true, webauthn:extension:largeBlob: true, webauthn:extension:minPinLength: true, webauthn:extension:prf: true, webauthn:virtualAuthenticators: true}
Session ID: d68f79330b15ebe0a7a54593317d23de
at java.base/jdk.internal.reflect.DirectConstructorHandleAccessor.newInstance(DirectConstructorHandleAccessor.java:67)
at java.base/java.lang.reflect.Constructor.newInstanceWithCaller(Constructor.java:500)
at java.base/java.lang.reflect.Constructor.newInstance(Constructor.java:484)
at org.openqa.selenium.remote.ErrorCodec.decode(ErrorCodec.java:167)
at org.openqa.selenium.remote.codec.w3c.W3CHttpResponseCodec.decode(W3CHttpResponseCodec.java:138)
at org.openqa.selenium.remote.codec.w3c.W3CHttpResponseCodec.decode(W3CHttpResponseCodec.java:50)
at org.openqa.selenium.remote.HttpCommandExecutor.execute(HttpCommandExecutor.java:190)
at org.openqa.selenium.remote.service.DriverCommandExecutor.invokeExecute(DriverCommandExecutor.java:216)
at org.openqa.selenium.remote.service.DriverCommandExecutor.execute(DriverCommandExecutor.java:174)
at org.openqa.selenium.remote.RemoteWebDriver.execute(RemoteWebDriver.java:518)
at org.openqa.selenium.remote.ElementLocation$ElementFinder$2.findElement(ElementLocation.java:165)
at org.openqa.selenium.remote.ElementLocation.findElement(ElementLocation.java:59)
at org.openqa.selenium.remote.RemoteWebDriver.findElement(RemoteWebDriver.java:355)
at org.openqa.selenium.remote.RemoteWebDriver.findElement(RemoteWebDriver.java:349)
at org.openqa.selenium.support.pagefactory.DefaultElementLocator.findElement(DefaultElementLocator.java:68)
at org.openqa.selenium.support.pagefactory.internal.LocatingElementHandler.invoke(LocatingElementHandler.java:38)
at jdk.proxy2/jdk.proxy2.$Proxy44.click(Unknown Source)
at pageObjects.UserSortingPage.clickCloseButton(UserSortingPage.java:375)
at stepDefinitions.UserPageSorting_SD.admin_clicks_on_close_button(UserPageSorting_SD.java:135)
at ✽.Admin clicks on close button(file:///D:/Priyanka%20Numpy%20Ninja%20docs%20and%20Projects/LMS_Team15_Apr2024/LMS-Hackathon-Team-15/src/test/resources/Features/E_UserModule/07_UserDeletePage.feature:23)
]]>
            </full-stacktrace>
          </exception> <!-- org.openqa.selenium.NoSuchElementException -->
          <reporter-output>
          </reporter-output>
        </test-method> <!-- runScenario -->
        <test-method signature="runScenario(io.cucumber.testng.PickleWrapper,io.cucumber.testng.FeatureWrapper)[pri:0, instance:runner.TestRunner@3af4e0bf]" started-at="2024-05-02T00:23:59 CDT" name="runScenario" description="Runs Cucumber Scenarios" data-provider="scenarios" finished-at="2024-05-02T00:24:01 CDT" duration-ms="1405" status="PASS">
          <params>
            <param index="0">
              <value>
                <![CDATA["Admin Logout button function"]]>
              </value>
            </param>
            <param index="1">
              <value>
                <![CDATA["Delete User"]]>
              </value>
            </param>
          </params>
          <reporter-output>
          </reporter-output>
        </test-method> <!-- runScenario -->
        <test-method is-config="true" signature="tearDownClass()[pri:0, instance:runner.TestRunner@3af4e0bf]" started-at="2024-05-02T00:24:01 CDT" name="tearDownClass" finished-at="2024-05-02T00:24:20 CDT" duration-ms="19531" status="PASS">
          <reporter-output>
          </reporter-output>
        </test-method> <!-- tearDownClass -->
      </class> <!-- runner.TestRunner -->
    </test> <!-- Default test -->
  </suite> <!-- Default suite -->
</testng-results>
