<?xml version="1.0" encoding="UTF-8"?>
<testng-results ignored="0" total="6" passed="6" failed="0" skipped="0">
  <reporter-output>
  </reporter-output>
  <suite started-at="2024-04-27T13:13:19 EDT" name="Default suite" finished-at="2024-04-27T13:13:31 EDT" duration-ms="11500">
    <groups>
      <group name="cucumber">
        <method signature="AbstractTestNGCucumberTests.runScenario(io.cucumber.testng.PickleWrapper,io.cucumber.testng.FeatureWrapper)[pri:0, instance:runner.TestRunner@64d43929]" name="runScenario" class="io.cucumber.testng.AbstractTestNGCucumberTests"/>
      </group> <!-- cucumber -->
    </groups>
    <test started-at="2024-04-27T13:13:19 EDT" name="Default test" finished-at="2024-04-27T13:13:31 EDT" duration-ms="11500">
      <class name="runner.TestRunner">
        <test-method is-config="true" signature="setUpClass(org.testng.ITestContext)[pri:0, instance:runner.TestRunner@64d43929]" started-at="2024-04-27T13:13:19 EDT" name="setUpClass" finished-at="2024-04-27T13:13:20 EDT" duration-ms="460" status="PASS">
          <params>
            <param index="0">
              <value>
                <![CDATA[org.testng.TestRunner@165aa43a]]>
              </value>
            </param>
          </params>
          <reporter-output>
          </reporter-output>
        </test-method> <!-- setUpClass -->
        <test-method signature="runScenario(io.cucumber.testng.PickleWrapper,io.cucumber.testng.FeatureWrapper)[pri:0, instance:runner.TestRunner@64d43929]" started-at="2024-04-27T13:13:20 EDT" name="runScenario" description="Runs Cucumber Scenarios" data-provider="scenarios" finished-at="2024-04-27T13:13:25 EDT" duration-ms="4993" status="PASS">
          <params>
            <param index="0">
              <value>
                <![CDATA["Admin verifies the fields exist in Batch details page popup"]]>
              </value>
            </param>
            <param index="1">
              <value>
                <![CDATA["Add new batch"]]>
              </value>
            </param>
          </params>
          <reporter-output>
          </reporter-output>
        </test-method> <!-- runScenario -->
        <test-method signature="runScenario(io.cucumber.testng.PickleWrapper,io.cucumber.testng.FeatureWrapper)[pri:0, instance:runner.TestRunner@64d43929]" started-at="2024-04-27T13:13:25 EDT" name="runScenario" description="Runs Cucumber Scenarios" data-provider="scenarios" finished-at="2024-04-27T13:13:26 EDT" duration-ms="1010" status="PASS">
          <params>
            <param index="0">
              <value>
                <![CDATA["Admin verifies the fields exist in Batch details page popup"]]>
              </value>
            </param>
            <param index="1">
              <value>
                <![CDATA["Add new batch"]]>
              </value>
            </param>
          </params>
          <reporter-output>
          </reporter-output>
        </test-method> <!-- runScenario -->
        <test-method signature="runScenario(io.cucumber.testng.PickleWrapper,io.cucumber.testng.FeatureWrapper)[pri:0, instance:runner.TestRunner@64d43929]" started-at="2024-04-27T13:13:26 EDT" name="runScenario" description="Runs Cucumber Scenarios" data-provider="scenarios" finished-at="2024-04-27T13:13:27 EDT" duration-ms="902" status="PASS">
          <params>
            <param index="0">
              <value>
                <![CDATA["Admin verifies the fields exist in Batch details page popup"]]>
              </value>
            </param>
            <param index="1">
              <value>
                <![CDATA["Add new batch"]]>
              </value>
            </param>
          </params>
          <reporter-output>
          </reporter-output>
        </test-method> <!-- runScenario -->
        <test-method signature="runScenario(io.cucumber.testng.PickleWrapper,io.cucumber.testng.FeatureWrapper)[pri:0, instance:runner.TestRunner@64d43929]" started-at="2024-04-27T13:13:27 EDT" name="runScenario" description="Runs Cucumber Scenarios" data-provider="scenarios" finished-at="2024-04-27T13:13:27 EDT" duration-ms="833" status="PASS">
          <params>
            <param index="0">
              <value>
                <![CDATA["Admin verifies the fields exist in Batch details page popup"]]>
              </value>
            </param>
            <param index="1">
              <value>
                <![CDATA["Add new batch"]]>
              </value>
            </param>
          </params>
          <reporter-output>
          </reporter-output>
        </test-method> <!-- runScenario -->
        <test-method signature="runScenario(io.cucumber.testng.PickleWrapper,io.cucumber.testng.FeatureWrapper)[pri:0, instance:runner.TestRunner@64d43929]" started-at="2024-04-27T13:13:27 EDT" name="runScenario" description="Runs Cucumber Scenarios" data-provider="scenarios" finished-at="2024-04-27T13:13:28 EDT" duration-ms="861" status="PASS">
          <params>
            <param index="0">
              <value>
                <![CDATA["Admin verifies the fields exist in Batch details page popup"]]>
              </value>
            </param>
            <param index="1">
              <value>
                <![CDATA["Add new batch"]]>
              </value>
            </param>
          </params>
          <reporter-output>
          </reporter-output>
        </test-method> <!-- runScenario -->
        <test-method signature="runScenario(io.cucumber.testng.PickleWrapper,io.cucumber.testng.FeatureWrapper)[pri:0, instance:runner.TestRunner@64d43929]" started-at="2024-04-27T13:13:28 EDT" name="runScenario" description="Runs Cucumber Scenarios" data-provider="scenarios" finished-at="2024-04-27T13:13:29 EDT" duration-ms="847" status="PASS">
          <params>
            <param index="0">
              <value>
                <![CDATA["Admin verifies the fields exist in Batch details page popup"]]>
              </value>
            </param>
            <param index="1">
              <value>
                <![CDATA["Add new batch"]]>
              </value>
            </param>
          </params>
          <reporter-output>
          </reporter-output>
        </test-method> <!-- runScenario -->
        <test-method is-config="true" signature="tearDownClass()[pri:0, instance:runner.TestRunner@64d43929]" started-at="2024-04-27T13:13:29 EDT" name="tearDownClass" finished-at="2024-04-27T13:13:31 EDT" duration-ms="1469" status="PASS">
          <reporter-output>
          </reporter-output>
        </test-method> <!-- tearDownClass -->
      </class> <!-- runner.TestRunner -->
    </test> <!-- Default test -->
  </suite> <!-- Default suite -->
</testng-results>
