<?xml version="1.0" encoding="UTF-8"?>
<testng-results ignored="0" total="37" passed="35" failed="2" skipped="0">
  <reporter-output>
  </reporter-output>
  <suite started-at="2024-04-28T20:35:40 PDT" name="Default suite" finished-at="2024-04-28T20:37:24 PDT" duration-ms="103831">
    <groups>
      <group name="cucumber">
        <method signature="AbstractTestNGCucumberTests.runScenario(io.cucumber.testng.PickleWrapper,io.cucumber.testng.FeatureWrapper)[pri:0, instance:runner.TestRunner@43ed0ff3]" name="runScenario" class="io.cucumber.testng.AbstractTestNGCucumberTests"/>
      </group> <!-- cucumber -->
    </groups>
    <test started-at="2024-04-28T20:35:40 PDT" name="Default test" finished-at="2024-04-28T20:37:24 PDT" duration-ms="103831">
      <class name="runner.TestRunner">
        <test-method is-config="true" signature="setUpClass(org.testng.ITestContext)[pri:0, instance:runner.TestRunner@43ed0ff3]" started-at="2024-04-28T20:35:40 PDT" name="setUpClass" finished-at="2024-04-28T20:35:40 PDT" duration-ms="351" status="PASS">
          <params>
            <param index="0">
              <value>
                <![CDATA[org.testng.TestRunner@10e7ade5]]>
              </value>
            </param>
          </params>
          <reporter-output>
          </reporter-output>
        </test-method> <!-- setUpClass -->
        <test-method signature="runScenario(io.cucumber.testng.PickleWrapper,io.cucumber.testng.FeatureWrapper)[pri:0, instance:runner.TestRunner@43ed0ff3]" started-at="2024-04-28T20:35:41 PDT" name="runScenario" description="Runs Cucumber Scenarios" data-provider="scenarios" finished-at="2024-04-28T20:35:45 PDT" duration-ms="4053" status="PASS">
          <params>
            <param index="0">
              <value>
                <![CDATA["Successfull login with valid credentials"]]>
              </value>
            </param>
            <param index="1">
              <value>
                <![CDATA["Admin login to the application with valid data"]]>
              </value>
            </param>
          </params>
          <reporter-output>
          </reporter-output>
        </test-method> <!-- runScenario -->
        <test-method signature="runScenario(io.cucumber.testng.PickleWrapper,io.cucumber.testng.FeatureWrapper)[pri:0, instance:runner.TestRunner@43ed0ff3]" started-at="2024-04-28T20:35:45 PDT" name="runScenario" description="Runs Cucumber Scenarios" data-provider="scenarios" finished-at="2024-04-28T20:35:45 PDT" duration-ms="384" status="PASS">
          <params>
            <param index="0">
              <value>
                <![CDATA["Successful logout"]]>
              </value>
            </param>
            <param index="1">
              <value>
                <![CDATA["Admin login to the application with valid data"]]>
              </value>
            </param>
          </params>
          <reporter-output>
          </reporter-output>
        </test-method> <!-- runScenario -->
        <test-method signature="runScenario(io.cucumber.testng.PickleWrapper,io.cucumber.testng.FeatureWrapper)[pri:0, instance:runner.TestRunner@43ed0ff3]" started-at="2024-04-28T20:35:45 PDT" name="runScenario" description="Runs Cucumber Scenarios" data-provider="scenarios" finished-at="2024-04-28T20:35:45 PDT" duration-ms="14" status="PASS">
          <params>
            <param index="0">
              <value>
                <![CDATA["Title of your scenario"]]>
              </value>
            </param>
            <param index="1">
              <value>
                <![CDATA["Title of your feature"]]>
              </value>
            </param>
          </params>
          <reporter-output>
          </reporter-output>
        </test-method> <!-- runScenario -->
        <test-method signature="runScenario(io.cucumber.testng.PickleWrapper,io.cucumber.testng.FeatureWrapper)[pri:0, instance:runner.TestRunner@43ed0ff3]" started-at="2024-04-28T20:35:45 PDT" name="runScenario" description="Runs Cucumber Scenarios" data-provider="scenarios" finished-at="2024-04-28T20:35:46 PDT" duration-ms="732" status="PASS">
          <params>
            <param index="0">
              <value>
                <![CDATA["Validate landing in Program Page"]]>
              </value>
            </param>
            <param index="1">
              <value>
                <![CDATA["Manage Program Validation"]]>
              </value>
            </param>
          </params>
          <reporter-output>
          </reporter-output>
        </test-method> <!-- runScenario -->
        <test-method signature="runScenario(io.cucumber.testng.PickleWrapper,io.cucumber.testng.FeatureWrapper)[pri:0, instance:runner.TestRunner@43ed0ff3]" started-at="2024-04-28T20:35:46 PDT" name="runScenario" description="Runs Cucumber Scenarios" data-provider="scenarios" finished-at="2024-04-28T20:35:46 PDT" duration-ms="727" status="PASS">
          <params>
            <param index="0">
              <value>
                <![CDATA["Validate the heading"]]>
              </value>
            </param>
            <param index="1">
              <value>
                <![CDATA["Manage Program Validation"]]>
              </value>
            </param>
          </params>
          <reporter-output>
          </reporter-output>
        </test-method> <!-- runScenario -->
        <test-method signature="runScenario(io.cucumber.testng.PickleWrapper,io.cucumber.testng.FeatureWrapper)[pri:0, instance:runner.TestRunner@43ed0ff3]" started-at="2024-04-28T20:35:46 PDT" name="runScenario" description="Runs Cucumber Scenarios" data-provider="scenarios" finished-at="2024-04-28T20:35:47 PDT" duration-ms="848" status="PASS">
          <params>
            <param index="0">
              <value>
                <![CDATA["Validate Add New Program"]]>
              </value>
            </param>
            <param index="1">
              <value>
                <![CDATA["Manage Program Validation"]]>
              </value>
            </param>
          </params>
          <reporter-output>
          </reporter-output>
        </test-method> <!-- runScenario -->
        <test-method signature="runScenario(io.cucumber.testng.PickleWrapper,io.cucumber.testng.FeatureWrapper)[pri:0, instance:runner.TestRunner@43ed0ff3]" started-at="2024-04-28T20:35:47 PDT" name="runScenario" description="Runs Cucumber Scenarios" data-provider="scenarios" finished-at="2024-04-28T20:35:48 PDT" duration-ms="1082" status="PASS">
          <params>
            <param index="0">
              <value>
                <![CDATA["Verify Search bar on the Program page"]]>
              </value>
            </param>
            <param index="1">
              <value>
                <![CDATA["Manage Program Validation"]]>
              </value>
            </param>
          </params>
          <reporter-output>
          </reporter-output>
        </test-method> <!-- runScenario -->
        <test-method signature="runScenario(io.cucumber.testng.PickleWrapper,io.cucumber.testng.FeatureWrapper)[pri:0, instance:runner.TestRunner@43ed0ff3]" started-at="2024-04-28T20:35:48 PDT" name="runScenario" description="Runs Cucumber Scenarios" data-provider="scenarios" finished-at="2024-04-28T20:35:49 PDT" duration-ms="935" status="PASS">
          <params>
            <param index="0">
              <value>
                <![CDATA["Validating the default state of Delete button"]]>
              </value>
            </param>
            <param index="1">
              <value>
                <![CDATA["Manage Program Validation"]]>
              </value>
            </param>
          </params>
          <reporter-output>
          </reporter-output>
        </test-method> <!-- runScenario -->
        <test-method signature="runScenario(io.cucumber.testng.PickleWrapper,io.cucumber.testng.FeatureWrapper)[pri:0, instance:runner.TestRunner@43ed0ff3]" started-at="2024-04-28T20:35:49 PDT" name="runScenario" description="Runs Cucumber Scenarios" data-provider="scenarios" finished-at="2024-04-28T20:35:50 PDT" duration-ms="865" status="PASS">
          <params>
            <param index="0">
              <value>
                <![CDATA["Validate that number of records (rows of data in the table) displayed"]]>
              </value>
            </param>
            <param index="1">
              <value>
                <![CDATA["Manage Program Validation"]]>
              </value>
            </param>
          </params>
          <reporter-output>
          </reporter-output>
        </test-method> <!-- runScenario -->
        <test-method signature="runScenario(io.cucumber.testng.PickleWrapper,io.cucumber.testng.FeatureWrapper)[pri:0, instance:runner.TestRunner@43ed0ff3]" started-at="2024-04-28T20:35:50 PDT" name="runScenario" description="Runs Cucumber Scenarios" data-provider="scenarios" finished-at="2024-04-28T20:35:51 PDT" duration-ms="737" status="PASS">
          <params>
            <param index="0">
              <value>
                <![CDATA["Verify data table on the Program page"]]>
              </value>
            </param>
            <param index="1">
              <value>
                <![CDATA["Manage Program Validation"]]>
              </value>
            </param>
          </params>
          <reporter-output>
          </reporter-output>
        </test-method> <!-- runScenario -->
        <test-method signature="runScenario(io.cucumber.testng.PickleWrapper,io.cucumber.testng.FeatureWrapper)[pri:0, instance:runner.TestRunner@43ed0ff3]" started-at="2024-04-28T20:35:51 PDT" name="runScenario" description="Runs Cucumber Scenarios" data-provider="scenarios" finished-at="2024-04-28T20:35:54 PDT" duration-ms="2682" status="PASS">
          <params>
            <param index="0">
              <value>
                <![CDATA["Validate the text and pagination icon below the data table"]]>
              </value>
            </param>
            <param index="1">
              <value>
                <![CDATA["Manage Program Validation"]]>
              </value>
            </param>
          </params>
          <reporter-output>
          </reporter-output>
        </test-method> <!-- runScenario -->
        <test-method signature="runScenario(io.cucumber.testng.PickleWrapper,io.cucumber.testng.FeatureWrapper)[pri:0, instance:runner.TestRunner@43ed0ff3]" started-at="2024-04-28T20:35:54 PDT" name="runScenario" description="Runs Cucumber Scenarios" data-provider="scenarios" finished-at="2024-04-28T20:35:54 PDT" duration-ms="731" status="PASS">
          <params>
            <param index="0">
              <value>
                <![CDATA["Verify Sort arrow icon on the data table"]]>
              </value>
            </param>
            <param index="1">
              <value>
                <![CDATA["Manage Program Validation"]]>
              </value>
            </param>
          </params>
          <reporter-output>
          </reporter-output>
        </test-method> <!-- runScenario -->
        <test-method signature="runScenario(io.cucumber.testng.PickleWrapper,io.cucumber.testng.FeatureWrapper)[pri:0, instance:runner.TestRunner@43ed0ff3]" started-at="2024-04-28T20:35:54 PDT" name="runScenario" description="Runs Cucumber Scenarios" data-provider="scenarios" finished-at="2024-04-28T20:35:55 PDT" duration-ms="1016" status="PASS">
          <params>
            <param index="0">
              <value>
                <![CDATA["Verify Check box on the data table"]]>
              </value>
            </param>
            <param index="1">
              <value>
                <![CDATA["Manage Program Validation"]]>
              </value>
            </param>
          </params>
          <reporter-output>
          </reporter-output>
        </test-method> <!-- runScenario -->
        <test-method signature="runScenario(io.cucumber.testng.PickleWrapper,io.cucumber.testng.FeatureWrapper)[pri:0, instance:runner.TestRunner@43ed0ff3]" started-at="2024-04-28T20:35:55 PDT" name="runScenario" description="Runs Cucumber Scenarios" data-provider="scenarios" finished-at="2024-04-28T20:35:56 PDT" duration-ms="1020" status="PASS">
          <params>
            <param index="0">
              <value>
                <![CDATA["Verify Edit and Delete buttons"]]>
              </value>
            </param>
            <param index="1">
              <value>
                <![CDATA["Manage Program Validation"]]>
              </value>
            </param>
          </params>
          <reporter-output>
          </reporter-output>
        </test-method> <!-- runScenario -->
        <test-method signature="runScenario(io.cucumber.testng.PickleWrapper,io.cucumber.testng.FeatureWrapper)[pri:0, instance:runner.TestRunner@43ed0ff3]" started-at="2024-04-28T20:35:56 PDT" name="runScenario" description="Runs Cucumber Scenarios" data-provider="scenarios" finished-at="2024-04-28T20:35:58 PDT" duration-ms="1363" status="PASS">
          <params>
            <param index="0">
              <value>
                <![CDATA["Validate Program Details Popup window"]]>
              </value>
            </param>
            <param index="1">
              <value>
                <![CDATA["Add a Program"]]>
              </value>
            </param>
          </params>
          <reporter-output>
          </reporter-output>
        </test-method> <!-- runScenario -->
        <test-method signature="runScenario(io.cucumber.testng.PickleWrapper,io.cucumber.testng.FeatureWrapper)[pri:0, instance:runner.TestRunner@43ed0ff3]" started-at="2024-04-28T20:35:58 PDT" name="runScenario" description="Runs Cucumber Scenarios" data-provider="scenarios" finished-at="2024-04-28T20:35:59 PDT" duration-ms="1251" status="PASS">
          <params>
            <param index="0">
              <value>
                <![CDATA["Validate input fields and their text boxes in Program details form"]]>
              </value>
            </param>
            <param index="1">
              <value>
                <![CDATA["Add a Program"]]>
              </value>
            </param>
          </params>
          <reporter-output>
          </reporter-output>
        </test-method> <!-- runScenario -->
        <test-method signature="runScenario(io.cucumber.testng.PickleWrapper,io.cucumber.testng.FeatureWrapper)[pri:0, instance:runner.TestRunner@43ed0ff3]" started-at="2024-04-28T20:35:59 PDT" name="runScenario" description="Runs Cucumber Scenarios" data-provider="scenarios" finished-at="2024-04-28T20:36:00 PDT" duration-ms="1260" status="PASS">
          <params>
            <param index="0">
              <value>
                <![CDATA["Validate radio button for Program Status"]]>
              </value>
            </param>
            <param index="1">
              <value>
                <![CDATA["Add a Program"]]>
              </value>
            </param>
          </params>
          <reporter-output>
          </reporter-output>
        </test-method> <!-- runScenario -->
        <test-method signature="runScenario(io.cucumber.testng.PickleWrapper,io.cucumber.testng.FeatureWrapper)[pri:0, instance:runner.TestRunner@43ed0ff3]" started-at="2024-04-28T20:36:00 PDT" name="runScenario" description="Runs Cucumber Scenarios" data-provider="scenarios" finished-at="2024-04-28T20:36:02 PDT" duration-ms="1453" status="PASS">
          <params>
            <param index="0">
              <value>
                <![CDATA["Empty form submission"]]>
              </value>
            </param>
            <param index="1">
              <value>
                <![CDATA["Add New Program Form Validation"]]>
              </value>
            </param>
          </params>
          <reporter-output>
          </reporter-output>
        </test-method> <!-- runScenario -->
        <test-method signature="runScenario(io.cucumber.testng.PickleWrapper,io.cucumber.testng.FeatureWrapper)[pri:0, instance:runner.TestRunner@43ed0ff3]" started-at="2024-04-28T20:36:02 PDT" name="runScenario" description="Runs Cucumber Scenarios" data-provider="scenarios" finished-at="2024-04-28T20:36:03 PDT" duration-ms="1581" status="PASS">
          <params>
            <param index="0">
              <value>
                <![CDATA["Enter only Program Name"]]>
              </value>
            </param>
            <param index="1">
              <value>
                <![CDATA["Add New Program Form Validation"]]>
              </value>
            </param>
          </params>
          <reporter-output>
          </reporter-output>
        </test-method> <!-- runScenario -->
        <test-method signature="runScenario(io.cucumber.testng.PickleWrapper,io.cucumber.testng.FeatureWrapper)[pri:0, instance:runner.TestRunner@43ed0ff3]" started-at="2024-04-28T20:36:03 PDT" name="runScenario" description="Runs Cucumber Scenarios" data-provider="scenarios" finished-at="2024-04-28T20:36:05 PDT" duration-ms="1605" status="PASS">
          <params>
            <param index="0">
              <value>
                <![CDATA["Enter only Program Name"]]>
              </value>
            </param>
            <param index="1">
              <value>
                <![CDATA["Add New Program Form Validation"]]>
              </value>
            </param>
          </params>
          <reporter-output>
          </reporter-output>
        </test-method> <!-- runScenario -->
        <test-method signature="runScenario(io.cucumber.testng.PickleWrapper,io.cucumber.testng.FeatureWrapper)[pri:0, instance:runner.TestRunner@43ed0ff3]" started-at="2024-04-28T20:36:05 PDT" name="runScenario" description="Runs Cucumber Scenarios" data-provider="scenarios" finished-at="2024-04-28T20:36:06 PDT" duration-ms="1564" status="PASS">
          <params>
            <param index="0">
              <value>
                <![CDATA["Enter only Program Name"]]>
              </value>
            </param>
            <param index="1">
              <value>
                <![CDATA["Add New Program Form Validation"]]>
              </value>
            </param>
          </params>
          <reporter-output>
          </reporter-output>
        </test-method> <!-- runScenario -->
        <test-method signature="runScenario(io.cucumber.testng.PickleWrapper,io.cucumber.testng.FeatureWrapper)[pri:0, instance:runner.TestRunner@43ed0ff3]" started-at="2024-04-28T20:36:06 PDT" name="runScenario" description="Runs Cucumber Scenarios" data-provider="scenarios" finished-at="2024-04-28T20:36:08 PDT" duration-ms="1532" status="PASS">
          <params>
            <param index="0">
              <value>
                <![CDATA["Enter only Program Description"]]>
              </value>
            </param>
            <param index="1">
              <value>
                <![CDATA["Add New Program Form Validation"]]>
              </value>
            </param>
          </params>
          <reporter-output>
          </reporter-output>
        </test-method> <!-- runScenario -->
        <test-method signature="runScenario(io.cucumber.testng.PickleWrapper,io.cucumber.testng.FeatureWrapper)[pri:0, instance:runner.TestRunner@43ed0ff3]" started-at="2024-04-28T20:36:08 PDT" name="runScenario" description="Runs Cucumber Scenarios" data-provider="scenarios" finished-at="2024-04-28T20:36:10 PDT" duration-ms="1549" status="PASS">
          <params>
            <param index="0">
              <value>
                <![CDATA["Select Status only"]]>
              </value>
            </param>
            <param index="1">
              <value>
                <![CDATA["Add New Program Form Validation"]]>
              </value>
            </param>
          </params>
          <reporter-output>
          </reporter-output>
        </test-method> <!-- runScenario -->
        <test-method signature="runScenario(io.cucumber.testng.PickleWrapper,io.cucumber.testng.FeatureWrapper)[pri:0, instance:runner.TestRunner@43ed0ff3]" started-at="2024-04-28T20:36:10 PDT" name="runScenario" description="Runs Cucumber Scenarios" data-provider="scenarios" finished-at="2024-04-28T20:36:11 PDT" duration-ms="1251" status="PASS">
          <params>
            <param index="0">
              <value>
                <![CDATA["Validate invalid values on the text column"]]>
              </value>
            </param>
            <param index="1">
              <value>
                <![CDATA["Add New Program Form Validation"]]>
              </value>
            </param>
          </params>
          <reporter-output>
          </reporter-output>
        </test-method> <!-- runScenario -->
        <test-method signature="runScenario(io.cucumber.testng.PickleWrapper,io.cucumber.testng.FeatureWrapper)[pri:0, instance:runner.TestRunner@43ed0ff3]" started-at="2024-04-28T20:36:11 PDT" name="runScenario" description="Runs Cucumber Scenarios" data-provider="scenarios" finished-at="2024-04-28T20:36:12 PDT" duration-ms="1600" status="PASS">
          <params>
            <param index="0">
              <value>
                <![CDATA["Validate invalid values on the text column"]]>
              </value>
            </param>
            <param index="1">
              <value>
                <![CDATA["Add New Program Form Validation"]]>
              </value>
            </param>
          </params>
          <reporter-output>
          </reporter-output>
        </test-method> <!-- runScenario -->
        <test-method signature="runScenario(io.cucumber.testng.PickleWrapper,io.cucumber.testng.FeatureWrapper)[pri:0, instance:runner.TestRunner@43ed0ff3]" started-at="2024-04-28T20:36:12 PDT" name="runScenario" description="Runs Cucumber Scenarios" data-provider="scenarios" finished-at="2024-04-28T20:36:29 PDT" duration-ms="17000" status="PASS">
          <params>
            <param index="0">
              <value>
                <![CDATA["Validate Cancel or Close icon on Program Details form"]]>
              </value>
            </param>
            <param index="1">
              <value>
                <![CDATA["Add New Program Form Validation"]]>
              </value>
            </param>
          </params>
          <reporter-output>
          </reporter-output>
        </test-method> <!-- runScenario -->
        <test-method signature="runScenario(io.cucumber.testng.PickleWrapper,io.cucumber.testng.FeatureWrapper)[pri:0, instance:runner.TestRunner@43ed0ff3]" started-at="2024-04-28T20:36:29 PDT" name="runScenario" description="Runs Cucumber Scenarios" data-provider="scenarios" finished-at="2024-04-28T20:36:47 PDT" duration-ms="17455" status="PASS">
          <params>
            <param index="0">
              <value>
                <![CDATA["Validate Cancel button on Program Details form"]]>
              </value>
            </param>
            <param index="1">
              <value>
                <![CDATA["Add New Program Form Validation"]]>
              </value>
            </param>
          </params>
          <reporter-output>
          </reporter-output>
        </test-method> <!-- runScenario -->
        <test-method signature="runScenario(io.cucumber.testng.PickleWrapper,io.cucumber.testng.FeatureWrapper)[pri:0, instance:runner.TestRunner@43ed0ff3]" started-at="2024-04-28T20:36:47 PDT" name="runScenario" description="Runs Cucumber Scenarios" data-provider="scenarios" finished-at="2024-04-28T20:36:51 PDT" duration-ms="3843" status="PASS">
          <params>
            <param index="0">
              <value>
                <![CDATA["Validate Save button on Program Details form"]]>
              </value>
            </param>
            <param index="1">
              <value>
                <![CDATA["Add New Program Form Validation"]]>
              </value>
            </param>
          </params>
          <reporter-output>
          </reporter-output>
        </test-method> <!-- runScenario -->
        <test-method signature="runScenario(io.cucumber.testng.PickleWrapper,io.cucumber.testng.FeatureWrapper)[pri:0, instance:runner.TestRunner@43ed0ff3]" started-at="2024-04-28T20:36:51 PDT" name="runScenario" description="Runs Cucumber Scenarios" data-provider="scenarios" finished-at="2024-04-28T20:36:52 PDT" duration-ms="1731" status="PASS">
          <params>
            <param index="0">
              <value>
                <![CDATA["Edit Program Name"]]>
              </value>
            </param>
            <param index="1">
              <value>
                <![CDATA["Edit Program Details"]]>
              </value>
            </param>
          </params>
          <reporter-output>
          </reporter-output>
        </test-method> <!-- runScenario -->
        <test-method signature="runScenario(io.cucumber.testng.PickleWrapper,io.cucumber.testng.FeatureWrapper)[pri:0, instance:runner.TestRunner@43ed0ff3]" started-at="2024-04-28T20:36:52 PDT" name="runScenario" description="Runs Cucumber Scenarios" data-provider="scenarios" finished-at="2024-04-28T20:36:55 PDT" duration-ms="2223" status="PASS">
          <params>
            <param index="0">
              <value>
                <![CDATA["Edit Program description"]]>
              </value>
            </param>
            <param index="1">
              <value>
                <![CDATA["Edit Program Details"]]>
              </value>
            </param>
          </params>
          <reporter-output>
          </reporter-output>
        </test-method> <!-- runScenario -->
        <test-method signature="runScenario(io.cucumber.testng.PickleWrapper,io.cucumber.testng.FeatureWrapper)[pri:0, instance:runner.TestRunner@43ed0ff3]" started-at="2024-04-28T20:36:55 PDT" name="runScenario" description="Runs Cucumber Scenarios" data-provider="scenarios" finished-at="2024-04-28T20:36:57 PDT" duration-ms="2035" status="PASS">
          <params>
            <param index="0">
              <value>
                <![CDATA["Validate invalid values on the text column"]]>
              </value>
            </param>
            <param index="1">
              <value>
                <![CDATA["Edit Program Details"]]>
              </value>
            </param>
          </params>
          <reporter-output>
          </reporter-output>
        </test-method> <!-- runScenario -->
        <test-method signature="runScenario(io.cucumber.testng.PickleWrapper,io.cucumber.testng.FeatureWrapper)[pri:0, instance:runner.TestRunner@43ed0ff3]" started-at="2024-04-28T20:36:57 PDT" name="runScenario" description="Runs Cucumber Scenarios" data-provider="scenarios" finished-at="2024-04-28T20:36:58 PDT" duration-ms="1500" status="PASS">
          <params>
            <param index="0">
              <value>
                <![CDATA["Validate invalid values on the text column"]]>
              </value>
            </param>
            <param index="1">
              <value>
                <![CDATA["Edit Program Details"]]>
              </value>
            </param>
          </params>
          <reporter-output>
          </reporter-output>
        </test-method> <!-- runScenario -->
        <test-method signature="runScenario(io.cucumber.testng.PickleWrapper,io.cucumber.testng.FeatureWrapper)[pri:0, instance:runner.TestRunner@43ed0ff3]" started-at="2024-04-28T20:36:58 PDT" name="runScenario" description="Runs Cucumber Scenarios" data-provider="scenarios" finished-at="2024-04-28T20:37:00 PDT" duration-ms="1435" status="PASS">
          <params>
            <param index="0">
              <value>
                <![CDATA["Change Program Status"]]>
              </value>
            </param>
            <param index="1">
              <value>
                <![CDATA["Edit Program Details"]]>
              </value>
            </param>
          </params>
          <reporter-output>
          </reporter-output>
        </test-method> <!-- runScenario -->
        <test-method signature="runScenario(io.cucumber.testng.PickleWrapper,io.cucumber.testng.FeatureWrapper)[pri:0, instance:runner.TestRunner@43ed0ff3]" started-at="2024-04-28T20:37:00 PDT" name="runScenario" description="Runs Cucumber Scenarios" data-provider="scenarios" finished-at="2024-04-28T20:37:17 PDT" duration-ms="16853" status="PASS">
          <params>
            <param index="0">
              <value>
                <![CDATA["Validate Cancel button on Edit popup"]]>
              </value>
            </param>
            <param index="1">
              <value>
                <![CDATA["Edit Program Details"]]>
              </value>
            </param>
          </params>
          <reporter-output>
          </reporter-output>
        </test-method> <!-- runScenario -->
        <test-method signature="runScenario(io.cucumber.testng.PickleWrapper,io.cucumber.testng.FeatureWrapper)[pri:0, instance:runner.TestRunner@43ed0ff3]" started-at="2024-04-28T20:37:17 PDT" name="runScenario" description="Runs Cucumber Scenarios" data-provider="scenarios" finished-at="2024-04-28T20:37:19 PDT" duration-ms="2174" status="FAIL">
          <params>
            <param index="0">
              <value>
                <![CDATA["Click Yes on deletion window"]]>
              </value>
            </param>
            <param index="1">
              <value>
                <![CDATA["Add New Program Dummy"]]>
              </value>
            </param>
          </params>
          <exception class="java.lang.NullPointerException">
            <message>
              <![CDATA[Cannot invoke "java.lang.CharSequence.toString()" because "s" is null]]>
            </message>
            <full-stacktrace>
              <![CDATA[java.lang.NullPointerException: Cannot invoke "java.lang.CharSequence.toString()" because "s" is null
at java.base/java.lang.String.contains(String.java:2850)
at pageObjects.ManageProgramPage.checkForTheAddedProgram(ManageProgramPage.java:81)
at stepDefinitions.ManageProgramPage_SD.admin_gets_a_message_successful_program_deleted_alert_and_able_to_see_that_program_deleted_in_the_data_table(ManageProgramPage_SD.java:496)
at ✽.Admin gets a message Successful Program Deleted alert and able to see that program deleted in the data table(file:///C:/Users/kundu/git/LMS-Hackathon-Team-15/src/test/resources/Features/C_ProgramModule/AddProgramdummy.feature:13)
]]>
            </full-stacktrace>
          </exception> <!-- java.lang.NullPointerException -->
          <reporter-output>
          </reporter-output>
        </test-method> <!-- runScenario -->
        <test-method signature="runScenario(io.cucumber.testng.PickleWrapper,io.cucumber.testng.FeatureWrapper)[pri:0, instance:runner.TestRunner@43ed0ff3]" started-at="2024-04-28T20:37:19 PDT" name="runScenario" description="Runs Cucumber Scenarios" data-provider="scenarios" finished-at="2024-04-28T20:37:20 PDT" duration-ms="1280" status="PASS">
          <params>
            <param index="0">
              <value>
                <![CDATA["Delete Program"]]>
              </value>
            </param>
            <param index="1">
              <value>
                <![CDATA["Add New Program Dummy"]]>
              </value>
            </param>
          </params>
          <reporter-output>
          </reporter-output>
        </test-method> <!-- runScenario -->
        <test-method signature="runScenario(io.cucumber.testng.PickleWrapper,io.cucumber.testng.FeatureWrapper)[pri:0, instance:runner.TestRunner@43ed0ff3]" started-at="2024-04-28T20:37:20 PDT" name="runScenario" description="Runs Cucumber Scenarios" data-provider="scenarios" finished-at="2024-04-28T20:37:21 PDT" duration-ms="1262" status="FAIL">
          <params>
            <param index="0">
              <value>
                <![CDATA["Click Yes on deletion window"]]>
              </value>
            </param>
            <param index="1">
              <value>
                <![CDATA["Add New Program Dummy"]]>
              </value>
            </param>
          </params>
          <exception class="io.cucumber.testng.UndefinedStepException">
            <message>
              <![CDATA[The step 'Admin clicks <YES> button on the alert' is undefined.
You can implement this step using the snippet(s) below:

@When("Admin clicks <YES> button on the alert")
public void admin_clicks_yes_button_on_the_alert() {
    // Write code here that turns the phrase above into concrete actions
    throw new io.cucumber.java.PendingException();
}
]]>
            </message>
            <full-stacktrace>
              <![CDATA[io.cucumber.testng.UndefinedStepException: The step 'Admin clicks <YES> button on the alert' is undefined.
You can implement this step using the snippet(s) below:

@When("Admin clicks <YES> button on the alert")
public void admin_clicks_yes_button_on_the_alert() {
    // Write code here that turns the phrase above into concrete actions
    throw new io.cucumber.java.PendingException();
}

at io.cucumber.core.runtime.TestCaseResultObserver.assertTestCasePassed(TestCaseResultObserver.java:69)
at io.cucumber.testng.TestCaseResultObserver.assertTestCasePassed(TestCaseResultObserver.java:23)
at io.cucumber.testng.TestNGCucumberRunner.lambda$runScenario$1(TestNGCucumberRunner.java:133)
at io.cucumber.core.runtime.CucumberExecutionContext.lambda$runTestCase$5(CucumberExecutionContext.java:136)
at io.cucumber.core.runtime.RethrowingThrowableCollector.executeAndThrow(RethrowingThrowableCollector.java:23)
at io.cucumber.core.runtime.CucumberExecutionContext.runTestCase(CucumberExecutionContext.java:136)
at io.cucumber.testng.TestNGCucumberRunner.runScenario(TestNGCucumberRunner.java:129)
at io.cucumber.testng.AbstractTestNGCucumberTests.runScenario(AbstractTestNGCucumberTests.java:35)
at java.base/jdk.internal.reflect.DirectMethodHandleAccessor.invoke(DirectMethodHandleAccessor.java:104)
at java.base/java.lang.reflect.Method.invoke(Method.java:577)
at org.testng.internal.invokers.MethodInvocationHelper.invokeMethod(MethodInvocationHelper.java:139)
at org.testng.internal.invokers.TestInvoker.invokeMethod(TestInvoker.java:677)
at org.testng.internal.invokers.TestInvoker.invokeTestMethod(TestInvoker.java:221)
at org.testng.internal.invokers.MethodRunner.runInSequence(MethodRunner.java:50)
at org.testng.internal.invokers.TestInvoker$MethodInvocationAgent.invoke(TestInvoker.java:969)
at org.testng.internal.invokers.TestInvoker.invokeTestMethods(TestInvoker.java:194)
at org.testng.internal.invokers.TestMethodWorker.invokeTestMethods(TestMethodWorker.java:148)
at org.testng.internal.invokers.TestMethodWorker.run(TestMethodWorker.java:128)
at java.base/java.util.ArrayList.forEach(ArrayList.java:1511)
at org.testng.TestRunner.privateRun(TestRunner.java:829)
at org.testng.TestRunner.run(TestRunner.java:602)
at org.testng.SuiteRunner.runTest(SuiteRunner.java:437)
at org.testng.SuiteRunner.runSequentially(SuiteRunner.java:431)
at org.testng.SuiteRunner.privateRun(SuiteRunner.java:391)
at org.testng.SuiteRunner.run(SuiteRunner.java:330)
at org.testng.SuiteRunnerWorker.runSuite(SuiteRunnerWorker.java:52)
at org.testng.SuiteRunnerWorker.run(SuiteRunnerWorker.java:95)
at org.testng.TestNG.runSuitesSequentially(TestNG.java:1256)
at org.testng.TestNG.runSuitesLocally(TestNG.java:1176)
at org.testng.TestNG.runSuites(TestNG.java:1099)
at org.testng.TestNG.run(TestNG.java:1067)
at org.testng.remote.AbstractRemoteTestNG.run(AbstractRemoteTestNG.java:115)
at org.testng.remote.RemoteTestNG.initAndRun(RemoteTestNG.java:251)
at org.testng.remote.RemoteTestNG.main(RemoteTestNG.java:77)
]]>
            </full-stacktrace>
          </exception> <!-- io.cucumber.testng.UndefinedStepException -->
          <reporter-output>
          </reporter-output>
        </test-method> <!-- runScenario -->
        <test-method is-config="true" signature="tearDownClass()[pri:0, instance:runner.TestRunner@43ed0ff3]" started-at="2024-04-28T20:37:21 PDT" name="tearDownClass" finished-at="2024-04-28T20:37:24 PDT" duration-ms="2703" status="PASS">
          <reporter-output>
          </reporter-output>
        </test-method> <!-- tearDownClass -->
      </class> <!-- runner.TestRunner -->
    </test> <!-- Default test -->
  </suite> <!-- Default suite -->
</testng-results>
