<?xml version="1.0" encoding="UTF-8"?>
<testng-results ignored="0" total="25" passed="18" failed="7" skipped="0">
  <reporter-output>
  </reporter-output>
  <suite started-at="2024-04-29T10:21:41 PDT" name="Default suite" finished-at="2024-04-29T10:23:04 PDT" duration-ms="82756">
    <groups>
      <group name="cucumber">
        <method signature="AbstractTestNGCucumberTests.runScenario(io.cucumber.testng.PickleWrapper,io.cucumber.testng.FeatureWrapper)[pri:0, instance:runner.TestRunner@d4602a]" name="runScenario" class="io.cucumber.testng.AbstractTestNGCucumberTests"/>
      </group> <!-- cucumber -->
    </groups>
    <test started-at="2024-04-29T10:21:41 PDT" name="Default test" finished-at="2024-04-29T10:23:04 PDT" duration-ms="82756">
      <class name="runner.TestRunner">
        <test-method is-config="true" signature="setUpClass(org.testng.ITestContext)[pri:0, instance:runner.TestRunner@d4602a]" started-at="2024-04-29T10:21:41 PDT" name="setUpClass" finished-at="2024-04-29T10:21:42 PDT" duration-ms="676" status="PASS">
          <params>
            <param index="0">
              <value>
                <![CDATA[org.testng.TestRunner@67683210]]>
              </value>
            </param>
          </params>
          <reporter-output>
          </reporter-output>
        </test-method> <!-- setUpClass -->
        <test-method signature="runScenario(io.cucumber.testng.PickleWrapper,io.cucumber.testng.FeatureWrapper)[pri:0, instance:runner.TestRunner@d4602a]" started-at="2024-04-29T10:21:42 PDT" name="runScenario" description="Runs Cucumber Scenarios" data-provider="scenarios" finished-at="2024-04-29T10:21:49 PDT" duration-ms="7352" status="PASS">
          <params>
            <param index="0">
              <value>
                <![CDATA["Successfull login with valid credentials"]]>
              </value>
            </param>
            <param index="1">
              <value>
                <![CDATA["Admin login to the application with valid data"]]>
              </value>
            </param>
          </params>
          <reporter-output>
          </reporter-output>
        </test-method> <!-- runScenario -->
        <test-method signature="runScenario(io.cucumber.testng.PickleWrapper,io.cucumber.testng.FeatureWrapper)[pri:0, instance:runner.TestRunner@d4602a]" started-at="2024-04-29T10:21:49 PDT" name="runScenario" description="Runs Cucumber Scenarios" data-provider="scenarios" finished-at="2024-04-29T10:21:50 PDT" duration-ms="654" status="PASS">
          <params>
            <param index="0">
              <value>
                <![CDATA["Successful logout"]]>
              </value>
            </param>
            <param index="1">
              <value>
                <![CDATA["Admin login to the application with valid data"]]>
              </value>
            </param>
          </params>
          <reporter-output>
          </reporter-output>
        </test-method> <!-- runScenario -->
        <test-method signature="runScenario(io.cucumber.testng.PickleWrapper,io.cucumber.testng.FeatureWrapper)[pri:0, instance:runner.TestRunner@d4602a]" started-at="2024-04-29T10:21:50 PDT" name="runScenario" description="Runs Cucumber Scenarios" data-provider="scenarios" finished-at="2024-04-29T10:21:50 PDT" duration-ms="27" status="PASS">
          <params>
            <param index="0">
              <value>
                <![CDATA["Title of your scenario"]]>
              </value>
            </param>
            <param index="1">
              <value>
                <![CDATA["Title of your feature"]]>
              </value>
            </param>
          </params>
          <reporter-output>
          </reporter-output>
        </test-method> <!-- runScenario -->
        <test-method signature="runScenario(io.cucumber.testng.PickleWrapper,io.cucumber.testng.FeatureWrapper)[pri:0, instance:runner.TestRunner@d4602a]" started-at="2024-04-29T10:21:50 PDT" name="runScenario" description="Runs Cucumber Scenarios" data-provider="scenarios" finished-at="2024-04-29T10:21:51 PDT" duration-ms="1498" status="PASS">
          <params>
            <param index="0">
              <value>
                <![CDATA["Validate Common Delete button enabled after clicking on any checkbox"]]>
              </value>
            </param>
            <param index="1">
              <value>
                <![CDATA["Multiple Delete Program"]]>
              </value>
            </param>
          </params>
          <reporter-output>
          </reporter-output>
        </test-method> <!-- runScenario -->
        <test-method signature="runScenario(io.cucumber.testng.PickleWrapper,io.cucumber.testng.FeatureWrapper)[pri:0, instance:runner.TestRunner@d4602a]" started-at="2024-04-29T10:21:51 PDT" name="runScenario" description="Runs Cucumber Scenarios" data-provider="scenarios" finished-at="2024-04-29T10:21:55 PDT" duration-ms="3965" status="PASS">
          <params>
            <param index="0">
              <value>
                <![CDATA["Validate multiple programs deletion by selecting Single checkbox"]]>
              </value>
            </param>
            <param index="1">
              <value>
                <![CDATA["Multiple Delete Program"]]>
              </value>
            </param>
          </params>
          <reporter-output>
          </reporter-output>
        </test-method> <!-- runScenario -->
        <test-method signature="runScenario(io.cucumber.testng.PickleWrapper,io.cucumber.testng.FeatureWrapper)[pri:0, instance:runner.TestRunner@d4602a]" started-at="2024-04-29T10:21:55 PDT" name="runScenario" description="Runs Cucumber Scenarios" data-provider="scenarios" finished-at="2024-04-29T10:21:59 PDT" duration-ms="4108" status="FAIL">
          <params>
            <param index="0">
              <value>
                <![CDATA["Validate multiple program deletion by selecting Single checkbox"]]>
              </value>
            </param>
            <param index="1">
              <value>
                <![CDATA["Multiple Delete Program"]]>
              </value>
            </param>
          </params>
          <exception class="java.lang.AssertionError">
            <message>
              <![CDATA[Program not deleted expected [Showing 1 to 5 of 32 entries] but found [Showing 1 to 1 of 1 entries]]]>
            </message>
            <full-stacktrace>
              <![CDATA[java.lang.AssertionError: Program not deleted expected [Showing 1 to 5 of 32 entries] but found [Showing 1 to 1 of 1 entries]
at org.testng.Assert.fail(Assert.java:110)
at org.testng.Assert.failNotEquals(Assert.java:1577)
at org.testng.Assert.assertEqualsImpl(Assert.java:149)
at org.testng.Assert.assertEquals(Assert.java:131)
at org.testng.Assert.assertEquals(Assert.java:655)
at pageObjects.ManageProgramPage.deleteFunctionWithNoOption(ManageProgramPage.java:166)
at stepDefinitions.ManageProgramPage_SD.admin_should_land_on_manage_program_page_and_can_see_the_selected_program_is_not_deleted_from_the_data_table(ManageProgramPage_SD.java:246)
at ✽.Admin should land on Manage Program page and can see the selected program is not deleted from the data table(file:///C:/Users/chand/git/LMS-Hackathon-Team-15/src/test/resources/Features/C_ProgramModule/01_MultipleDeleteProgram.feature:23)
]]>
            </full-stacktrace>
          </exception> <!-- java.lang.AssertionError -->
          <reporter-output>
          </reporter-output>
        </test-method> <!-- runScenario -->
        <test-method signature="runScenario(io.cucumber.testng.PickleWrapper,io.cucumber.testng.FeatureWrapper)[pri:0, instance:runner.TestRunner@d4602a]" started-at="2024-04-29T10:21:59 PDT" name="runScenario" description="Runs Cucumber Scenarios" data-provider="scenarios" finished-at="2024-04-29T10:22:18 PDT" duration-ms="19117" status="FAIL">
          <params>
            <param index="0">
              <value>
                <![CDATA["Validate multiple program deletion by selecting multiple check boxes"]]>
              </value>
            </param>
            <param index="1">
              <value>
                <![CDATA["Multiple Delete Program"]]>
              </value>
            </param>
          </params>
          <exception class="org.openqa.selenium.NoSuchElementException">
            <message>
              <![CDATA[no such element: Unable to locate element: {"method":"xpath","selector":"//tr//td[2]"}
  (Session info: chrome=124.0.6367.78)
For documentation on this error, please visit: https://www.selenium.dev/documentation/webdriver/troubleshooting/errors#no-such-element-exception
Build info: version: '4.19.1', revision: 'abe0ee07dc'
System info: os.name: 'Windows 11', os.arch: 'amd64', os.version: '10.0', java.version: '17.0.7'
Driver info: org.openqa.selenium.chrome.ChromeDriver
Command: [907e5068bd8db8ab72469fa9044931f9, findElement {using=xpath, value=//tr//td[2]}]
Capabilities {acceptInsecureCerts: false, browserName: chrome, browserVersion: 124.0.6367.78, chrome: {chromedriverVersion: 124.0.6367.91 (51df0e5e17a8..., userDataDir: C:\Users\chand\AppData\Loca...}, fedcm:accounts: true, goog:chromeOptions: {debuggerAddress: localhost:62875}, networkConnectionEnabled: false, pageLoadStrategy: normal, platformName: windows, proxy: Proxy(), se:cdp: ws://localhost:62875/devtoo..., se:cdpVersion: 124.0.6367.78, setWindowRect: true, strictFileInteractability: false, timeouts: {implicit: 0, pageLoad: 300000, script: 30000}, unhandledPromptBehavior: dismiss and notify, webauthn:extension:credBlob: true, webauthn:extension:largeBlob: true, webauthn:extension:minPinLength: true, webauthn:extension:prf: true, webauthn:virtualAuthenticators: true}
Session ID: 907e5068bd8db8ab72469fa9044931f9]]>
            </message>
            <full-stacktrace>
              <![CDATA[org.openqa.selenium.NoSuchElementException: no such element: Unable to locate element: {"method":"xpath","selector":"//tr//td[2]"}
  (Session info: chrome=124.0.6367.78)
For documentation on this error, please visit: https://www.selenium.dev/documentation/webdriver/troubleshooting/errors#no-such-element-exception
Build info: version: '4.19.1', revision: 'abe0ee07dc'
System info: os.name: 'Windows 11', os.arch: 'amd64', os.version: '10.0', java.version: '17.0.7'
Driver info: org.openqa.selenium.chrome.ChromeDriver
Command: [907e5068bd8db8ab72469fa9044931f9, findElement {using=xpath, value=//tr//td[2]}]
Capabilities {acceptInsecureCerts: false, browserName: chrome, browserVersion: 124.0.6367.78, chrome: {chromedriverVersion: 124.0.6367.91 (51df0e5e17a8..., userDataDir: C:\Users\chand\AppData\Loca...}, fedcm:accounts: true, goog:chromeOptions: {debuggerAddress: localhost:62875}, networkConnectionEnabled: false, pageLoadStrategy: normal, platformName: windows, proxy: Proxy(), se:cdp: ws://localhost:62875/devtoo..., se:cdpVersion: 124.0.6367.78, setWindowRect: true, strictFileInteractability: false, timeouts: {implicit: 0, pageLoad: 300000, script: 30000}, unhandledPromptBehavior: dismiss and notify, webauthn:extension:credBlob: true, webauthn:extension:largeBlob: true, webauthn:extension:minPinLength: true, webauthn:extension:prf: true, webauthn:virtualAuthenticators: true}
Session ID: 907e5068bd8db8ab72469fa9044931f9
at java.base/jdk.internal.reflect.NativeConstructorAccessorImpl.newInstance0(Native Method)
at java.base/jdk.internal.reflect.NativeConstructorAccessorImpl.newInstance(NativeConstructorAccessorImpl.java:77)
at java.base/jdk.internal.reflect.DelegatingConstructorAccessorImpl.newInstance(DelegatingConstructorAccessorImpl.java:45)
at java.base/java.lang.reflect.Constructor.newInstanceWithCaller(Constructor.java:499)
at java.base/java.lang.reflect.Constructor.newInstance(Constructor.java:480)
at org.openqa.selenium.remote.ErrorCodec.decode(ErrorCodec.java:167)
at org.openqa.selenium.remote.codec.w3c.W3CHttpResponseCodec.decode(W3CHttpResponseCodec.java:138)
at org.openqa.selenium.remote.codec.w3c.W3CHttpResponseCodec.decode(W3CHttpResponseCodec.java:50)
at org.openqa.selenium.remote.HttpCommandExecutor.execute(HttpCommandExecutor.java:190)
at org.openqa.selenium.remote.service.DriverCommandExecutor.invokeExecute(DriverCommandExecutor.java:216)
at org.openqa.selenium.remote.service.DriverCommandExecutor.execute(DriverCommandExecutor.java:174)
at org.openqa.selenium.remote.RemoteWebDriver.execute(RemoteWebDriver.java:518)
at org.openqa.selenium.remote.ElementLocation$ElementFinder$2.findElement(ElementLocation.java:165)
at org.openqa.selenium.remote.ElementLocation.findElement(ElementLocation.java:59)
at org.openqa.selenium.remote.RemoteWebDriver.findElement(RemoteWebDriver.java:355)
at org.openqa.selenium.remote.RemoteWebDriver.findElement(RemoteWebDriver.java:349)
at org.openqa.selenium.support.pagefactory.DefaultElementLocator.findElement(DefaultElementLocator.java:68)
at org.openqa.selenium.support.pagefactory.internal.LocatingElementHandler.invoke(LocatingElementHandler.java:38)
at jdk.proxy2/jdk.proxy2.$Proxy40.getText(Unknown Source)
at pageObjects.ManageProgramPage.getProgramName(ManageProgramPage.java:132)
at stepDefinitions.ManageProgramPage_SD.admin_should_land_on_manage_program_page_and_can_see_the_selected_programs_are_deleted_from_the_data_table(ManageProgramPage_SD.java:270)
at ✽.Admin should land on Manage Program page and can see the selected programs are deleted from the data table(file:///C:/Users/chand/git/LMS-Hackathon-Team-15/src/test/resources/Features/C_ProgramModule/01_MultipleDeleteProgram.feature:29)
]]>
            </full-stacktrace>
          </exception> <!-- org.openqa.selenium.NoSuchElementException -->
          <reporter-output>
          </reporter-output>
        </test-method> <!-- runScenario -->
        <test-method signature="runScenario(io.cucumber.testng.PickleWrapper,io.cucumber.testng.FeatureWrapper)[pri:0, instance:runner.TestRunner@d4602a]" started-at="2024-04-29T10:22:18 PDT" name="runScenario" description="Runs Cucumber Scenarios" data-provider="scenarios" finished-at="2024-04-29T10:22:37 PDT" duration-ms="18914" status="FAIL">
          <params>
            <param index="0">
              <value>
                <![CDATA["Validate multiple program deletion by selecting multiple check boxes"]]>
              </value>
            </param>
            <param index="1">
              <value>
                <![CDATA["Multiple Delete Program"]]>
              </value>
            </param>
          </params>
          <exception class="org.openqa.selenium.NoSuchElementException">
            <message>
              <![CDATA[no such element: Unable to locate element: {"method":"xpath","selector":"//tr//td[2]"}
  (Session info: chrome=124.0.6367.78)
For documentation on this error, please visit: https://www.selenium.dev/documentation/webdriver/troubleshooting/errors#no-such-element-exception
Build info: version: '4.19.1', revision: 'abe0ee07dc'
System info: os.name: 'Windows 11', os.arch: 'amd64', os.version: '10.0', java.version: '17.0.7'
Driver info: org.openqa.selenium.chrome.ChromeDriver
Command: [907e5068bd8db8ab72469fa9044931f9, findElement {using=xpath, value=//tr//td[2]}]
Capabilities {acceptInsecureCerts: false, browserName: chrome, browserVersion: 124.0.6367.78, chrome: {chromedriverVersion: 124.0.6367.91 (51df0e5e17a8..., userDataDir: C:\Users\chand\AppData\Loca...}, fedcm:accounts: true, goog:chromeOptions: {debuggerAddress: localhost:62875}, networkConnectionEnabled: false, pageLoadStrategy: normal, platformName: windows, proxy: Proxy(), se:cdp: ws://localhost:62875/devtoo..., se:cdpVersion: 124.0.6367.78, setWindowRect: true, strictFileInteractability: false, timeouts: {implicit: 0, pageLoad: 300000, script: 30000}, unhandledPromptBehavior: dismiss and notify, webauthn:extension:credBlob: true, webauthn:extension:largeBlob: true, webauthn:extension:minPinLength: true, webauthn:extension:prf: true, webauthn:virtualAuthenticators: true}
Session ID: 907e5068bd8db8ab72469fa9044931f9]]>
            </message>
            <full-stacktrace>
              <![CDATA[org.openqa.selenium.NoSuchElementException: no such element: Unable to locate element: {"method":"xpath","selector":"//tr//td[2]"}
  (Session info: chrome=124.0.6367.78)
For documentation on this error, please visit: https://www.selenium.dev/documentation/webdriver/troubleshooting/errors#no-such-element-exception
Build info: version: '4.19.1', revision: 'abe0ee07dc'
System info: os.name: 'Windows 11', os.arch: 'amd64', os.version: '10.0', java.version: '17.0.7'
Driver info: org.openqa.selenium.chrome.ChromeDriver
Command: [907e5068bd8db8ab72469fa9044931f9, findElement {using=xpath, value=//tr//td[2]}]
Capabilities {acceptInsecureCerts: false, browserName: chrome, browserVersion: 124.0.6367.78, chrome: {chromedriverVersion: 124.0.6367.91 (51df0e5e17a8..., userDataDir: C:\Users\chand\AppData\Loca...}, fedcm:accounts: true, goog:chromeOptions: {debuggerAddress: localhost:62875}, networkConnectionEnabled: false, pageLoadStrategy: normal, platformName: windows, proxy: Proxy(), se:cdp: ws://localhost:62875/devtoo..., se:cdpVersion: 124.0.6367.78, setWindowRect: true, strictFileInteractability: false, timeouts: {implicit: 0, pageLoad: 300000, script: 30000}, unhandledPromptBehavior: dismiss and notify, webauthn:extension:credBlob: true, webauthn:extension:largeBlob: true, webauthn:extension:minPinLength: true, webauthn:extension:prf: true, webauthn:virtualAuthenticators: true}
Session ID: 907e5068bd8db8ab72469fa9044931f9
at java.base/jdk.internal.reflect.NativeConstructorAccessorImpl.newInstance0(Native Method)
at java.base/jdk.internal.reflect.NativeConstructorAccessorImpl.newInstance(NativeConstructorAccessorImpl.java:77)
at java.base/jdk.internal.reflect.DelegatingConstructorAccessorImpl.newInstance(DelegatingConstructorAccessorImpl.java:45)
at java.base/java.lang.reflect.Constructor.newInstanceWithCaller(Constructor.java:499)
at java.base/java.lang.reflect.Constructor.newInstance(Constructor.java:480)
at org.openqa.selenium.remote.ErrorCodec.decode(ErrorCodec.java:167)
at org.openqa.selenium.remote.codec.w3c.W3CHttpResponseCodec.decode(W3CHttpResponseCodec.java:138)
at org.openqa.selenium.remote.codec.w3c.W3CHttpResponseCodec.decode(W3CHttpResponseCodec.java:50)
at org.openqa.selenium.remote.HttpCommandExecutor.execute(HttpCommandExecutor.java:190)
at org.openqa.selenium.remote.service.DriverCommandExecutor.invokeExecute(DriverCommandExecutor.java:216)
at org.openqa.selenium.remote.service.DriverCommandExecutor.execute(DriverCommandExecutor.java:174)
at org.openqa.selenium.remote.RemoteWebDriver.execute(RemoteWebDriver.java:518)
at org.openqa.selenium.remote.ElementLocation$ElementFinder$2.findElement(ElementLocation.java:165)
at org.openqa.selenium.remote.ElementLocation.findElement(ElementLocation.java:59)
at org.openqa.selenium.remote.RemoteWebDriver.findElement(RemoteWebDriver.java:355)
at org.openqa.selenium.remote.RemoteWebDriver.findElement(RemoteWebDriver.java:349)
at org.openqa.selenium.support.pagefactory.DefaultElementLocator.findElement(DefaultElementLocator.java:68)
at org.openqa.selenium.support.pagefactory.internal.LocatingElementHandler.invoke(LocatingElementHandler.java:38)
at jdk.proxy2/jdk.proxy2.$Proxy40.getText(Unknown Source)
at pageObjects.ManageProgramPage.getProgramName(ManageProgramPage.java:132)
at stepDefinitions.ManageProgramPage_SD.admin_should_land_on_manage_program_page_and_can_see_the_selected_programs_are_not_deleted_from_the_data_table(ManageProgramPage_SD.java:282)
at ✽.Admin should land on Manage Program page and can see the selected programs are not deleted from the data table(file:///C:/Users/chand/git/LMS-Hackathon-Team-15/src/test/resources/Features/C_ProgramModule/01_MultipleDeleteProgram.feature:35)
]]>
            </full-stacktrace>
          </exception> <!-- org.openqa.selenium.NoSuchElementException -->
          <reporter-output>
          </reporter-output>
        </test-method> <!-- runScenario -->
        <test-method signature="runScenario(io.cucumber.testng.PickleWrapper,io.cucumber.testng.FeatureWrapper)[pri:0, instance:runner.TestRunner@d4602a]" started-at="2024-04-29T10:22:37 PDT" name="runScenario" description="Runs Cucumber Scenarios" data-provider="scenarios" finished-at="2024-04-29T10:22:39 PDT" duration-ms="1410" status="PASS">
          <params>
            <param index="0">
              <value>
                <![CDATA["Validates Sorting(data ordering) on the Program Data table"]]>
              </value>
            </param>
            <param index="1">
              <value>
                <![CDATA["Sorting(Data Ordering) Validation"]]>
              </value>
            </param>
          </params>
          <reporter-output>
          </reporter-output>
        </test-method> <!-- runScenario -->
        <test-method signature="runScenario(io.cucumber.testng.PickleWrapper,io.cucumber.testng.FeatureWrapper)[pri:0, instance:runner.TestRunner@d4602a]" started-at="2024-04-29T10:22:39 PDT" name="runScenario" description="Runs Cucumber Scenarios" data-provider="scenarios" finished-at="2024-04-29T10:22:41 PDT" duration-ms="1826" status="PASS">
          <params>
            <param index="0">
              <value>
                <![CDATA["Validates Sorting(data ordering) on the Program Data table"]]>
              </value>
            </param>
            <param index="1">
              <value>
                <![CDATA["Sorting(Data Ordering) Validation"]]>
              </value>
            </param>
          </params>
          <reporter-output>
          </reporter-output>
        </test-method> <!-- runScenario -->
        <test-method signature="runScenario(io.cucumber.testng.PickleWrapper,io.cucumber.testng.FeatureWrapper)[pri:0, instance:runner.TestRunner@d4602a]" started-at="2024-04-29T10:22:41 PDT" name="runScenario" description="Runs Cucumber Scenarios" data-provider="scenarios" finished-at="2024-04-29T10:22:42 PDT" duration-ms="1484" status="PASS">
          <params>
            <param index="0">
              <value>
                <![CDATA["Validates Sorting(data ordering) on the Program Data table"]]>
              </value>
            </param>
            <param index="1">
              <value>
                <![CDATA["Sorting(Data Ordering) Validation"]]>
              </value>
            </param>
          </params>
          <reporter-output>
          </reporter-output>
        </test-method> <!-- runScenario -->
        <test-method signature="runScenario(io.cucumber.testng.PickleWrapper,io.cucumber.testng.FeatureWrapper)[pri:0, instance:runner.TestRunner@d4602a]" started-at="2024-04-29T10:22:42 PDT" name="runScenario" description="Runs Cucumber Scenarios" data-provider="scenarios" finished-at="2024-04-29T10:22:43 PDT" duration-ms="1450" status="PASS">
          <params>
            <param index="0">
              <value>
                <![CDATA["Validates Sorting(data ordering) on the Program Data table"]]>
              </value>
            </param>
            <param index="1">
              <value>
                <![CDATA["Sorting(Data Ordering) Validation"]]>
              </value>
            </param>
          </params>
          <reporter-output>
          </reporter-output>
        </test-method> <!-- runScenario -->
        <test-method signature="runScenario(io.cucumber.testng.PickleWrapper,io.cucumber.testng.FeatureWrapper)[pri:0, instance:runner.TestRunner@d4602a]" started-at="2024-04-29T10:22:43 PDT" name="runScenario" description="Runs Cucumber Scenarios" data-provider="scenarios" finished-at="2024-04-29T10:22:45 PDT" duration-ms="1553" status="PASS">
          <params>
            <param index="0">
              <value>
                <![CDATA["Validates Sorting(data ordering) on the Program Data table"]]>
              </value>
            </param>
            <param index="1">
              <value>
                <![CDATA["Sorting(Data Ordering) Validation"]]>
              </value>
            </param>
          </params>
          <reporter-output>
          </reporter-output>
        </test-method> <!-- runScenario -->
        <test-method signature="runScenario(io.cucumber.testng.PickleWrapper,io.cucumber.testng.FeatureWrapper)[pri:0, instance:runner.TestRunner@d4602a]" started-at="2024-04-29T10:22:45 PDT" name="runScenario" description="Runs Cucumber Scenarios" data-provider="scenarios" finished-at="2024-04-29T10:22:47 PDT" duration-ms="1531" status="PASS">
          <params>
            <param index="0">
              <value>
                <![CDATA["Validates Sorting(data ordering) on the Program Data table"]]>
              </value>
            </param>
            <param index="1">
              <value>
                <![CDATA["Sorting(Data Ordering) Validation"]]>
              </value>
            </param>
          </params>
          <reporter-output>
          </reporter-output>
        </test-method> <!-- runScenario -->
        <test-method signature="runScenario(io.cucumber.testng.PickleWrapper,io.cucumber.testng.FeatureWrapper)[pri:0, instance:runner.TestRunner@d4602a]" started-at="2024-04-29T10:22:47 PDT" name="runScenario" description="Runs Cucumber Scenarios" data-provider="scenarios" finished-at="2024-04-29T10:22:48 PDT" duration-ms="1148" status="PASS">
          <params>
            <param index="0">
              <value>
                <![CDATA["Verify Next page link"]]>
              </value>
            </param>
            <param index="1">
              <value>
                <![CDATA["Pagination"]]>
              </value>
            </param>
          </params>
          <reporter-output>
          </reporter-output>
        </test-method> <!-- runScenario -->
        <test-method signature="runScenario(io.cucumber.testng.PickleWrapper,io.cucumber.testng.FeatureWrapper)[pri:0, instance:runner.TestRunner@d4602a]" started-at="2024-04-29T10:22:48 PDT" name="runScenario" description="Runs Cucumber Scenarios" data-provider="scenarios" finished-at="2024-04-29T10:22:49 PDT" duration-ms="1210" status="PASS">
          <params>
            <param index="0">
              <value>
                <![CDATA["Verify Last page link"]]>
              </value>
            </param>
            <param index="1">
              <value>
                <![CDATA["Pagination"]]>
              </value>
            </param>
          </params>
          <reporter-output>
          </reporter-output>
        </test-method> <!-- runScenario -->
        <test-method signature="runScenario(io.cucumber.testng.PickleWrapper,io.cucumber.testng.FeatureWrapper)[pri:0, instance:runner.TestRunner@d4602a]" started-at="2024-04-29T10:22:49 PDT" name="runScenario" description="Runs Cucumber Scenarios" data-provider="scenarios" finished-at="2024-04-29T10:22:50 PDT" duration-ms="1152" status="PASS">
          <params>
            <param index="0">
              <value>
                <![CDATA["Verify First page link"]]>
              </value>
            </param>
            <param index="1">
              <value>
                <![CDATA["Pagination"]]>
              </value>
            </param>
          </params>
          <reporter-output>
          </reporter-output>
        </test-method> <!-- runScenario -->
        <test-method signature="runScenario(io.cucumber.testng.PickleWrapper,io.cucumber.testng.FeatureWrapper)[pri:0, instance:runner.TestRunner@d4602a]" started-at="2024-04-29T10:22:50 PDT" name="runScenario" description="Runs Cucumber Scenarios" data-provider="scenarios" finished-at="2024-04-29T10:22:51 PDT" duration-ms="1222" status="PASS">
          <params>
            <param index="0">
              <value>
                <![CDATA["Verify Start page link"]]>
              </value>
            </param>
            <param index="1">
              <value>
                <![CDATA["Pagination"]]>
              </value>
            </param>
          </params>
          <reporter-output>
          </reporter-output>
        </test-method> <!-- runScenario -->
        <test-method signature="runScenario(io.cucumber.testng.PickleWrapper,io.cucumber.testng.FeatureWrapper)[pri:0, instance:runner.TestRunner@d4602a]" started-at="2024-04-29T10:22:51 PDT" name="runScenario" description="Runs Cucumber Scenarios" data-provider="scenarios" finished-at="2024-04-29T10:22:53 PDT" duration-ms="1358" status="PASS">
          <params>
            <param index="0">
              <value>
                <![CDATA["Batch link on navigation bar"]]>
              </value>
            </param>
            <param index="1">
              <value>
                <![CDATA["Navigation Validation from Manage Program to other Pages"]]>
              </value>
            </param>
          </params>
          <reporter-output>
          </reporter-output>
        </test-method> <!-- runScenario -->
        <test-method signature="runScenario(io.cucumber.testng.PickleWrapper,io.cucumber.testng.FeatureWrapper)[pri:0, instance:runner.TestRunner@d4602a]" started-at="2024-04-29T10:22:53 PDT" name="runScenario" description="Runs Cucumber Scenarios" data-provider="scenarios" finished-at="2024-04-29T10:22:54 PDT" duration-ms="1408" status="PASS">
          <params>
            <param index="0">
              <value>
                <![CDATA["User link on navigation bar"]]>
              </value>
            </param>
            <param index="1">
              <value>
                <![CDATA["Navigation Validation from Manage Program to other Pages"]]>
              </value>
            </param>
          </params>
          <reporter-output>
          </reporter-output>
        </test-method> <!-- runScenario -->
        <test-method signature="runScenario(io.cucumber.testng.PickleWrapper,io.cucumber.testng.FeatureWrapper)[pri:0, instance:runner.TestRunner@d4602a]" started-at="2024-04-29T10:22:54 PDT" name="runScenario" description="Runs Cucumber Scenarios" data-provider="scenarios" finished-at="2024-04-29T10:22:56 PDT" duration-ms="1558" status="PASS">
          <params>
            <param index="0">
              <value>
                <![CDATA["Logout link on navigation bar"]]>
              </value>
            </param>
            <param index="1">
              <value>
                <![CDATA["Navigation Validation from Manage Program to other Pages"]]>
              </value>
            </param>
          </params>
          <reporter-output>
          </reporter-output>
        </test-method> <!-- runScenario -->
        <test-method signature="runScenario(io.cucumber.testng.PickleWrapper,io.cucumber.testng.FeatureWrapper)[pri:0, instance:runner.TestRunner@d4602a]" started-at="2024-04-29T10:22:56 PDT" name="runScenario" description="Runs Cucumber Scenarios" data-provider="scenarios" finished-at="2024-04-29T10:22:57 PDT" duration-ms="1179" status="FAIL">
          <params>
            <param index="0">
              <value>
                <![CDATA["Sort user by id"]]>
              </value>
            </param>
            <param index="1">
              <value>
                <![CDATA["Sort user"]]>
              </value>
            </param>
          </params>
          <exception class="java.lang.NullPointerException">
            <message>
              <![CDATA[Cannot invoke "pageObjects.ManageProgramPage.clickUserButton()" because "this.manageProgramPage" is null]]>
            </message>
            <full-stacktrace>
              <![CDATA[java.lang.NullPointerException: Cannot invoke "pageObjects.ManageProgramPage.clickUserButton()" because "this.manageProgramPage" is null
at stepDefinitions.SortUser_SD.admin_is_on_manage_user_page(SortUser_SD.java:45)
at ✽.Admin is on Manage User Page(file:///C:/Users/chand/git/LMS-Hackathon-Team-15/src/test/resources/Features/D_UserModule/UserSorting.feature:7)
]]>
            </full-stacktrace>
          </exception> <!-- java.lang.NullPointerException -->
          <reporter-output>
          </reporter-output>
        </test-method> <!-- runScenario -->
        <test-method signature="runScenario(io.cucumber.testng.PickleWrapper,io.cucumber.testng.FeatureWrapper)[pri:0, instance:runner.TestRunner@d4602a]" started-at="2024-04-29T10:22:57 PDT" name="runScenario" description="Runs Cucumber Scenarios" data-provider="scenarios" finished-at="2024-04-29T10:22:58 PDT" duration-ms="1134" status="FAIL">
          <params>
            <param index="0">
              <value>
                <![CDATA["Sort user by name"]]>
              </value>
            </param>
            <param index="1">
              <value>
                <![CDATA["Sort user"]]>
              </value>
            </param>
          </params>
          <exception class="java.lang.NullPointerException">
            <message>
              <![CDATA[Cannot invoke "pageObjects.ManageProgramPage.clickUserButton()" because "this.manageProgramPage" is null]]>
            </message>
            <full-stacktrace>
              <![CDATA[java.lang.NullPointerException: Cannot invoke "pageObjects.ManageProgramPage.clickUserButton()" because "this.manageProgramPage" is null
at stepDefinitions.SortUser_SD.admin_is_on_manage_user_page(SortUser_SD.java:45)
at ✽.Admin is on Manage User Page(file:///C:/Users/chand/git/LMS-Hackathon-Team-15/src/test/resources/Features/D_UserModule/UserSorting.feature:12)
]]>
            </full-stacktrace>
          </exception> <!-- java.lang.NullPointerException -->
          <reporter-output>
          </reporter-output>
        </test-method> <!-- runScenario -->
        <test-method signature="runScenario(io.cucumber.testng.PickleWrapper,io.cucumber.testng.FeatureWrapper)[pri:0, instance:runner.TestRunner@d4602a]" started-at="2024-04-29T10:22:58 PDT" name="runScenario" description="Runs Cucumber Scenarios" data-provider="scenarios" finished-at="2024-04-29T10:22:59 PDT" duration-ms="1184" status="FAIL">
          <params>
            <param index="0">
              <value>
                <![CDATA["Sort user by Location"]]>
              </value>
            </param>
            <param index="1">
              <value>
                <![CDATA["Sort user"]]>
              </value>
            </param>
          </params>
          <exception class="java.lang.NullPointerException">
            <message>
              <![CDATA[Cannot invoke "pageObjects.ManageProgramPage.clickUserButton()" because "this.manageProgramPage" is null]]>
            </message>
            <full-stacktrace>
              <![CDATA[java.lang.NullPointerException: Cannot invoke "pageObjects.ManageProgramPage.clickUserButton()" because "this.manageProgramPage" is null
at stepDefinitions.SortUser_SD.admin_is_on_manage_user_page(SortUser_SD.java:45)
at ✽.Admin is on Manage User Page(file:///C:/Users/chand/git/LMS-Hackathon-Team-15/src/test/resources/Features/D_UserModule/UserSorting.feature:17)
]]>
            </full-stacktrace>
          </exception> <!-- java.lang.NullPointerException -->
          <reporter-output>
          </reporter-output>
        </test-method> <!-- runScenario -->
        <test-method signature="runScenario(io.cucumber.testng.PickleWrapper,io.cucumber.testng.FeatureWrapper)[pri:0, instance:runner.TestRunner@d4602a]" started-at="2024-04-29T10:22:59 PDT" name="runScenario" description="Runs Cucumber Scenarios" data-provider="scenarios" finished-at="2024-04-29T10:23:00 PDT" duration-ms="1202" status="FAIL">
          <params>
            <param index="0">
              <value>
                <![CDATA["Sort user by Phone number"]]>
              </value>
            </param>
            <param index="1">
              <value>
                <![CDATA["Sort user"]]>
              </value>
            </param>
          </params>
          <exception class="java.lang.NullPointerException">
            <message>
              <![CDATA[Cannot invoke "pageObjects.ManageProgramPage.clickUserButton()" because "this.manageProgramPage" is null]]>
            </message>
            <full-stacktrace>
              <![CDATA[java.lang.NullPointerException: Cannot invoke "pageObjects.ManageProgramPage.clickUserButton()" because "this.manageProgramPage" is null
at stepDefinitions.SortUser_SD.admin_is_on_manage_user_page(SortUser_SD.java:45)
at ✽.Admin is on Manage User Page(file:///C:/Users/chand/git/LMS-Hackathon-Team-15/src/test/resources/Features/D_UserModule/UserSorting.feature:22)
]]>
            </full-stacktrace>
          </exception> <!-- java.lang.NullPointerException -->
          <reporter-output>
          </reporter-output>
        </test-method> <!-- runScenario -->
        <test-method is-config="true" signature="tearDownClass()[pri:0, instance:runner.TestRunner@d4602a]" started-at="2024-04-29T10:23:00 PDT" name="tearDownClass" finished-at="2024-04-29T10:23:04 PDT" duration-ms="3144" status="PASS">
          <reporter-output>
          </reporter-output>
        </test-method> <!-- tearDownClass -->
      </class> <!-- runner.TestRunner -->
    </test> <!-- Default test -->
  </suite> <!-- Default suite -->
</testng-results>
