<?xml version="1.0" encoding="UTF-8"?>
<testng-results ignored="0" total="0" passed="0" failed="0" skipped="0">
  <reporter-output>
  </reporter-output>
  <suite started-at="2024-05-02T10:34:20 EDT" name="Default suite" finished-at="2024-05-02T10:34:23 EDT" duration-ms="2756">
    <groups>
      <group name="cucumber">
        <method signature="AbstractTestNGCucumberTests.runScenario(io.cucumber.testng.PickleWrapper,io.cucumber.testng.FeatureWrapper)[pri:0, instance:runner.TestRunner@1d81e101]" name="runScenario" class="io.cucumber.testng.AbstractTestNGCucumberTests"/>
      </group> <!-- cucumber -->
    </groups>
    <test started-at="2024-05-02T10:34:20 EDT" name="Default test" finished-at="2024-05-02T10:34:23 EDT" duration-ms="2756">
      <class name="runner.TestRunner">
        <test-method is-config="true" signature="browserType(java.lang.String)[pri:0, instance:runner.TestRunner@1d81e101]" started-at="2024-05-02T10:34:20 EDT" name="browserType" finished-at="2024-05-02T10:34:20 EDT" duration-ms="16" status="PASS">
          <params>
            <param index="0">
              <value>
                <![CDATA[chrome]]>
              </value>
            </param>
          </params>
          <reporter-output>
          </reporter-output>
        </test-method> <!-- browserType -->
        <test-method is-config="true" signature="setUpClass(org.testng.ITestContext)[pri:0, instance:runner.TestRunner@1d81e101]" started-at="2024-05-02T10:34:20 EDT" name="setUpClass" finished-at="2024-05-02T10:34:21 EDT" duration-ms="732" status="PASS">
          <params>
            <param index="0">
              <value>
                <![CDATA[org.testng.TestRunner@22048bd6]]>
              </value>
            </param>
          </params>
          <reporter-output>
          </reporter-output>
        </test-method> <!-- setUpClass -->
        <test-method is-config="true" signature="tearDownClass()[pri:0, instance:runner.TestRunner@1d81e101]" started-at="2024-05-02T10:34:21 EDT" name="tearDownClass" finished-at="2024-05-02T10:34:23 EDT" duration-ms="1971" status="PASS">
          <reporter-output>
          </reporter-output>
        </test-method> <!-- tearDownClass -->
      </class> <!-- runner.TestRunner -->
    </test> <!-- Default test -->
  </suite> <!-- Default suite -->
</testng-results>
