<?xml version="1.0" encoding="UTF-8"?>
<testng-results ignored="0" total="38" passed="35" failed="3" skipped="0">
  <reporter-output>
  </reporter-output>
  <suite started-at="2024-04-29T18:45:51 PDT" name="Default suite" finished-at="2024-04-29T18:48:04 PDT" duration-ms="132383">
    <groups>
      <group name="cucumber">
        <method signature="AbstractTestNGCucumberTests.runScenario(io.cucumber.testng.PickleWrapper,io.cucumber.testng.FeatureWrapper)[pri:0, instance:runner.TestRunner@43ed0ff3]" name="runScenario" class="io.cucumber.testng.AbstractTestNGCucumberTests"/>
      </group> <!-- cucumber -->
    </groups>
    <test started-at="2024-04-29T18:45:51 PDT" name="Default test" finished-at="2024-04-29T18:48:04 PDT" duration-ms="132383">
      <class name="runner.TestRunner">
        <test-method is-config="true" signature="setUpClass(org.testng.ITestContext)[pri:0, instance:runner.TestRunner@43ed0ff3]" started-at="2024-04-29T18:45:51 PDT" name="setUpClass" finished-at="2024-04-29T18:45:52 PDT" duration-ms="352" status="PASS">
          <params>
            <param index="0">
              <value>
                <![CDATA[org.testng.TestRunner@2182ebc7]]>
              </value>
            </param>
          </params>
          <reporter-output>
          </reporter-output>
        </test-method> <!-- setUpClass -->
        <test-method signature="runScenario(io.cucumber.testng.PickleWrapper,io.cucumber.testng.FeatureWrapper)[pri:0, instance:runner.TestRunner@43ed0ff3]" started-at="2024-04-29T18:45:52 PDT" name="runScenario" description="Runs Cucumber Scenarios" data-provider="scenarios" finished-at="2024-04-29T18:45:55 PDT" duration-ms="3159" status="PASS">
          <params>
            <param index="0">
              <value>
                <![CDATA["Successfull login with valid credentials"]]>
              </value>
            </param>
            <param index="1">
              <value>
                <![CDATA["Admin login to the application with valid data"]]>
              </value>
            </param>
          </params>
          <reporter-output>
          </reporter-output>
        </test-method> <!-- runScenario -->
        <test-method signature="runScenario(io.cucumber.testng.PickleWrapper,io.cucumber.testng.FeatureWrapper)[pri:0, instance:runner.TestRunner@43ed0ff3]" started-at="2024-04-29T18:45:55 PDT" name="runScenario" description="Runs Cucumber Scenarios" data-provider="scenarios" finished-at="2024-04-29T18:45:55 PDT" duration-ms="431" status="PASS">
          <params>
            <param index="0">
              <value>
                <![CDATA["Successful logout"]]>
              </value>
            </param>
            <param index="1">
              <value>
                <![CDATA["Admin login to the application with valid data"]]>
              </value>
            </param>
          </params>
          <reporter-output>
          </reporter-output>
        </test-method> <!-- runScenario -->
        <test-method signature="runScenario(io.cucumber.testng.PickleWrapper,io.cucumber.testng.FeatureWrapper)[pri:0, instance:runner.TestRunner@43ed0ff3]" started-at="2024-04-29T18:45:55 PDT" name="runScenario" description="Runs Cucumber Scenarios" data-provider="scenarios" finished-at="2024-04-29T18:45:55 PDT" duration-ms="14" status="PASS">
          <params>
            <param index="0">
              <value>
                <![CDATA["Title of your scenario"]]>
              </value>
            </param>
            <param index="1">
              <value>
                <![CDATA["Title of your feature"]]>
              </value>
            </param>
          </params>
          <reporter-output>
          </reporter-output>
        </test-method> <!-- runScenario -->
        <test-method signature="runScenario(io.cucumber.testng.PickleWrapper,io.cucumber.testng.FeatureWrapper)[pri:0, instance:runner.TestRunner@43ed0ff3]" started-at="2024-04-29T18:45:55 PDT" name="runScenario" description="Runs Cucumber Scenarios" data-provider="scenarios" finished-at="2024-04-29T18:45:56 PDT" duration-ms="730" status="PASS">
          <params>
            <param index="0">
              <value>
                <![CDATA["Validate landing in Program Page"]]>
              </value>
            </param>
            <param index="1">
              <value>
                <![CDATA["Manage Program Validation"]]>
              </value>
            </param>
          </params>
          <reporter-output>
          </reporter-output>
        </test-method> <!-- runScenario -->
        <test-method signature="runScenario(io.cucumber.testng.PickleWrapper,io.cucumber.testng.FeatureWrapper)[pri:0, instance:runner.TestRunner@43ed0ff3]" started-at="2024-04-29T18:45:56 PDT" name="runScenario" description="Runs Cucumber Scenarios" data-provider="scenarios" finished-at="2024-04-29T18:45:57 PDT" duration-ms="731" status="PASS">
          <params>
            <param index="0">
              <value>
                <![CDATA["Validate the heading"]]>
              </value>
            </param>
            <param index="1">
              <value>
                <![CDATA["Manage Program Validation"]]>
              </value>
            </param>
          </params>
          <reporter-output>
          </reporter-output>
        </test-method> <!-- runScenario -->
        <test-method signature="runScenario(io.cucumber.testng.PickleWrapper,io.cucumber.testng.FeatureWrapper)[pri:0, instance:runner.TestRunner@43ed0ff3]" started-at="2024-04-29T18:45:57 PDT" name="runScenario" description="Runs Cucumber Scenarios" data-provider="scenarios" finished-at="2024-04-29T18:45:57 PDT" duration-ms="679" status="PASS">
          <params>
            <param index="0">
              <value>
                <![CDATA["Validate Add New Program"]]>
              </value>
            </param>
            <param index="1">
              <value>
                <![CDATA["Manage Program Validation"]]>
              </value>
            </param>
          </params>
          <reporter-output>
          </reporter-output>
        </test-method> <!-- runScenario -->
        <test-method signature="runScenario(io.cucumber.testng.PickleWrapper,io.cucumber.testng.FeatureWrapper)[pri:0, instance:runner.TestRunner@43ed0ff3]" started-at="2024-04-29T18:45:57 PDT" name="runScenario" description="Runs Cucumber Scenarios" data-provider="scenarios" finished-at="2024-04-29T18:45:58 PDT" duration-ms="704" status="PASS">
          <params>
            <param index="0">
              <value>
                <![CDATA["Verify Search bar on the Program page"]]>
              </value>
            </param>
            <param index="1">
              <value>
                <![CDATA["Manage Program Validation"]]>
              </value>
            </param>
          </params>
          <reporter-output>
          </reporter-output>
        </test-method> <!-- runScenario -->
        <test-method signature="runScenario(io.cucumber.testng.PickleWrapper,io.cucumber.testng.FeatureWrapper)[pri:0, instance:runner.TestRunner@43ed0ff3]" started-at="2024-04-29T18:45:58 PDT" name="runScenario" description="Runs Cucumber Scenarios" data-provider="scenarios" finished-at="2024-04-29T18:45:59 PDT" duration-ms="675" status="PASS">
          <params>
            <param index="0">
              <value>
                <![CDATA["Validating the default state of Delete button"]]>
              </value>
            </param>
            <param index="1">
              <value>
                <![CDATA["Manage Program Validation"]]>
              </value>
            </param>
          </params>
          <reporter-output>
          </reporter-output>
        </test-method> <!-- runScenario -->
        <test-method signature="runScenario(io.cucumber.testng.PickleWrapper,io.cucumber.testng.FeatureWrapper)[pri:0, instance:runner.TestRunner@43ed0ff3]" started-at="2024-04-29T18:45:59 PDT" name="runScenario" description="Runs Cucumber Scenarios" data-provider="scenarios" finished-at="2024-04-29T18:46:00 PDT" duration-ms="854" status="PASS">
          <params>
            <param index="0">
              <value>
                <![CDATA["Validate that number of records (rows of data in the table) displayed"]]>
              </value>
            </param>
            <param index="1">
              <value>
                <![CDATA["Manage Program Validation"]]>
              </value>
            </param>
          </params>
          <reporter-output>
          </reporter-output>
        </test-method> <!-- runScenario -->
        <test-method signature="runScenario(io.cucumber.testng.PickleWrapper,io.cucumber.testng.FeatureWrapper)[pri:0, instance:runner.TestRunner@43ed0ff3]" started-at="2024-04-29T18:46:00 PDT" name="runScenario" description="Runs Cucumber Scenarios" data-provider="scenarios" finished-at="2024-04-29T18:46:00 PDT" duration-ms="684" status="PASS">
          <params>
            <param index="0">
              <value>
                <![CDATA["Verify data table on the Program page"]]>
              </value>
            </param>
            <param index="1">
              <value>
                <![CDATA["Manage Program Validation"]]>
              </value>
            </param>
          </params>
          <reporter-output>
          </reporter-output>
        </test-method> <!-- runScenario -->
        <test-method signature="runScenario(io.cucumber.testng.PickleWrapper,io.cucumber.testng.FeatureWrapper)[pri:0, instance:runner.TestRunner@43ed0ff3]" started-at="2024-04-29T18:46:00 PDT" name="runScenario" description="Runs Cucumber Scenarios" data-provider="scenarios" finished-at="2024-04-29T18:46:03 PDT" duration-ms="2686" status="PASS">
          <params>
            <param index="0">
              <value>
                <![CDATA["Validate the text and pagination icon below the data table"]]>
              </value>
            </param>
            <param index="1">
              <value>
                <![CDATA["Manage Program Validation"]]>
              </value>
            </param>
          </params>
          <reporter-output>
          </reporter-output>
        </test-method> <!-- runScenario -->
        <test-method signature="runScenario(io.cucumber.testng.PickleWrapper,io.cucumber.testng.FeatureWrapper)[pri:0, instance:runner.TestRunner@43ed0ff3]" started-at="2024-04-29T18:46:03 PDT" name="runScenario" description="Runs Cucumber Scenarios" data-provider="scenarios" finished-at="2024-04-29T18:46:04 PDT" duration-ms="775" status="PASS">
          <params>
            <param index="0">
              <value>
                <![CDATA["Verify Sort arrow icon on the data table"]]>
              </value>
            </param>
            <param index="1">
              <value>
                <![CDATA["Manage Program Validation"]]>
              </value>
            </param>
          </params>
          <reporter-output>
          </reporter-output>
        </test-method> <!-- runScenario -->
        <test-method signature="runScenario(io.cucumber.testng.PickleWrapper,io.cucumber.testng.FeatureWrapper)[pri:0, instance:runner.TestRunner@43ed0ff3]" started-at="2024-04-29T18:46:04 PDT" name="runScenario" description="Runs Cucumber Scenarios" data-provider="scenarios" finished-at="2024-04-29T18:46:05 PDT" duration-ms="991" status="PASS">
          <params>
            <param index="0">
              <value>
                <![CDATA["Verify Check box on the data table"]]>
              </value>
            </param>
            <param index="1">
              <value>
                <![CDATA["Manage Program Validation"]]>
              </value>
            </param>
          </params>
          <reporter-output>
          </reporter-output>
        </test-method> <!-- runScenario -->
        <test-method signature="runScenario(io.cucumber.testng.PickleWrapper,io.cucumber.testng.FeatureWrapper)[pri:0, instance:runner.TestRunner@43ed0ff3]" started-at="2024-04-29T18:46:05 PDT" name="runScenario" description="Runs Cucumber Scenarios" data-provider="scenarios" finished-at="2024-04-29T18:46:06 PDT" duration-ms="1055" status="PASS">
          <params>
            <param index="0">
              <value>
                <![CDATA["Verify Edit and Delete buttons"]]>
              </value>
            </param>
            <param index="1">
              <value>
                <![CDATA["Manage Program Validation"]]>
              </value>
            </param>
          </params>
          <reporter-output>
          </reporter-output>
        </test-method> <!-- runScenario -->
        <test-method signature="runScenario(io.cucumber.testng.PickleWrapper,io.cucumber.testng.FeatureWrapper)[pri:0, instance:runner.TestRunner@43ed0ff3]" started-at="2024-04-29T18:46:06 PDT" name="runScenario" description="Runs Cucumber Scenarios" data-provider="scenarios" finished-at="2024-04-29T18:46:08 PDT" duration-ms="2519" status="PASS">
          <params>
            <param index="0">
              <value>
                <![CDATA["Validate the footer"]]>
              </value>
            </param>
            <param index="1">
              <value>
                <![CDATA["Manage Program Validation"]]>
              </value>
            </param>
          </params>
          <reporter-output>
          </reporter-output>
        </test-method> <!-- runScenario -->
        <test-method signature="runScenario(io.cucumber.testng.PickleWrapper,io.cucumber.testng.FeatureWrapper)[pri:0, instance:runner.TestRunner@43ed0ff3]" started-at="2024-04-29T18:46:08 PDT" name="runScenario" description="Runs Cucumber Scenarios" data-provider="scenarios" finished-at="2024-04-29T18:46:10 PDT" duration-ms="1336" status="PASS">
          <params>
            <param index="0">
              <value>
                <![CDATA["Validate Program Details Popup window"]]>
              </value>
            </param>
            <param index="1">
              <value>
                <![CDATA["Add a Program"]]>
              </value>
            </param>
          </params>
          <reporter-output>
          </reporter-output>
        </test-method> <!-- runScenario -->
        <test-method signature="runScenario(io.cucumber.testng.PickleWrapper,io.cucumber.testng.FeatureWrapper)[pri:0, instance:runner.TestRunner@43ed0ff3]" started-at="2024-04-29T18:46:10 PDT" name="runScenario" description="Runs Cucumber Scenarios" data-provider="scenarios" finished-at="2024-04-29T18:46:11 PDT" duration-ms="1302" status="PASS">
          <params>
            <param index="0">
              <value>
                <![CDATA["Validate input fields and their text boxes in Program details form"]]>
              </value>
            </param>
            <param index="1">
              <value>
                <![CDATA["Add a Program"]]>
              </value>
            </param>
          </params>
          <reporter-output>
          </reporter-output>
        </test-method> <!-- runScenario -->
        <test-method signature="runScenario(io.cucumber.testng.PickleWrapper,io.cucumber.testng.FeatureWrapper)[pri:0, instance:runner.TestRunner@43ed0ff3]" started-at="2024-04-29T18:46:11 PDT" name="runScenario" description="Runs Cucumber Scenarios" data-provider="scenarios" finished-at="2024-04-29T18:46:12 PDT" duration-ms="1320" status="PASS">
          <params>
            <param index="0">
              <value>
                <![CDATA["Validate radio button for Program Status"]]>
              </value>
            </param>
            <param index="1">
              <value>
                <![CDATA["Add a Program"]]>
              </value>
            </param>
          </params>
          <reporter-output>
          </reporter-output>
        </test-method> <!-- runScenario -->
        <test-method signature="runScenario(io.cucumber.testng.PickleWrapper,io.cucumber.testng.FeatureWrapper)[pri:0, instance:runner.TestRunner@43ed0ff3]" started-at="2024-04-29T18:46:12 PDT" name="runScenario" description="Runs Cucumber Scenarios" data-provider="scenarios" finished-at="2024-04-29T18:46:14 PDT" duration-ms="1499" status="PASS">
          <params>
            <param index="0">
              <value>
                <![CDATA["Empty form submission"]]>
              </value>
            </param>
            <param index="1">
              <value>
                <![CDATA["Add New Program Form Validation"]]>
              </value>
            </param>
          </params>
          <reporter-output>
          </reporter-output>
        </test-method> <!-- runScenario -->
        <test-method signature="runScenario(io.cucumber.testng.PickleWrapper,io.cucumber.testng.FeatureWrapper)[pri:0, instance:runner.TestRunner@43ed0ff3]" started-at="2024-04-29T18:46:14 PDT" name="runScenario" description="Runs Cucumber Scenarios" data-provider="scenarios" finished-at="2024-04-29T18:46:15 PDT" duration-ms="1599" status="PASS">
          <params>
            <param index="0">
              <value>
                <![CDATA["Enter only Program Name"]]>
              </value>
            </param>
            <param index="1">
              <value>
                <![CDATA["Add New Program Form Validation"]]>
              </value>
            </param>
          </params>
          <reporter-output>
          </reporter-output>
        </test-method> <!-- runScenario -->
        <test-method signature="runScenario(io.cucumber.testng.PickleWrapper,io.cucumber.testng.FeatureWrapper)[pri:0, instance:runner.TestRunner@43ed0ff3]" started-at="2024-04-29T18:46:15 PDT" name="runScenario" description="Runs Cucumber Scenarios" data-provider="scenarios" finished-at="2024-04-29T18:46:17 PDT" duration-ms="1587" status="PASS">
          <params>
            <param index="0">
              <value>
                <![CDATA["Enter only Program Name"]]>
              </value>
            </param>
            <param index="1">
              <value>
                <![CDATA["Add New Program Form Validation"]]>
              </value>
            </param>
          </params>
          <reporter-output>
          </reporter-output>
        </test-method> <!-- runScenario -->
        <test-method signature="runScenario(io.cucumber.testng.PickleWrapper,io.cucumber.testng.FeatureWrapper)[pri:0, instance:runner.TestRunner@43ed0ff3]" started-at="2024-04-29T18:46:17 PDT" name="runScenario" description="Runs Cucumber Scenarios" data-provider="scenarios" finished-at="2024-04-29T18:46:19 PDT" duration-ms="1603" status="PASS">
          <params>
            <param index="0">
              <value>
                <![CDATA["Enter only Program Name"]]>
              </value>
            </param>
            <param index="1">
              <value>
                <![CDATA["Add New Program Form Validation"]]>
              </value>
            </param>
          </params>
          <reporter-output>
          </reporter-output>
        </test-method> <!-- runScenario -->
        <test-method signature="runScenario(io.cucumber.testng.PickleWrapper,io.cucumber.testng.FeatureWrapper)[pri:0, instance:runner.TestRunner@43ed0ff3]" started-at="2024-04-29T18:46:19 PDT" name="runScenario" description="Runs Cucumber Scenarios" data-provider="scenarios" finished-at="2024-04-29T18:46:20 PDT" duration-ms="1670" status="PASS">
          <params>
            <param index="0">
              <value>
                <![CDATA["Enter only Program Description"]]>
              </value>
            </param>
            <param index="1">
              <value>
                <![CDATA["Add New Program Form Validation"]]>
              </value>
            </param>
          </params>
          <reporter-output>
          </reporter-output>
        </test-method> <!-- runScenario -->
        <test-method signature="runScenario(io.cucumber.testng.PickleWrapper,io.cucumber.testng.FeatureWrapper)[pri:0, instance:runner.TestRunner@43ed0ff3]" started-at="2024-04-29T18:46:20 PDT" name="runScenario" description="Runs Cucumber Scenarios" data-provider="scenarios" finished-at="2024-04-29T18:46:22 PDT" duration-ms="1689" status="PASS">
          <params>
            <param index="0">
              <value>
                <![CDATA["Select Status only"]]>
              </value>
            </param>
            <param index="1">
              <value>
                <![CDATA["Add New Program Form Validation"]]>
              </value>
            </param>
          </params>
          <reporter-output>
          </reporter-output>
        </test-method> <!-- runScenario -->
        <test-method signature="runScenario(io.cucumber.testng.PickleWrapper,io.cucumber.testng.FeatureWrapper)[pri:0, instance:runner.TestRunner@43ed0ff3]" started-at="2024-04-29T18:46:22 PDT" name="runScenario" description="Runs Cucumber Scenarios" data-provider="scenarios" finished-at="2024-04-29T18:46:23 PDT" duration-ms="1375" status="PASS">
          <params>
            <param index="0">
              <value>
                <![CDATA["Validate invalid values on the text column"]]>
              </value>
            </param>
            <param index="1">
              <value>
                <![CDATA["Add New Program Form Validation"]]>
              </value>
            </param>
          </params>
          <reporter-output>
          </reporter-output>
        </test-method> <!-- runScenario -->
        <test-method signature="runScenario(io.cucumber.testng.PickleWrapper,io.cucumber.testng.FeatureWrapper)[pri:0, instance:runner.TestRunner@43ed0ff3]" started-at="2024-04-29T18:46:23 PDT" name="runScenario" description="Runs Cucumber Scenarios" data-provider="scenarios" finished-at="2024-04-29T18:46:25 PDT" duration-ms="1706" status="PASS">
          <params>
            <param index="0">
              <value>
                <![CDATA["Validate invalid values on the text column"]]>
              </value>
            </param>
            <param index="1">
              <value>
                <![CDATA["Add New Program Form Validation"]]>
              </value>
            </param>
          </params>
          <reporter-output>
          </reporter-output>
        </test-method> <!-- runScenario -->
        <test-method signature="runScenario(io.cucumber.testng.PickleWrapper,io.cucumber.testng.FeatureWrapper)[pri:0, instance:runner.TestRunner@43ed0ff3]" started-at="2024-04-29T18:46:25 PDT" name="runScenario" description="Runs Cucumber Scenarios" data-provider="scenarios" finished-at="2024-04-29T18:46:42 PDT" duration-ms="16646" status="PASS">
          <params>
            <param index="0">
              <value>
                <![CDATA["Validate Cancel or Close icon on Program Details form"]]>
              </value>
            </param>
            <param index="1">
              <value>
                <![CDATA["Add New Program Form Validation"]]>
              </value>
            </param>
          </params>
          <reporter-output>
          </reporter-output>
        </test-method> <!-- runScenario -->
        <test-method signature="runScenario(io.cucumber.testng.PickleWrapper,io.cucumber.testng.FeatureWrapper)[pri:0, instance:runner.TestRunner@43ed0ff3]" started-at="2024-04-29T18:46:42 PDT" name="runScenario" description="Runs Cucumber Scenarios" data-provider="scenarios" finished-at="2024-04-29T18:46:59 PDT" duration-ms="17659" status="PASS">
          <params>
            <param index="0">
              <value>
                <![CDATA["Validate Cancel button on Program Details form"]]>
              </value>
            </param>
            <param index="1">
              <value>
                <![CDATA["Add New Program Form Validation"]]>
              </value>
            </param>
          </params>
          <reporter-output>
          </reporter-output>
        </test-method> <!-- runScenario -->
        <test-method signature="runScenario(io.cucumber.testng.PickleWrapper,io.cucumber.testng.FeatureWrapper)[pri:0, instance:runner.TestRunner@43ed0ff3]" started-at="2024-04-29T18:46:59 PDT" name="runScenario" description="Runs Cucumber Scenarios" data-provider="scenarios" finished-at="2024-04-29T18:47:02 PDT" duration-ms="3092" status="FAIL">
          <params>
            <param index="0">
              <value>
                <![CDATA["Validate Save button on Program Details form"]]>
              </value>
            </param>
            <param index="1">
              <value>
                <![CDATA["Add New Program Form Validation"]]>
              </value>
            </param>
          </params>
          <exception class="java.lang.AssertionError">
            <message>
              <![CDATA[expected [true] but found [false]]]>
            </message>
            <full-stacktrace>
              <![CDATA[java.lang.AssertionError: expected [true] but found [false]
at org.testng.Assert.fail(Assert.java:110)
at org.testng.Assert.failNotEquals(Assert.java:1577)
at org.testng.Assert.assertTrue(Assert.java:56)
at org.testng.Assert.assertTrue(Assert.java:66)
at pageObjects.ManageProgramPage.VerifySucessfullPopUp(ManageProgramPage.java:144)
at stepDefinitions.ManageProgramPage_SD.admin_gets_a_message_successful_program_created_alert_and_able_to_see_the_new_program_added_in_the_data_table_for_and(ManageProgramPage_SD.java:341)
at ✽.Admin gets a message Successful Program Created alert and able to see the new program added in the data table for "sheet1" and 0(file:///C:/Users/kundu/git/LMS-Hackathon-Team-15/src/test/resources/Features/C_ProgramModule/003_AddNewProgramForm.feature:62)
]]>
            </full-stacktrace>
          </exception> <!-- java.lang.AssertionError -->
          <reporter-output>
          </reporter-output>
        </test-method> <!-- runScenario -->
        <test-method signature="runScenario(io.cucumber.testng.PickleWrapper,io.cucumber.testng.FeatureWrapper)[pri:0, instance:runner.TestRunner@43ed0ff3]" started-at="2024-04-29T18:47:02 PDT" name="runScenario" description="Runs Cucumber Scenarios" data-provider="scenarios" finished-at="2024-04-29T18:47:04 PDT" duration-ms="1549" status="PASS">
          <params>
            <param index="0">
              <value>
                <![CDATA["Edit Program Name"]]>
              </value>
            </param>
            <param index="1">
              <value>
                <![CDATA["Edit Program Details"]]>
              </value>
            </param>
          </params>
          <reporter-output>
          </reporter-output>
        </test-method> <!-- runScenario -->
        <test-method signature="runScenario(io.cucumber.testng.PickleWrapper,io.cucumber.testng.FeatureWrapper)[pri:0, instance:runner.TestRunner@43ed0ff3]" started-at="2024-04-29T18:47:04 PDT" name="runScenario" description="Runs Cucumber Scenarios" data-provider="scenarios" finished-at="2024-04-29T18:47:06 PDT" duration-ms="2020" status="PASS">
          <params>
            <param index="0">
              <value>
                <![CDATA["Edit Program description"]]>
              </value>
            </param>
            <param index="1">
              <value>
                <![CDATA["Edit Program Details"]]>
              </value>
            </param>
          </params>
          <reporter-output>
          </reporter-output>
        </test-method> <!-- runScenario -->
        <test-method signature="runScenario(io.cucumber.testng.PickleWrapper,io.cucumber.testng.FeatureWrapper)[pri:0, instance:runner.TestRunner@43ed0ff3]" started-at="2024-04-29T18:47:06 PDT" name="runScenario" description="Runs Cucumber Scenarios" data-provider="scenarios" finished-at="2024-04-29T18:47:07 PDT" duration-ms="1353" status="PASS">
          <params>
            <param index="0">
              <value>
                <![CDATA["Validate invalid values on the text column"]]>
              </value>
            </param>
            <param index="1">
              <value>
                <![CDATA["Edit Program Details"]]>
              </value>
            </param>
          </params>
          <reporter-output>
          </reporter-output>
        </test-method> <!-- runScenario -->
        <test-method signature="runScenario(io.cucumber.testng.PickleWrapper,io.cucumber.testng.FeatureWrapper)[pri:0, instance:runner.TestRunner@43ed0ff3]" started-at="2024-04-29T18:47:07 PDT" name="runScenario" description="Runs Cucumber Scenarios" data-provider="scenarios" finished-at="2024-04-29T18:47:09 PDT" duration-ms="1847" status="PASS">
          <params>
            <param index="0">
              <value>
                <![CDATA["Validate invalid values on the text column"]]>
              </value>
            </param>
            <param index="1">
              <value>
                <![CDATA["Edit Program Details"]]>
              </value>
            </param>
          </params>
          <reporter-output>
          </reporter-output>
        </test-method> <!-- runScenario -->
        <test-method signature="runScenario(io.cucumber.testng.PickleWrapper,io.cucumber.testng.FeatureWrapper)[pri:0, instance:runner.TestRunner@43ed0ff3]" started-at="2024-04-29T18:47:09 PDT" name="runScenario" description="Runs Cucumber Scenarios" data-provider="scenarios" finished-at="2024-04-29T18:47:12 PDT" duration-ms="2299" status="PASS">
          <params>
            <param index="0">
              <value>
                <![CDATA["Change Program Status"]]>
              </value>
            </param>
            <param index="1">
              <value>
                <![CDATA["Edit Program Details"]]>
              </value>
            </param>
          </params>
          <reporter-output>
          </reporter-output>
        </test-method> <!-- runScenario -->
        <test-method signature="runScenario(io.cucumber.testng.PickleWrapper,io.cucumber.testng.FeatureWrapper)[pri:0, instance:runner.TestRunner@43ed0ff3]" started-at="2024-04-29T18:47:12 PDT" name="runScenario" description="Runs Cucumber Scenarios" data-provider="scenarios" finished-at="2024-04-29T18:47:23 PDT" duration-ms="11802" status="FAIL">
          <params>
            <param index="0">
              <value>
                <![CDATA["Validate Cancel button on Edit popup"]]>
              </value>
            </param>
            <param index="1">
              <value>
                <![CDATA["Edit Program Details"]]>
              </value>
            </param>
          </params>
          <exception class="org.openqa.selenium.TimeoutException">
            <message>
              <![CDATA[Expected condition failed: waiting for invisibility of [[ChromeDriver: chrome on windows (c74d490c938529777eb652f48d2c69d0)] -> xpath: //p-dialog/div/div/div/span[contains(text(),'Program Details')]] (tried for 10 second(s) with 500 milliseconds interval)
Build info: version: '4.19.1', revision: 'abe0ee07dc'
System info: os.name: 'Windows 11', os.arch: 'amd64', os.version: '10.0', java.version: '18.0.2.1'
Driver info: org.openqa.selenium.chrome.ChromeDriver
Capabilities {acceptInsecureCerts: false, browserName: chrome, browserVersion: 124.0.6367.63, chrome: {chromedriverVersion: 124.0.6367.91 (51df0e5e17a8..., userDataDir: C:\Users\kundu\AppData\Loca...}, fedcm:accounts: true, goog:chromeOptions: {debuggerAddress: localhost:59184}, networkConnectionEnabled: false, pageLoadStrategy: normal, platformName: windows, proxy: Proxy(), se:cdp: ws://localhost:59184/devtoo..., se:cdpVersion: 124.0.6367.63, setWindowRect: true, strictFileInteractability: false, timeouts: {implicit: 0, pageLoad: 300000, script: 30000}, unhandledPromptBehavior: dismiss and notify, webauthn:extension:credBlob: true, webauthn:extension:largeBlob: true, webauthn:extension:minPinLength: true, webauthn:extension:prf: true, webauthn:virtualAuthenticators: true}
Session ID: c74d490c938529777eb652f48d2c69d0]]>
            </message>
            <full-stacktrace>
              <![CDATA[org.openqa.selenium.TimeoutException: Expected condition failed: waiting for invisibility of [[ChromeDriver: chrome on windows (c74d490c938529777eb652f48d2c69d0)] -> xpath: //p-dialog/div/div/div/span[contains(text(),'Program Details')]] (tried for 10 second(s) with 500 milliseconds interval)
Build info: version: '4.19.1', revision: 'abe0ee07dc'
System info: os.name: 'Windows 11', os.arch: 'amd64', os.version: '10.0', java.version: '18.0.2.1'
Driver info: org.openqa.selenium.chrome.ChromeDriver
Capabilities {acceptInsecureCerts: false, browserName: chrome, browserVersion: 124.0.6367.63, chrome: {chromedriverVersion: 124.0.6367.91 (51df0e5e17a8..., userDataDir: C:\Users\kundu\AppData\Loca...}, fedcm:accounts: true, goog:chromeOptions: {debuggerAddress: localhost:59184}, networkConnectionEnabled: false, pageLoadStrategy: normal, platformName: windows, proxy: Proxy(), se:cdp: ws://localhost:59184/devtoo..., se:cdpVersion: 124.0.6367.63, setWindowRect: true, strictFileInteractability: false, timeouts: {implicit: 0, pageLoad: 300000, script: 30000}, unhandledPromptBehavior: dismiss and notify, webauthn:extension:credBlob: true, webauthn:extension:largeBlob: true, webauthn:extension:minPinLength: true, webauthn:extension:prf: true, webauthn:virtualAuthenticators: true}
Session ID: c74d490c938529777eb652f48d2c69d0
at org.openqa.selenium.support.ui.WebDriverWait.timeoutException(WebDriverWait.java:84)
at org.openqa.selenium.support.ui.FluentWait.until(FluentWait.java:228)
at commonUtilities.CommonUtils.waitForElementToBeInVisible(CommonUtils.java:113)
at stepDefinitions.ManageProgramPage_SD.admin_can_see_the_program_details_popup_disappears_and_can_see_nothing_changed_for_particular_program(ManageProgramPage_SD.java:455)
at ✽.Admin can see the Program details popup disappears and can see nothing changed for particular program(file:///C:/Users/kundu/git/LMS-Hackathon-Team-15/src/test/resources/Features/C_ProgramModule/004_EditProgramDetails.feature:45)
]]>
            </full-stacktrace>
          </exception> <!-- org.openqa.selenium.TimeoutException -->
          <reporter-output>
          </reporter-output>
        </test-method> <!-- runScenario -->
        <test-method signature="runScenario(io.cucumber.testng.PickleWrapper,io.cucumber.testng.FeatureWrapper)[pri:0, instance:runner.TestRunner@43ed0ff3]" started-at="2024-04-29T18:47:23 PDT" name="runScenario" description="Runs Cucumber Scenarios" data-provider="scenarios" finished-at="2024-04-29T18:47:24 PDT" duration-ms="1099" status="PASS">
          <params>
            <param index="0">
              <value>
                <![CDATA["Delete Program"]]>
              </value>
            </param>
            <param index="1">
              <value>
                <![CDATA["Add New Program Dummy"]]>
              </value>
            </param>
          </params>
          <reporter-output>
          </reporter-output>
        </test-method> <!-- runScenario -->
        <test-method signature="runScenario(io.cucumber.testng.PickleWrapper,io.cucumber.testng.FeatureWrapper)[pri:0, instance:runner.TestRunner@43ed0ff3]" started-at="2024-04-29T18:47:24 PDT" name="runScenario" description="Runs Cucumber Scenarios" data-provider="scenarios" finished-at="2024-04-29T18:47:43 PDT" duration-ms="18546" status="PASS">
          <params>
            <param index="0">
              <value>
                <![CDATA["Click Yes on deletion window"]]>
              </value>
            </param>
            <param index="1">
              <value>
                <![CDATA["Add New Program Dummy"]]>
              </value>
            </param>
          </params>
          <reporter-output>
          </reporter-output>
        </test-method> <!-- runScenario -->
        <test-method signature="runScenario(io.cucumber.testng.PickleWrapper,io.cucumber.testng.FeatureWrapper)[pri:0, instance:runner.TestRunner@43ed0ff3]" started-at="2024-04-29T18:47:43 PDT" name="runScenario" description="Runs Cucumber Scenarios" data-provider="scenarios" finished-at="2024-04-29T18:48:01 PDT" duration-ms="18115" status="FAIL">
          <params>
            <param index="0">
              <value>
                <![CDATA["Delete a specific Program"]]>
              </value>
            </param>
            <param index="1">
              <value>
                <![CDATA["Add New Program Dummy"]]>
              </value>
            </param>
          </params>
          <exception class="java.lang.NullPointerException">
            <message>
              <![CDATA[Cannot invoke "org.openqa.selenium.WebElement.findElements(org.openqa.selenium.By)" because "row" is null]]>
            </message>
            <full-stacktrace>
              <![CDATA[java.lang.NullPointerException: Cannot invoke "org.openqa.selenium.WebElement.findElements(org.openqa.selenium.By)" because "row" is null
at pageObjects.ManageProgramPage.getCell(ManageProgramPage.java:127)
at stepDefinitions.ManageProgramPage_SD.admin_find_a_specific_program_from_and_clicks_delete_button_on_the_data_table_for_the_specific_row(ManageProgramPage_SD.java:499)
at ✽.Admin find a specific program from "sheet1" and clicks <Delete> button on the data table for the specific row 0(file:///C:/Users/kundu/git/LMS-Hackathon-Team-15/src/test/resources/Features/C_ProgramModule/005_DeleteProgram.feature:22)
]]>
            </full-stacktrace>
          </exception> <!-- java.lang.NullPointerException -->
          <reporter-output>
          </reporter-output>
        </test-method> <!-- runScenario -->
        <test-method is-config="true" signature="tearDownClass()[pri:0, instance:runner.TestRunner@43ed0ff3]" started-at="2024-04-29T18:48:01 PDT" name="tearDownClass" finished-at="2024-04-29T18:48:04 PDT" duration-ms="2481" status="PASS">
          <reporter-output>
          </reporter-output>
        </test-method> <!-- tearDownClass -->
      </class> <!-- runner.TestRunner -->
    </test> <!-- Default test -->
  </suite> <!-- Default suite -->
</testng-results>
