<?xml version="1.0" encoding="UTF-8"?>
<testng-results ignored="0" total="1" passed="0" failed="1" skipped="0">
  <reporter-output>
  </reporter-output>
  <suite started-at="2024-04-30T20:58:57 EDT" name="Default suite" finished-at="2024-04-30T20:59:11 EDT" duration-ms="14118">
    <groups>
      <group name="cucumber">
        <method signature="AbstractTestNGCucumberTests.runScenario(io.cucumber.testng.PickleWrapper,io.cucumber.testng.FeatureWrapper)[pri:0, instance:runner.TestRunner@3003697]" name="runScenario" class="io.cucumber.testng.AbstractTestNGCucumberTests"/>
      </group> <!-- cucumber -->
    </groups>
    <test started-at="2024-04-30T20:58:57 EDT" name="Default test" finished-at="2024-04-30T20:59:11 EDT" duration-ms="14118">
      <class name="runner.TestRunner">
        <test-method is-config="true" signature="browserType(java.lang.String)[pri:0, instance:runner.TestRunner@3003697]" started-at="2024-04-30T20:58:57 EDT" name="browserType" finished-at="2024-04-30T20:58:57 EDT" duration-ms="16" status="PASS">
          <params>
            <param index="0">
              <value>
                <![CDATA[chrome]]>
              </value>
            </param>
          </params>
          <reporter-output>
          </reporter-output>
        </test-method> <!-- browserType -->
        <test-method is-config="true" signature="setUpClass(org.testng.ITestContext)[pri:0, instance:runner.TestRunner@3003697]" started-at="2024-04-30T20:58:57 EDT" name="setUpClass" finished-at="2024-04-30T20:58:58 EDT" duration-ms="498" status="PASS">
          <params>
            <param index="0">
              <value>
                <![CDATA[org.testng.TestRunner@11d1735e]]>
              </value>
            </param>
          </params>
          <reporter-output>
          </reporter-output>
        </test-method> <!-- setUpClass -->
        <test-method signature="runScenario(io.cucumber.testng.PickleWrapper,io.cucumber.testng.FeatureWrapper)[pri:0, instance:runner.TestRunner@3003697]" started-at="2024-04-30T20:58:58 EDT" name="runScenario" description="Runs Cucumber Scenarios" data-provider="scenarios" finished-at="2024-04-30T20:59:10 EDT" duration-ms="12060" status="FAIL">
          <params>
            <param index="0">
              <value>
                <![CDATA["Admin adds a new Batch with mandatory fields with valid data"]]>
              </value>
            </param>
            <param index="1">
              <value>
                <![CDATA["Add new batch"]]>
              </value>
            </param>
          </params>
          <exception class="java.lang.AssertionError">
            <message>
              <![CDATA[Actual message does not contain expected message expected [true] but found [false]]]>
            </message>
            <full-stacktrace>
              <![CDATA[java.lang.AssertionError: Actual message does not contain expected message expected [true] but found [false]
at org.testng.Assert.fail(Assert.java:110)
at org.testng.Assert.failNotEquals(Assert.java:1577)
at org.testng.Assert.assertTrue(Assert.java:56)
at commonUtilities.CommonUtils.getAssertionEqualsCheck(CommonUtils.java:43)
at pageObjects.BatchPage.verifySuccessMessage(BatchPage.java:347)
at stepDefinitions.AddNewBatch_SD.admin_should_see_the_successfull_message(AddNewBatch_SD.java:111)
at ✽.Admin should see the Successfull message(file:///C:/Users/subas/EclipseLMSPractice/Team15_SeleniumTribe_LMSUIHackathon_Apr24/src/test/resources/Features/D_BatchModule/02_AddNewbatch.feature:47)
]]>
            </full-stacktrace>
          </exception> <!-- java.lang.AssertionError -->
          <reporter-output>
          </reporter-output>
        </test-method> <!-- runScenario -->
        <test-method is-config="true" signature="tearDownClass()[pri:0, instance:runner.TestRunner@3003697]" started-at="2024-04-30T20:59:10 EDT" name="tearDownClass" finished-at="2024-04-30T20:59:11 EDT" duration-ms="1336" status="PASS">
          <reporter-output>
          </reporter-output>
        </test-method> <!-- tearDownClass -->
      </class> <!-- runner.TestRunner -->
    </test> <!-- Default test -->
  </suite> <!-- Default suite -->
</testng-results>
