<?xml version="1.0" encoding="UTF-8"?>
<!-- Generated by org.testng.reporters.JUnitReportReporter -->
<testsuite hostname="suba-pc" failures="1" tests="1" name="runner.TestRunner" time="12.060" errors="0" timestamp="2024-04-30T20:59:11 EDT" skipped="0">
  <testcase classname="runner.TestRunner" name="runScenario" time="12.060">
    <failure message="Actual message does not contain expected message expected [true] but found [false]" type="java.lang.AssertionError">
      <![CDATA[java.lang.AssertionError: Actual message does not contain expected message expected [true] but found [false]
at org.testng.Assert.fail(Assert.java:110)
at org.testng.Assert.failNotEquals(Assert.java:1577)
at org.testng.Assert.assertTrue(Assert.java:56)
at commonUtilities.CommonUtils.getAssertionEqualsCheck(CommonUtils.java:43)
at pageObjects.BatchPage.verifySuccessMessage(BatchPage.java:347)
at stepDefinitions.AddNewBatch_SD.admin_should_see_the_successfull_message(AddNewBatch_SD.java:111)
at ✽.Admin should see the Successfull message(file:///C:/Users/subas/EclipseLMSPractice/Team15_SeleniumTribe_LMSUIHackathon_Apr24/src/test/resources/Features/D_BatchModule/02_AddNewbatch.feature:47)
]]>
    </failure>
  </testcase> <!-- runScenario -->
  <system-out/>
</testsuite> <!-- runner.TestRunner -->
