<?xml version="1.0" encoding="UTF-8"?>
<!-- Generated by org.testng.reporters.JUnitReportReporter -->
<testsuite hostname="Tania" failures="0" tests="37" name="runner.TestRunner" time="100.626" errors="2" timestamp="2024-04-28T20:37:24 PDT" skipped="0">
  <testcase classname="runner.TestRunner" name="runScenario" time="1.605"/>
  <system-out/>
  <testcase classname="runner.TestRunner" name="runScenario" time="2.174">
    <error message="Cannot invoke &quot;java.lang.CharSequence.toString()&quot; because &quot;s&quot; is null" type="java.lang.NullPointerException">
      <![CDATA[java.lang.NullPointerException: Cannot invoke "java.lang.CharSequence.toString()" because "s" is null
at java.base/java.lang.String.contains(String.java:2850)
at pageObjects.ManageProgramPage.checkForTheAddedProgram(ManageProgramPage.java:81)
at stepDefinitions.ManageProgramPage_SD.admin_gets_a_message_successful_program_deleted_alert_and_able_to_see_that_program_deleted_in_the_data_table(ManageProgramPage_SD.java:496)
at âœ½.Admin gets a message Successful Program Deleted alert and able to see that program deleted in the data table(file:///C:/Users/kundu/git/LMS-Hackathon-Team-15/src/test/resources/Features/C_ProgramModule/AddProgramdummy.feature:13)
]]>
    </error>
  </testcase> <!-- runScenario -->
  <system-out/>
  <testcase classname="runner.TestRunner" name="runScenario" time="0.384"/>
  <system-out/>
  <testcase classname="runner.TestRunner" name="runScenario" time="0.727"/>
  <system-out/>
  <testcase classname="runner.TestRunner" name="runScenario" time="1.549"/>
  <system-out/>
  <testcase classname="runner.TestRunner" name="runScenario" time="1.020"/>
  <system-out/>
  <testcase classname="runner.TestRunner" name="runScenario" time="17.455"/>
  <system-out/>
  <testcase classname="runner.TestRunner" name="runScenario" time="1.731"/>
  <system-out/>
  <testcase classname="runner.TestRunner" name="runScenario" time="4.053"/>
  <system-out/>
  <testcase classname="runner.TestRunner" name="runScenario" time="0.737"/>
  <system-out/>
  <testcase classname="runner.TestRunner" name="runScenario" time="0.731"/>
  <system-out/>
  <testcase classname="runner.TestRunner" name="runScenario" time="1.564"/>
  <system-out/>
  <testcase classname="runner.TestRunner" name="runScenario" time="0.732"/>
  <system-out/>
  <testcase classname="runner.TestRunner" name="runScenario" time="2.682"/>
  <system-out/>
  <testcase classname="runner.TestRunner" name="runScenario" time="1.581"/>
  <system-out/>
  <testcase classname="runner.TestRunner" name="runScenario" time="1.251"/>
  <system-out/>
  <testcase classname="runner.TestRunner" name="runScenario" time="1.453"/>
  <system-out/>
  <testcase classname="runner.TestRunner" name="runScenario" time="3.843"/>
  <system-out/>
  <testcase classname="runner.TestRunner" name="runScenario" time="1.532"/>
  <system-out/>
  <testcase classname="runner.TestRunner" name="runScenario" time="1.600"/>
  <system-out/>
  <testcase classname="runner.TestRunner" name="runScenario" time="0.935"/>
  <system-out/>
  <testcase classname="runner.TestRunner" name="runScenario" time="1.435"/>
  <system-out/>
  <testcase classname="runner.TestRunner" name="runScenario" time="17.000"/>
  <system-out/>
  <testcase classname="runner.TestRunner" name="runScenario" time="16.853"/>
  <system-out/>
  <testcase classname="runner.TestRunner" name="runScenario" time="0.848"/>
  <system-out/>
  <testcase classname="runner.TestRunner" name="runScenario" time="1.251"/>
  <system-out/>
  <testcase classname="runner.TestRunner" name="runScenario" time="1.262">
    <error message="The step &#039;Admin clicks &lt;YES&gt; button on the alert&#039; is undefined.
You can implement this step using the snippet(s) below:

@When(&quot;Admin clicks &lt;YES&gt; button on the alert&quot;)
public void admin_clicks_yes_button_on_the_alert() {
    // Write code here that turns the phrase above into concrete actions
    throw new io.cucumber.java.PendingException();
}
" type="io.cucumber.testng.UndefinedStepException">
      <![CDATA[io.cucumber.testng.UndefinedStepException: The step 'Admin clicks <YES> button on the alert' is undefined.
You can implement this step using the snippet(s) below:

@When("Admin clicks <YES> button on the alert")
public void admin_clicks_yes_button_on_the_alert() {
    // Write code here that turns the phrase above into concrete actions
    throw new io.cucumber.java.PendingException();
}

at io.cucumber.core.runtime.TestCaseResultObserver.assertTestCasePassed(TestCaseResultObserver.java:69)
at io.cucumber.testng.TestCaseResultObserver.assertTestCasePassed(TestCaseResultObserver.java:23)
at io.cucumber.testng.TestNGCucumberRunner.lambda$runScenario$1(TestNGCucumberRunner.java:133)
at io.cucumber.core.runtime.CucumberExecutionContext.lambda$runTestCase$5(CucumberExecutionContext.java:136)
at io.cucumber.core.runtime.RethrowingThrowableCollector.executeAndThrow(RethrowingThrowableCollector.java:23)
at io.cucumber.core.runtime.CucumberExecutionContext.runTestCase(CucumberExecutionContext.java:136)
at io.cucumber.testng.TestNGCucumberRunner.runScenario(TestNGCucumberRunner.java:129)
at io.cucumber.testng.AbstractTestNGCucumberTests.runScenario(AbstractTestNGCucumberTests.java:35)
at java.base/jdk.internal.reflect.DirectMethodHandleAccessor.invoke(DirectMethodHandleAccessor.java:104)
at java.base/java.lang.reflect.Method.invoke(Method.java:577)
at org.testng.internal.invokers.MethodInvocationHelper.invokeMethod(MethodInvocationHelper.java:139)
at org.testng.internal.invokers.TestInvoker.invokeMethod(TestInvoker.java:677)
at org.testng.internal.invokers.TestInvoker.invokeTestMethod(TestInvoker.java:221)
at org.testng.internal.invokers.MethodRunner.runInSequence(MethodRunner.java:50)
at org.testng.internal.invokers.TestInvoker$MethodInvocationAgent.invoke(TestInvoker.java:969)
at org.testng.internal.invokers.TestInvoker.invokeTestMethods(TestInvoker.java:194)
at org.testng.internal.invokers.TestMethodWorker.invokeTestMethods(TestMethodWorker.java:148)
at org.testng.internal.invokers.TestMethodWorker.run(TestMethodWorker.java:128)
at java.base/java.util.ArrayList.forEach(ArrayList.java:1511)
at org.testng.TestRunner.privateRun(TestRunner.java:829)
at org.testng.TestRunner.run(TestRunner.java:602)
at org.testng.SuiteRunner.runTest(SuiteRunner.java:437)
at org.testng.SuiteRunner.runSequentially(SuiteRunner.java:431)
at org.testng.SuiteRunner.privateRun(SuiteRunner.java:391)
at org.testng.SuiteRunner.run(SuiteRunner.java:330)
at org.testng.SuiteRunnerWorker.runSuite(SuiteRunnerWorker.java:52)
at org.testng.SuiteRunnerWorker.run(SuiteRunnerWorker.java:95)
at org.testng.TestNG.runSuitesSequentially(TestNG.java:1256)
at org.testng.TestNG.runSuitesLocally(TestNG.java:1176)
at org.testng.TestNG.runSuites(TestNG.java:1099)
at org.testng.TestNG.run(TestNG.java:1067)
at org.testng.remote.AbstractRemoteTestNG.run(AbstractRemoteTestNG.java:115)
at org.testng.remote.RemoteTestNG.initAndRun(RemoteTestNG.java:251)
at org.testng.remote.RemoteTestNG.main(RemoteTestNG.java:77)
]]>
    </error>
  </testcase> <!-- runScenario -->
  <system-out/>
  <testcase classname="runner.TestRunner" name="runScenario" time="1.260"/>
  <system-out/>
  <testcase classname="runner.TestRunner" name="runScenario" time="1.280"/>
  <system-out/>
  <testcase classname="runner.TestRunner" name="runScenario" time="0.014"/>
  <system-out/>
  <testcase classname="runner.TestRunner" name="runScenario" time="2.223"/>
  <system-out/>
  <testcase classname="runner.TestRunner" name="runScenario" time="1.082"/>
  <system-out/>
  <testcase classname="runner.TestRunner" name="runScenario" time="2.035"/>
  <system-out/>
  <testcase classname="runner.TestRunner" name="runScenario" time="1.363"/>
  <system-out/>
  <testcase classname="runner.TestRunner" name="runScenario" time="0.865"/>
  <system-out/>
  <testcase classname="runner.TestRunner" name="runScenario" time="1.500"/>
  <system-out/>
  <testcase classname="runner.TestRunner" name="runScenario" time="1.016"/>
  <system-out/>
</testsuite> <!-- runner.TestRunner -->
